[0.773s] DEBUG:colcon:Command line arguments: ['/usr/bin/colcon', 'build', '--symlink-install']
[0.774s] DEBUG:colcon:Parsed command line arguments: Namespace(allow_overriding=[], ament_cmake_args=None, base_paths=['.'], build_base='build', catkin_cmake_args=None, catkin_skip_building_tests=False, cmake_args=None, cmake_clean_cache=False, cmake_clean_first=False, cmake_force_configure=False, cmake_target=None, cmake_target_skip_unavailable=False, continue_on_error=False, event_handlers=None, executor='parallel', ignore_user_meta=False, install_base='install', log_base=None, log_level=None, main=<bound method BuildVerb.main of <colcon_core.verb.build.BuildVerb object at 0x7fab7cf83a30>>, merge_install=False, metas=['./colcon.meta'], packages_above=None, packages_above_and_dependencies=None, packages_above_depth=None, packages_end=None, packages_ignore=None, packages_ignore_regex=None, packages_select=None, packages_select_build_failed=False, packages_select_by_dep=None, packages_select_regex=None, packages_select_test_failures=False, packages_skip=None, packages_skip_build_finished=False, packages_skip_by_dep=None, packages_skip_regex=None, packages_skip_test_passed=False, packages_skip_up_to=None, packages_start=None, packages_up_to=None, packages_up_to_regex=None, parallel_workers=4, paths=None, symlink_install=True, test_result_base=None, verb_extension=<colcon_core.verb.build.BuildVerb object at 0x7fab7cf83a30>, verb_name='build', verb_parser=<colcon_defaults.argument_parser.defaults.DefaultArgumentsDecorator object at 0x7fab7cf83fa0>)
[0.888s] Level 1:colcon.colcon_core.package_discovery:discover_packages(colcon_meta) check parameters
[0.889s] Level 1:colcon.colcon_core.package_discovery:discover_packages(recursive) check parameters
[0.889s] Level 1:colcon.colcon_core.package_discovery:discover_packages(ignore) check parameters
[0.889s] Level 1:colcon.colcon_core.package_discovery:discover_packages(path) check parameters
[0.889s] Level 1:colcon.colcon_core.package_discovery:discover_packages(colcon_meta) discover
[0.889s] Level 1:colcon.colcon_core.package_discovery:discover_packages(recursive) discover
[0.889s] INFO:colcon.colcon_core.package_discovery:Crawling recursively for packages in '/home/ashkreli/ros_orientation/lqr_spline/ros_sim'
[0.890s] Level 1:colcon.colcon_core.package_identification:_identify(.) by extensions ['ignore', 'ignore_ament_install']
[0.890s] Level 1:colcon.colcon_core.package_identification:_identify(.) by extension 'ignore'
[0.890s] Level 1:colcon.colcon_core.package_identification:_identify(.) by extension 'ignore_ament_install'
[0.890s] Level 1:colcon.colcon_core.package_identification:_identify(.) by extensions ['colcon_pkg']
[0.890s] Level 1:colcon.colcon_core.package_identification:_identify(.) by extension 'colcon_pkg'
[0.890s] Level 1:colcon.colcon_core.package_identification:_identify(.) by extensions ['colcon_meta']
[0.891s] Level 1:colcon.colcon_core.package_identification:_identify(.) by extension 'colcon_meta'
[0.891s] Level 1:colcon.colcon_core.package_identification:_identify(.) by extensions ['ros']
[0.891s] Level 1:colcon.colcon_core.package_identification:_identify(.) by extension 'ros'
[0.982s] Level 1:colcon.colcon_core.package_identification:_identify(.) by extensions ['cmake', 'python']
[0.982s] Level 1:colcon.colcon_core.package_identification:_identify(.) by extension 'cmake'
[0.983s] Level 1:colcon.colcon_core.package_identification:_identify(.) by extension 'python'
[0.983s] Level 1:colcon.colcon_core.package_identification:_identify(.) by extensions ['python_setup_py']
[0.983s] Level 1:colcon.colcon_core.package_identification:_identify(.) by extension 'python_setup_py'
[0.983s] Level 1:colcon.colcon_core.package_identification:_identify(build) by extensions ['ignore', 'ignore_ament_install']
[0.984s] Level 1:colcon.colcon_core.package_identification:_identify(build) by extension 'ignore'
[0.984s] Level 1:colcon.colcon_core.package_identification:_identify(build) ignored
[0.984s] Level 1:colcon.colcon_core.package_identification:_identify(install) by extensions ['ignore', 'ignore_ament_install']
[0.984s] Level 1:colcon.colcon_core.package_identification:_identify(install) by extension 'ignore'
[0.984s] Level 1:colcon.colcon_core.package_identification:_identify(install) ignored
[0.985s] Level 1:colcon.colcon_core.package_identification:_identify(log) by extensions ['ignore', 'ignore_ament_install']
[0.985s] Level 1:colcon.colcon_core.package_identification:_identify(log) by extension 'ignore'
[0.985s] Level 1:colcon.colcon_core.package_identification:_identify(log) ignored
[0.986s] Level 1:colcon.colcon_core.package_identification:_identify(src) by extensions ['ignore', 'ignore_ament_install']
[0.986s] Level 1:colcon.colcon_core.package_identification:_identify(src) by extension 'ignore'
[0.986s] Level 1:colcon.colcon_core.package_identification:_identify(src) by extension 'ignore_ament_install'
[0.986s] Level 1:colcon.colcon_core.package_identification:_identify(src) by extensions ['colcon_pkg']
[0.986s] Level 1:colcon.colcon_core.package_identification:_identify(src) by extension 'colcon_pkg'
[0.986s] Level 1:colcon.colcon_core.package_identification:_identify(src) by extensions ['colcon_meta']
[0.986s] Level 1:colcon.colcon_core.package_identification:_identify(src) by extension 'colcon_meta'
[0.987s] Level 1:colcon.colcon_core.package_identification:_identify(src) by extensions ['ros']
[0.987s] Level 1:colcon.colcon_core.package_identification:_identify(src) by extension 'ros'
[0.987s] Level 1:colcon.colcon_core.package_identification:_identify(src) by extensions ['cmake', 'python']
[0.987s] Level 1:colcon.colcon_core.package_identification:_identify(src) by extension 'cmake'
[0.987s] Level 1:colcon.colcon_core.package_identification:_identify(src) by extension 'python'
[0.987s] Level 1:colcon.colcon_core.package_identification:_identify(src) by extensions ['python_setup_py']
[0.988s] Level 1:colcon.colcon_core.package_identification:_identify(src) by extension 'python_setup_py'
[0.988s] Level 1:colcon.colcon_core.package_identification:_identify(src/lqr_trjtrk) by extensions ['ignore', 'ignore_ament_install']
[0.988s] Level 1:colcon.colcon_core.package_identification:_identify(src/lqr_trjtrk) by extension 'ignore'
[0.988s] Level 1:colcon.colcon_core.package_identification:_identify(src/lqr_trjtrk) by extension 'ignore_ament_install'
[0.988s] Level 1:colcon.colcon_core.package_identification:_identify(src/lqr_trjtrk) by extensions ['colcon_pkg']
[0.988s] Level 1:colcon.colcon_core.package_identification:_identify(src/lqr_trjtrk) by extension 'colcon_pkg'
[0.989s] Level 1:colcon.colcon_core.package_identification:_identify(src/lqr_trjtrk) by extensions ['colcon_meta']
[0.989s] Level 1:colcon.colcon_core.package_identification:_identify(src/lqr_trjtrk) by extension 'colcon_meta'
[0.989s] Level 1:colcon.colcon_core.package_identification:_identify(src/lqr_trjtrk) by extensions ['ros']
[0.989s] Level 1:colcon.colcon_core.package_identification:_identify(src/lqr_trjtrk) by extension 'ros'
[0.997s] DEBUG:colcon.colcon_core.package_identification:Package 'src/lqr_trjtrk' with type 'ros.ament_python' and name 'lqr_trjtrk'
[0.998s] Level 1:colcon.colcon_core.package_discovery:discover_packages(recursive) using defaults
[0.998s] Level 1:colcon.colcon_core.package_discovery:discover_packages(ignore) discover
[0.999s] Level 1:colcon.colcon_core.package_discovery:discover_packages(ignore) using defaults
[0.999s] Level 1:colcon.colcon_core.package_discovery:discover_packages(path) discover
[0.999s] Level 1:colcon.colcon_core.package_discovery:discover_packages(path) using defaults
[1.115s] Level 1:colcon.colcon_core.package_discovery:discover_packages(prefix_path) check parameters
[1.116s] Level 1:colcon.colcon_core.package_discovery:discover_packages(prefix_path) discover
[1.140s] DEBUG:colcon.colcon_installed_package_information.package_discovery:Found 16 installed packages in /home/ashkreli/turtlebot3_ws/install
[1.146s] DEBUG:colcon.colcon_installed_package_information.package_discovery:Found 1 installed packages in /home/ashkreli/colcon_ws/install
[1.159s] DEBUG:colcon.colcon_installed_package_information.package_discovery:Found 340 installed packages in /opt/ros/foxy
[1.165s] Level 1:colcon.colcon_core.package_discovery:discover_packages(prefix_path) using defaults
[1.370s] Level 5:colcon.colcon_core.verb:set package 'lqr_trjtrk' build argument 'cmake_args' from command line to 'None'
[1.370s] Level 5:colcon.colcon_core.verb:set package 'lqr_trjtrk' build argument 'cmake_target' from command line to 'None'
[1.370s] Level 5:colcon.colcon_core.verb:set package 'lqr_trjtrk' build argument 'cmake_target_skip_unavailable' from command line to 'False'
[1.371s] Level 5:colcon.colcon_core.verb:set package 'lqr_trjtrk' build argument 'cmake_clean_cache' from command line to 'False'
[1.371s] Level 5:colcon.colcon_core.verb:set package 'lqr_trjtrk' build argument 'cmake_clean_first' from command line to 'False'
[1.371s] Level 5:colcon.colcon_core.verb:set package 'lqr_trjtrk' build argument 'cmake_force_configure' from command line to 'False'
[1.371s] Level 5:colcon.colcon_core.verb:set package 'lqr_trjtrk' build argument 'ament_cmake_args' from command line to 'None'
[1.371s] Level 5:colcon.colcon_core.verb:set package 'lqr_trjtrk' build argument 'catkin_cmake_args' from command line to 'None'
[1.371s] Level 5:colcon.colcon_core.verb:set package 'lqr_trjtrk' build argument 'catkin_skip_building_tests' from command line to 'False'
[1.372s] DEBUG:colcon.colcon_core.verb:Building package 'lqr_trjtrk' with the following arguments: {'ament_cmake_args': None, 'build_base': '/home/ashkreli/ros_orientation/lqr_spline/ros_sim/build/lqr_trjtrk', 'catkin_cmake_args': None, 'catkin_skip_building_tests': False, 'cmake_args': None, 'cmake_clean_cache': False, 'cmake_clean_first': False, 'cmake_force_configure': False, 'cmake_target': None, 'cmake_target_skip_unavailable': False, 'install_base': '/home/ashkreli/ros_orientation/lqr_spline/ros_sim/install/lqr_trjtrk', 'merge_install': False, 'path': '/home/ashkreli/ros_orientation/lqr_spline/ros_sim/src/lqr_trjtrk', 'symlink_install': True, 'test_result_base': None}
[1.373s] INFO:colcon.colcon_core.executor:Executing jobs using 'parallel' executor
[1.386s] DEBUG:colcon.colcon_parallel_executor.executor.parallel:run_until_complete
[1.386s] INFO:colcon.colcon_ros.task.ament_python.build:Building ROS package in '/home/ashkreli/ros_orientation/lqr_spline/ros_sim/src/lqr_trjtrk' with build type 'ament_python'
[1.387s] Level 1:colcon.colcon_core.shell:create_environment_hook('lqr_trjtrk', 'ament_prefix_path')
[1.401s] INFO:colcon.colcon_core.plugin_system:Skipping extension 'colcon_core.shell.bat': Not used on non-Windows systems
[1.402s] INFO:colcon.colcon_core.shell:Creating environment hook '/home/ashkreli/ros_orientation/lqr_spline/ros_sim/install/lqr_trjtrk/share/lqr_trjtrk/hook/ament_prefix_path.ps1'
[1.404s] INFO:colcon.colcon_core.shell:Creating environment descriptor '/home/ashkreli/ros_orientation/lqr_spline/ros_sim/install/lqr_trjtrk/share/lqr_trjtrk/hook/ament_prefix_path.dsv'
[1.406s] INFO:colcon.colcon_core.shell:Creating environment hook '/home/ashkreli/ros_orientation/lqr_spline/ros_sim/install/lqr_trjtrk/share/lqr_trjtrk/hook/ament_prefix_path.sh'
[1.412s] INFO:colcon.colcon_core.shell:Skip shell extension 'powershell' for command environment: Not usable outside of PowerShell
[1.412s] DEBUG:colcon.colcon_core.shell:Skip shell extension 'dsv' for command environment
[2.815s] INFO:colcon.colcon_core.task.python.build:Building Python package in '/home/ashkreli/ros_orientation/lqr_spline/ros_sim/src/lqr_trjtrk'
[2.827s] INFO:colcon.colcon_core.shell:Skip shell extension 'powershell' for command environment: Not usable outside of PowerShell
[2.827s] DEBUG:colcon.colcon_core.shell:Skip shell extension 'dsv' for command environment
[4.948s] DEBUG:colcon.colcon_core.event_handler.log_command:Invoking command in '/home/ashkreli/ros_orientation/lqr_spline/ros_sim/build/lqr_trjtrk': PYTHONPATH=/home/ashkreli/ros_orientation/lqr_spline/ros_sim/install/lqr_trjtrk/lib/python3.8/site-packages:${PYTHONPATH} /usr/bin/python3 setup.py develop --prefix /home/ashkreli/ros_orientation/lqr_spline/ros_sim/install/lqr_trjtrk --editable --build-directory /home/ashkreli/ros_orientation/lqr_spline/ros_sim/build/lqr_trjtrk/build --no-deps install_data --install-dir /home/ashkreli/ros_orientation/lqr_spline/ros_sim/install/lqr_trjtrk
[7.590s] Level 1:colcon.colcon_core.shell:create_environment_hook('lqr_trjtrk', 'pythonpath_develop')
[7.593s] DEBUG:colcon.colcon_core.event_handler.log_command:Invoked command in '/home/ashkreli/ros_orientation/lqr_spline/ros_sim/build/lqr_trjtrk' returned '0': PYTHONPATH=/home/ashkreli/ros_orientation/lqr_spline/ros_sim/install/lqr_trjtrk/lib/python3.8/site-packages:${PYTHONPATH} /usr/bin/python3 setup.py develop --prefix /home/ashkreli/ros_orientation/lqr_spline/ros_sim/install/lqr_trjtrk --editable --build-directory /home/ashkreli/ros_orientation/lqr_spline/ros_sim/build/lqr_trjtrk/build --no-deps install_data --install-dir /home/ashkreli/ros_orientation/lqr_spline/ros_sim/install/lqr_trjtrk
[7.605s] INFO:colcon.colcon_core.shell:Creating environment hook '/home/ashkreli/ros_orientation/lqr_spline/ros_sim/build/lqr_trjtrk/share/lqr_trjtrk/hook/pythonpath_develop.ps1'
[7.610s] INFO:colcon.colcon_core.shell:Creating environment descriptor '/home/ashkreli/ros_orientation/lqr_spline/ros_sim/build/lqr_trjtrk/share/lqr_trjtrk/hook/pythonpath_develop.dsv'
[7.611s] INFO:colcon.colcon_core.shell:Creating environment hook '/home/ashkreli/ros_orientation/lqr_spline/ros_sim/build/lqr_trjtrk/share/lqr_trjtrk/hook/pythonpath_develop.sh'
[7.634s] Level 1:colcon.colcon_core.environment:checking '/home/ashkreli/ros_orientation/lqr_spline/ros_sim/install/lqr_trjtrk' for CMake module files
[7.636s] Level 1:colcon.colcon_core.environment:checking '/home/ashkreli/ros_orientation/lqr_spline/ros_sim/install/lqr_trjtrk' for CMake config files
[7.641s] Level 1:colcon.colcon_core.environment:checking '/home/ashkreli/ros_orientation/lqr_spline/ros_sim/install/lqr_trjtrk/lib'
[7.642s] Level 1:colcon.colcon_core.environment:checking '/home/ashkreli/ros_orientation/lqr_spline/ros_sim/install/lqr_trjtrk/bin'
[7.642s] Level 1:colcon.colcon_core.environment:checking '/home/ashkreli/ros_orientation/lqr_spline/ros_sim/install/lqr_trjtrk/lib/pkgconfig/lqr_trjtrk.pc'
[7.644s] Level 1:colcon.colcon_core.environment:checking '/home/ashkreli/ros_orientation/lqr_spline/ros_sim/install/lqr_trjtrk/lib/python3.8/site-packages'
[7.644s] Level 1:colcon.colcon_core.shell:create_environment_hook('lqr_trjtrk', 'pythonpath')
[7.647s] INFO:colcon.colcon_core.shell:Creating environment hook '/home/ashkreli/ros_orientation/lqr_spline/ros_sim/install/lqr_trjtrk/share/lqr_trjtrk/hook/pythonpath.ps1'
[7.650s] INFO:colcon.colcon_core.shell:Creating environment descriptor '/home/ashkreli/ros_orientation/lqr_spline/ros_sim/install/lqr_trjtrk/share/lqr_trjtrk/hook/pythonpath.dsv'
[7.653s] INFO:colcon.colcon_core.shell:Creating environment hook '/home/ashkreli/ros_orientation/lqr_spline/ros_sim/install/lqr_trjtrk/share/lqr_trjtrk/hook/pythonpath.sh'
[7.655s] Level 1:colcon.colcon_core.environment:checking '/home/ashkreli/ros_orientation/lqr_spline/ros_sim/install/lqr_trjtrk/bin'
[7.655s] Level 1:colcon.colcon_core.environment:create_environment_scripts_only(lqr_trjtrk)
[7.659s] INFO:colcon.colcon_core.shell:Creating package script '/home/ashkreli/ros_orientation/lqr_spline/ros_sim/install/lqr_trjtrk/share/lqr_trjtrk/package.ps1'
[7.663s] INFO:colcon.colcon_core.shell:Creating package descriptor '/home/ashkreli/ros_orientation/lqr_spline/ros_sim/install/lqr_trjtrk/share/lqr_trjtrk/package.dsv'
[7.665s] INFO:colcon.colcon_core.shell:Creating package script '/home/ashkreli/ros_orientation/lqr_spline/ros_sim/install/lqr_trjtrk/share/lqr_trjtrk/package.sh'
[7.669s] INFO:colcon.colcon_core.shell:Creating package script '/home/ashkreli/ros_orientation/lqr_spline/ros_sim/install/lqr_trjtrk/share/lqr_trjtrk/package.bash'
[7.672s] INFO:colcon.colcon_core.shell:Creating package script '/home/ashkreli/ros_orientation/lqr_spline/ros_sim/install/lqr_trjtrk/share/lqr_trjtrk/package.zsh'
[7.675s] Level 1:colcon.colcon_core.environment:create_file_with_runtime_dependencies(/home/ashkreli/ros_orientation/lqr_spline/ros_sim/install/lqr_trjtrk/share/colcon-core/packages/lqr_trjtrk)
[7.678s] DEBUG:colcon.colcon_parallel_executor.executor.parallel:closing loop
[7.680s] DEBUG:colcon.colcon_parallel_executor.executor.parallel:loop closed
[7.681s] DEBUG:colcon.colcon_parallel_executor.executor.parallel:run_until_complete finished with '0'
[7.684s] DEBUG:colcon.colcon_core.event_reactor:joining thread
[7.736s] INFO:colcon.colcon_core.plugin_system:Skipping extension 'colcon_notification.desktop_notification.terminal_notifier': Not used on non-Darwin systems
[7.736s] INFO:colcon.colcon_core.plugin_system:Skipping extension 'colcon_notification.desktop_notification.win32': Not used on non-Windows systems
[7.736s] INFO:colcon.colcon_notification.desktop_notification:Sending desktop notification using 'notify2'
[7.841s] DEBUG:colcon.colcon_core.event_reactor:joined thread
[7.845s] INFO:colcon.colcon_core.shell:Creating prefix script '/home/ashkreli/ros_orientation/lqr_spline/ros_sim/install/local_setup.ps1'
[7.852s] INFO:colcon.colcon_core.shell:Creating prefix util module '/home/ashkreli/ros_orientation/lqr_spline/ros_sim/install/_local_setup_util_ps1.py'
[7.861s] INFO:colcon.colcon_core.shell:Creating prefix chain script '/home/ashkreli/ros_orientation/lqr_spline/ros_sim/install/setup.ps1'
[7.876s] INFO:colcon.colcon_core.shell:Creating prefix script '/home/ashkreli/ros_orientation/lqr_spline/ros_sim/install/local_setup.sh'
[7.878s] INFO:colcon.colcon_core.shell:Creating prefix util module '/home/ashkreli/ros_orientation/lqr_spline/ros_sim/install/_local_setup_util_sh.py'
[7.881s] INFO:colcon.colcon_core.shell:Creating prefix chain script '/home/ashkreli/ros_orientation/lqr_spline/ros_sim/install/setup.sh'
[7.902s] INFO:colcon.colcon_core.shell:Creating prefix script '/home/ashkreli/ros_orientation/lqr_spline/ros_sim/install/local_setup.bash'
[7.906s] INFO:colcon.colcon_core.shell:Creating prefix chain script '/home/ashkreli/ros_orientation/lqr_spline/ros_sim/install/setup.bash'
[7.914s] INFO:colcon.colcon_core.shell:Creating prefix script '/home/ashkreli/ros_orientation/lqr_spline/ros_sim/install/local_setup.zsh'
[7.916s] INFO:colcon.colcon_core.shell:Creating prefix chain script '/home/ashkreli/ros_orientation/lqr_spline/ros_sim/install/setup.zsh'
