[3.159s] Invoking command in '/home/ashkreli/ros_orientation/lqr_spline/ros_real/build/lqr_trjtrk': PYTHONPATH=/home/ashkreli/ros_orientation/lqr_spline/ros_real/install/lqr_trjtrk/lib/python3.8/site-packages:${PYTHONPATH} /usr/bin/python3 setup.py develop --prefix /home/ashkreli/ros_orientation/lqr_spline/ros_real/install/lqr_trjtrk --editable --build-directory /home/ashkreli/ros_orientation/lqr_spline/ros_real/build/lqr_trjtrk/build --no-deps install_data --install-dir /home/ashkreli/ros_orientation/lqr_spline/ros_real/install/lqr_trjtrk
[3.975s] running develop
[4.444s] running egg_info
[4.445s] creating lqr_trjtrk.egg-info
[4.445s] writing lqr_trjtrk.egg-info/PKG-INFO
[4.446s] writing dependency_links to lqr_trjtrk.egg-info/dependency_links.txt
[4.446s] writing entry points to lqr_trjtrk.egg-info/entry_points.txt
[4.447s] writing requirements to lqr_trjtrk.egg-info/requires.txt
[4.447s] writing top-level names to lqr_trjtrk.egg-info/top_level.txt
[4.453s] writing manifest file 'lqr_trjtrk.egg-info/SOURCES.txt'
[4.533s] reading manifest file 'lqr_trjtrk.egg-info/SOURCES.txt'
[4.534s] writing manifest file 'lqr_trjtrk.egg-info/SOURCES.txt'
[4.649s] running build_ext
[4.650s] Creating /home/ashkreli/ros_orientation/lqr_spline/ros_real/install/lqr_trjtrk/lib/python3.8/site-packages/site.py
[4.656s] Creating /home/ashkreli/ros_orientation/lqr_spline/ros_real/install/lqr_trjtrk/lib/python3.8/site-packages/lqr-trjtrk.egg-link (link to .)
[4.658s] Installing robot script to /home/ashkreli/ros_orientation/lqr_spline/ros_real/install/lqr_trjtrk/lib/lqr_trjtrk
[4.659s] 
[4.659s] Installed /home/ashkreli/ros_orientation/lqr_spline/ros_real/build/lqr_trjtrk
[4.660s] running install_data
[4.660s] creating /home/ashkreli/ros_orientation/lqr_spline/ros_real/install/lqr_trjtrk/share/ament_index
[4.662s] creating /home/ashkreli/ros_orientation/lqr_spline/ros_real/install/lqr_trjtrk/share/ament_index/resource_index
[4.662s] creating /home/ashkreli/ros_orientation/lqr_spline/ros_real/install/lqr_trjtrk/share/ament_index/resource_index/packages
[4.662s] copying resource/lqr_trjtrk -> /home/ashkreli/ros_orientation/lqr_spline/ros_real/install/lqr_trjtrk/share/ament_index/resource_index/packages
[4.662s] copying package.xml -> /home/ashkreli/ros_orientation/lqr_spline/ros_real/install/lqr_trjtrk/share/lqr_trjtrk
[4.663s] creating /home/ashkreli/ros_orientation/lqr_spline/ros_real/install/lqr_trjtrk/share/lqr_trjtrk/launch
[4.663s] copying launch/lqr_trjtrk.launch.py -> /home/ashkreli/ros_orientation/lqr_spline/ros_real/install/lqr_trjtrk/share/lqr_trjtrk/launch
[4.730s] Invoked command in '/home/ashkreli/ros_orientation/lqr_spline/ros_real/build/lqr_trjtrk' returned '0': PYTHONPATH=/home/ashkreli/ros_orientation/lqr_spline/ros_real/install/lqr_trjtrk/lib/python3.8/site-packages:${PYTHONPATH} /usr/bin/python3 setup.py develop --prefix /home/ashkreli/ros_orientation/lqr_spline/ros_real/install/lqr_trjtrk --editable --build-directory /home/ashkreli/ros_orientation/lqr_spline/ros_real/build/lqr_trjtrk/build --no-deps install_data --install-dir /home/ashkreli/ros_orientation/lqr_spline/ros_real/install/lqr_trjtrk
