[0.501s] DEBUG:colcon:Command line arguments: ['/usr/bin/colcon', 'build', '--symlink-install']
[0.501s] DEBUG:colcon:Parsed command line arguments: Namespace(allow_overriding=[], ament_cmake_args=None, base_paths=['.'], build_base='build', catkin_cmake_args=None, catkin_skip_building_tests=False, cmake_args=None, cmake_clean_cache=False, cmake_clean_first=False, cmake_force_configure=False, cmake_target=None, cmake_target_skip_unavailable=False, continue_on_error=False, event_handlers=None, executor='parallel', ignore_user_meta=False, install_base='install', log_base=None, log_level=None, main=<bound method BuildVerb.main of <colcon_core.verb.build.BuildVerb object at 0x7f5c05d1b8e0>>, merge_install=False, metas=['./colcon.meta'], packages_above=None, packages_above_and_dependencies=None, packages_above_depth=None, packages_end=None, packages_ignore=None, packages_ignore_regex=None, packages_select=None, packages_select_build_failed=False, packages_select_by_dep=None, packages_select_regex=None, packages_select_test_failures=False, packages_skip=None, packages_skip_build_finished=False, packages_skip_by_dep=None, packages_skip_regex=None, packages_skip_test_passed=False, packages_skip_up_to=None, packages_start=None, packages_up_to=None, packages_up_to_regex=None, parallel_workers=4, paths=None, symlink_install=True, test_result_base=None, verb_extension=<colcon_core.verb.build.BuildVerb object at 0x7f5c05d1b8e0>, verb_name='build', verb_parser=<colcon_defaults.argument_parser.defaults.DefaultArgumentsDecorator object at 0x7f5c05d1be50>)
[0.648s] Level 1:colcon.colcon_core.package_discovery:discover_packages(colcon_meta) check parameters
[0.648s] Level 1:colcon.colcon_core.package_discovery:discover_packages(recursive) check parameters
[0.648s] Level 1:colcon.colcon_core.package_discovery:discover_packages(ignore) check parameters
[0.648s] Level 1:colcon.colcon_core.package_discovery:discover_packages(path) check parameters
[0.649s] Level 1:colcon.colcon_core.package_discovery:discover_packages(colcon_meta) discover
[0.649s] Level 1:colcon.colcon_core.package_discovery:discover_packages(recursive) discover
[0.649s] INFO:colcon.colcon_core.package_discovery:Crawling recursively for packages in '/home/ashkreli/ros_orientation/tb_lqr_gazebo'
[0.650s] Level 1:colcon.colcon_core.package_identification:_identify(.) by extensions ['ignore', 'ignore_ament_install']
[0.650s] Level 1:colcon.colcon_core.package_identification:_identify(.) by extension 'ignore'
[0.651s] Level 1:colcon.colcon_core.package_identification:_identify(.) by extension 'ignore_ament_install'
[0.651s] Level 1:colcon.colcon_core.package_identification:_identify(.) by extensions ['colcon_pkg']
[0.651s] Level 1:colcon.colcon_core.package_identification:_identify(.) by extension 'colcon_pkg'
[0.651s] Level 1:colcon.colcon_core.package_identification:_identify(.) by extensions ['colcon_meta']
[0.651s] Level 1:colcon.colcon_core.package_identification:_identify(.) by extension 'colcon_meta'
[0.652s] Level 1:colcon.colcon_core.package_identification:_identify(.) by extensions ['ros']
[0.652s] Level 1:colcon.colcon_core.package_identification:_identify(.) by extension 'ros'
[0.720s] Level 1:colcon.colcon_core.package_identification:_identify(.) by extensions ['cmake', 'python']
[0.720s] Level 1:colcon.colcon_core.package_identification:_identify(.) by extension 'cmake'
[0.721s] Level 1:colcon.colcon_core.package_identification:_identify(.) by extension 'python'
[0.721s] Level 1:colcon.colcon_core.package_identification:_identify(.) by extensions ['python_setup_py']
[0.721s] Level 1:colcon.colcon_core.package_identification:_identify(.) by extension 'python_setup_py'
[0.722s] Level 1:colcon.colcon_core.package_identification:_identify(build) by extensions ['ignore', 'ignore_ament_install']
[0.722s] Level 1:colcon.colcon_core.package_identification:_identify(build) by extension 'ignore'
[0.723s] Level 1:colcon.colcon_core.package_identification:_identify(build) ignored
[0.723s] Level 1:colcon.colcon_core.package_identification:_identify(install) by extensions ['ignore', 'ignore_ament_install']
[0.724s] Level 1:colcon.colcon_core.package_identification:_identify(install) by extension 'ignore'
[0.728s] Level 1:colcon.colcon_core.package_identification:_identify(install) ignored
[0.730s] Level 1:colcon.colcon_core.package_identification:_identify(log) by extensions ['ignore', 'ignore_ament_install']
[0.731s] Level 1:colcon.colcon_core.package_identification:_identify(log) by extension 'ignore'
[0.731s] Level 1:colcon.colcon_core.package_identification:_identify(log) ignored
[0.731s] Level 1:colcon.colcon_core.package_identification:_identify(src) by extensions ['ignore', 'ignore_ament_install']
[0.732s] Level 1:colcon.colcon_core.package_identification:_identify(src) by extension 'ignore'
[0.732s] Level 1:colcon.colcon_core.package_identification:_identify(src) by extension 'ignore_ament_install'
[0.732s] Level 1:colcon.colcon_core.package_identification:_identify(src) by extensions ['colcon_pkg']
[0.733s] Level 1:colcon.colcon_core.package_identification:_identify(src) by extension 'colcon_pkg'
[0.733s] Level 1:colcon.colcon_core.package_identification:_identify(src) by extensions ['colcon_meta']
[0.733s] Level 1:colcon.colcon_core.package_identification:_identify(src) by extension 'colcon_meta'
[0.734s] Level 1:colcon.colcon_core.package_identification:_identify(src) by extensions ['ros']
[0.734s] Level 1:colcon.colcon_core.package_identification:_identify(src) by extension 'ros'
[0.734s] Level 1:colcon.colcon_core.package_identification:_identify(src) by extensions ['cmake', 'python']
[0.735s] Level 1:colcon.colcon_core.package_identification:_identify(src) by extension 'cmake'
[0.735s] Level 1:colcon.colcon_core.package_identification:_identify(src) by extension 'python'
[0.735s] Level 1:colcon.colcon_core.package_identification:_identify(src) by extensions ['python_setup_py']
[0.735s] Level 1:colcon.colcon_core.package_identification:_identify(src) by extension 'python_setup_py'
[0.735s] Level 1:colcon.colcon_core.package_identification:_identify(src/lqr_tracking_one_robot) by extensions ['ignore', 'ignore_ament_install']
[0.736s] Level 1:colcon.colcon_core.package_identification:_identify(src/lqr_tracking_one_robot) by extension 'ignore'
[0.736s] Level 1:colcon.colcon_core.package_identification:_identify(src/lqr_tracking_one_robot) by extension 'ignore_ament_install'
[0.738s] Level 1:colcon.colcon_core.package_identification:_identify(src/lqr_tracking_one_robot) by extensions ['colcon_pkg']
[0.740s] Level 1:colcon.colcon_core.package_identification:_identify(src/lqr_tracking_one_robot) by extension 'colcon_pkg'
[0.740s] Level 1:colcon.colcon_core.package_identification:_identify(src/lqr_tracking_one_robot) by extensions ['colcon_meta']
[0.741s] Level 1:colcon.colcon_core.package_identification:_identify(src/lqr_tracking_one_robot) by extension 'colcon_meta'
[0.741s] Level 1:colcon.colcon_core.package_identification:_identify(src/lqr_tracking_one_robot) by extensions ['ros']
[0.741s] Level 1:colcon.colcon_core.package_identification:_identify(src/lqr_tracking_one_robot) by extension 'ros'
[0.743s] Level 1:colcon.colcon_core.package_identification:_identify(src/lqr_tracking_one_robot) by extensions ['cmake', 'python']
[0.744s] Level 1:colcon.colcon_core.package_identification:_identify(src/lqr_tracking_one_robot) by extension 'cmake'
[0.744s] Level 1:colcon.colcon_core.package_identification:_identify(src/lqr_tracking_one_robot) by extension 'python'
[0.744s] Level 1:colcon.colcon_core.package_identification:_identify(src/lqr_tracking_one_robot) by extensions ['python_setup_py']
[0.745s] Level 1:colcon.colcon_core.package_identification:_identify(src/lqr_tracking_one_robot) by extension 'python_setup_py'
[0.748s] Level 1:colcon.colcon_core.package_identification:_identify(src/lqr_tracking_one_robot/multisim) by extensions ['ignore', 'ignore_ament_install']
[0.752s] Level 1:colcon.colcon_core.package_identification:_identify(src/lqr_tracking_one_robot/multisim) by extension 'ignore'
[0.753s] Level 1:colcon.colcon_core.package_identification:_identify(src/lqr_tracking_one_robot/multisim) by extension 'ignore_ament_install'
[0.753s] Level 1:colcon.colcon_core.package_identification:_identify(src/lqr_tracking_one_robot/multisim) by extensions ['colcon_pkg']
[0.753s] Level 1:colcon.colcon_core.package_identification:_identify(src/lqr_tracking_one_robot/multisim) by extension 'colcon_pkg'
[0.753s] Level 1:colcon.colcon_core.package_identification:_identify(src/lqr_tracking_one_robot/multisim) by extensions ['colcon_meta']
[0.754s] Level 1:colcon.colcon_core.package_identification:_identify(src/lqr_tracking_one_robot/multisim) by extension 'colcon_meta'
[0.754s] Level 1:colcon.colcon_core.package_identification:_identify(src/lqr_tracking_one_robot/multisim) by extensions ['ros']
[0.754s] Level 1:colcon.colcon_core.package_identification:_identify(src/lqr_tracking_one_robot/multisim) by extension 'ros'
[0.766s] DEBUG:colcon.colcon_core.package_identification:Package 'src/lqr_tracking_one_robot/multisim' with type 'ros.ament_python' and name 'multisim'
[0.766s] Level 1:colcon.colcon_core.package_discovery:discover_packages(recursive) using defaults
[0.767s] Level 1:colcon.colcon_core.package_discovery:discover_packages(ignore) discover
[0.767s] Level 1:colcon.colcon_core.package_discovery:discover_packages(ignore) using defaults
[0.767s] Level 1:colcon.colcon_core.package_discovery:discover_packages(path) discover
[0.767s] Level 1:colcon.colcon_core.package_discovery:discover_packages(path) using defaults
[0.863s] Level 1:colcon.colcon_core.package_discovery:discover_packages(prefix_path) check parameters
[0.863s] Level 1:colcon.colcon_core.package_discovery:discover_packages(prefix_path) discover
[0.882s] DEBUG:colcon.colcon_installed_package_information.package_discovery:Found 16 installed packages in /home/ashkreli/turtlebot3_ws/install
[0.885s] DEBUG:colcon.colcon_installed_package_information.package_discovery:Found 0 installed packages in /home/ashkreli/colcon_ws/install
[0.893s] DEBUG:colcon.colcon_installed_package_information.package_discovery:Found 340 installed packages in /opt/ros/foxy
[0.911s] Level 1:colcon.colcon_core.package_discovery:discover_packages(prefix_path) using defaults
[1.618s] Level 5:colcon.colcon_core.verb:set package 'multisim' build argument 'cmake_args' from command line to 'None'
[1.619s] Level 5:colcon.colcon_core.verb:set package 'multisim' build argument 'cmake_target' from command line to 'None'
[1.619s] Level 5:colcon.colcon_core.verb:set package 'multisim' build argument 'cmake_target_skip_unavailable' from command line to 'False'
[1.619s] Level 5:colcon.colcon_core.verb:set package 'multisim' build argument 'cmake_clean_cache' from command line to 'False'
[1.619s] Level 5:colcon.colcon_core.verb:set package 'multisim' build argument 'cmake_clean_first' from command line to 'False'
[1.620s] Level 5:colcon.colcon_core.verb:set package 'multisim' build argument 'cmake_force_configure' from command line to 'False'
[1.620s] Level 5:colcon.colcon_core.verb:set package 'multisim' build argument 'ament_cmake_args' from command line to 'None'
[1.620s] Level 5:colcon.colcon_core.verb:set package 'multisim' build argument 'catkin_cmake_args' from command line to 'None'
[1.620s] Level 5:colcon.colcon_core.verb:set package 'multisim' build argument 'catkin_skip_building_tests' from command line to 'False'
[1.620s] DEBUG:colcon.colcon_core.verb:Building package 'multisim' with the following arguments: {'ament_cmake_args': None, 'build_base': '/home/ashkreli/ros_orientation/tb_lqr_gazebo/build/multisim', 'catkin_cmake_args': None, 'catkin_skip_building_tests': False, 'cmake_args': None, 'cmake_clean_cache': False, 'cmake_clean_first': False, 'cmake_force_configure': False, 'cmake_target': None, 'cmake_target_skip_unavailable': False, 'install_base': '/home/ashkreli/ros_orientation/tb_lqr_gazebo/install/multisim', 'merge_install': False, 'path': '/home/ashkreli/ros_orientation/tb_lqr_gazebo/src/lqr_tracking_one_robot/multisim', 'symlink_install': True, 'test_result_base': None}
[1.622s] INFO:colcon.colcon_core.executor:Executing jobs using 'parallel' executor
[1.638s] DEBUG:colcon.colcon_parallel_executor.executor.parallel:run_until_complete
[1.639s] INFO:colcon.colcon_ros.task.ament_python.build:Building ROS package in '/home/ashkreli/ros_orientation/tb_lqr_gazebo/src/lqr_tracking_one_robot/multisim' with build type 'ament_python'
[1.639s] Level 1:colcon.colcon_core.shell:create_environment_hook('multisim', 'ament_prefix_path')
[1.666s] INFO:colcon.colcon_core.plugin_system:Skipping extension 'colcon_core.shell.bat': Not used on non-Windows systems
[1.667s] INFO:colcon.colcon_core.shell:Creating environment hook '/home/ashkreli/ros_orientation/tb_lqr_gazebo/install/multisim/share/multisim/hook/ament_prefix_path.ps1'
[1.676s] INFO:colcon.colcon_core.shell:Creating environment descriptor '/home/ashkreli/ros_orientation/tb_lqr_gazebo/install/multisim/share/multisim/hook/ament_prefix_path.dsv'
[1.679s] INFO:colcon.colcon_core.shell:Creating environment hook '/home/ashkreli/ros_orientation/tb_lqr_gazebo/install/multisim/share/multisim/hook/ament_prefix_path.sh'
[1.686s] INFO:colcon.colcon_core.shell:Skip shell extension 'powershell' for command environment: Not usable outside of PowerShell
[1.687s] DEBUG:colcon.colcon_core.shell:Skip shell extension 'dsv' for command environment
[3.050s] INFO:colcon.colcon_core.task.python.build:Building Python package in '/home/ashkreli/ros_orientation/tb_lqr_gazebo/src/lqr_tracking_one_robot/multisim'
[3.057s] INFO:colcon.colcon_core.shell:Skip shell extension 'powershell' for command environment: Not usable outside of PowerShell
[3.057s] DEBUG:colcon.colcon_core.shell:Skip shell extension 'dsv' for command environment
[5.470s] DEBUG:colcon.colcon_core.event_handler.log_command:Invoking command in '/home/ashkreli/ros_orientation/tb_lqr_gazebo/build/multisim': PYTHONPATH=/home/ashkreli/ros_orientation/tb_lqr_gazebo/build/multisim/prefix_override:/home/ashkreli/ros_orientation/tb_lqr_gazebo/install/multisim/lib/python3.8/site-packages:${PYTHONPATH} /usr/bin/python3 setup.py develop --editable --build-directory /home/ashkreli/ros_orientation/tb_lqr_gazebo/build/multisim/build --no-deps install_data
[7.835s] Level 1:colcon.colcon_core.shell:create_environment_hook('multisim', 'pythonpath_develop')
[7.837s] INFO:colcon.colcon_core.shell:Creating environment hook '/home/ashkreli/ros_orientation/tb_lqr_gazebo/build/multisim/share/multisim/hook/pythonpath_develop.ps1'
[7.838s] DEBUG:colcon.colcon_core.event_handler.log_command:Invoked command in '/home/ashkreli/ros_orientation/tb_lqr_gazebo/build/multisim' returned '0': PYTHONPATH=/home/ashkreli/ros_orientation/tb_lqr_gazebo/build/multisim/prefix_override:/home/ashkreli/ros_orientation/tb_lqr_gazebo/install/multisim/lib/python3.8/site-packages:${PYTHONPATH} /usr/bin/python3 setup.py develop --editable --build-directory /home/ashkreli/ros_orientation/tb_lqr_gazebo/build/multisim/build --no-deps install_data
[7.840s] INFO:colcon.colcon_core.shell:Creating environment descriptor '/home/ashkreli/ros_orientation/tb_lqr_gazebo/build/multisim/share/multisim/hook/pythonpath_develop.dsv'
[7.841s] INFO:colcon.colcon_core.shell:Creating environment hook '/home/ashkreli/ros_orientation/tb_lqr_gazebo/build/multisim/share/multisim/hook/pythonpath_develop.sh'
[7.853s] Level 1:colcon.colcon_core.environment:checking '/home/ashkreli/ros_orientation/tb_lqr_gazebo/install/multisim' for CMake module files
[7.854s] Level 1:colcon.colcon_core.environment:checking '/home/ashkreli/ros_orientation/tb_lqr_gazebo/install/multisim' for CMake config files
[7.856s] Level 1:colcon.colcon_core.environment:checking '/home/ashkreli/ros_orientation/tb_lqr_gazebo/install/multisim/lib'
[7.857s] Level 1:colcon.colcon_core.environment:checking '/home/ashkreli/ros_orientation/tb_lqr_gazebo/install/multisim/bin'
[7.857s] Level 1:colcon.colcon_core.environment:checking '/home/ashkreli/ros_orientation/tb_lqr_gazebo/install/multisim/lib/pkgconfig/multisim.pc'
[7.858s] Level 1:colcon.colcon_core.environment:checking '/home/ashkreli/ros_orientation/tb_lqr_gazebo/install/multisim/lib/python3.8/site-packages'
[7.859s] Level 1:colcon.colcon_core.shell:create_environment_hook('multisim', 'pythonpath')
[7.860s] INFO:colcon.colcon_core.shell:Creating environment hook '/home/ashkreli/ros_orientation/tb_lqr_gazebo/install/multisim/share/multisim/hook/pythonpath.ps1'
[7.861s] INFO:colcon.colcon_core.shell:Creating environment descriptor '/home/ashkreli/ros_orientation/tb_lqr_gazebo/install/multisim/share/multisim/hook/pythonpath.dsv'
[7.863s] INFO:colcon.colcon_core.shell:Creating environment hook '/home/ashkreli/ros_orientation/tb_lqr_gazebo/install/multisim/share/multisim/hook/pythonpath.sh'
[7.868s] Level 1:colcon.colcon_core.environment:checking '/home/ashkreli/ros_orientation/tb_lqr_gazebo/install/multisim/bin'
[7.868s] Level 1:colcon.colcon_core.environment:create_environment_scripts_only(multisim)
[7.870s] INFO:colcon.colcon_core.shell:Creating package script '/home/ashkreli/ros_orientation/tb_lqr_gazebo/install/multisim/share/multisim/package.ps1'
[7.873s] INFO:colcon.colcon_core.shell:Creating package descriptor '/home/ashkreli/ros_orientation/tb_lqr_gazebo/install/multisim/share/multisim/package.dsv'
[7.876s] INFO:colcon.colcon_core.shell:Creating package script '/home/ashkreli/ros_orientation/tb_lqr_gazebo/install/multisim/share/multisim/package.sh'
[7.879s] INFO:colcon.colcon_core.shell:Creating package script '/home/ashkreli/ros_orientation/tb_lqr_gazebo/install/multisim/share/multisim/package.bash'
[7.881s] INFO:colcon.colcon_core.shell:Creating package script '/home/ashkreli/ros_orientation/tb_lqr_gazebo/install/multisim/share/multisim/package.zsh'
[7.884s] Level 1:colcon.colcon_core.environment:create_file_with_runtime_dependencies(/home/ashkreli/ros_orientation/tb_lqr_gazebo/install/multisim/share/colcon-core/packages/multisim)
[7.886s] DEBUG:colcon.colcon_parallel_executor.executor.parallel:closing loop
[7.887s] DEBUG:colcon.colcon_parallel_executor.executor.parallel:loop closed
[7.887s] DEBUG:colcon.colcon_parallel_executor.executor.parallel:run_until_complete finished with '0'
[7.887s] DEBUG:colcon.colcon_core.event_reactor:joining thread
[7.902s] INFO:colcon.colcon_core.plugin_system:Skipping extension 'colcon_notification.desktop_notification.terminal_notifier': Not used on non-Darwin systems
[7.902s] INFO:colcon.colcon_core.plugin_system:Skipping extension 'colcon_notification.desktop_notification.win32': Not used on non-Windows systems
[7.903s] INFO:colcon.colcon_notification.desktop_notification:Sending desktop notification using 'notify2'
[7.957s] DEBUG:colcon.colcon_core.event_reactor:joined thread
[7.958s] INFO:colcon.colcon_core.shell:Creating prefix script '/home/ashkreli/ros_orientation/tb_lqr_gazebo/install/local_setup.ps1'
[7.960s] INFO:colcon.colcon_core.shell:Creating prefix util module '/home/ashkreli/ros_orientation/tb_lqr_gazebo/install/_local_setup_util_ps1.py'
[7.963s] INFO:colcon.colcon_core.shell:Creating prefix chain script '/home/ashkreli/ros_orientation/tb_lqr_gazebo/install/setup.ps1'
[7.968s] INFO:colcon.colcon_core.shell:Creating prefix script '/home/ashkreli/ros_orientation/tb_lqr_gazebo/install/local_setup.sh'
[7.970s] INFO:colcon.colcon_core.shell:Creating prefix util module '/home/ashkreli/ros_orientation/tb_lqr_gazebo/install/_local_setup_util_sh.py'
[7.972s] INFO:colcon.colcon_core.shell:Creating prefix chain script '/home/ashkreli/ros_orientation/tb_lqr_gazebo/install/setup.sh'
[7.980s] INFO:colcon.colcon_core.shell:Creating prefix script '/home/ashkreli/ros_orientation/tb_lqr_gazebo/install/local_setup.bash'
[7.982s] INFO:colcon.colcon_core.shell:Creating prefix chain script '/home/ashkreli/ros_orientation/tb_lqr_gazebo/install/setup.bash'
[7.988s] INFO:colcon.colcon_core.shell:Creating prefix script '/home/ashkreli/ros_orientation/tb_lqr_gazebo/install/local_setup.zsh'
[7.990s] INFO:colcon.colcon_core.shell:Creating prefix chain script '/home/ashkreli/ros_orientation/tb_lqr_gazebo/install/setup.zsh'
