[0.173s] DEBUG:colcon:Command line arguments: ['/usr/bin/colcon', 'build', '--symlink-install']
[0.174s] DEBUG:colcon:Parsed command line arguments: Namespace(allow_overriding=[], ament_cmake_args=None, base_paths=['.'], build_base='build', catkin_cmake_args=None, catkin_skip_building_tests=False, cmake_args=None, cmake_clean_cache=False, cmake_clean_first=False, cmake_force_configure=False, cmake_target=None, cmake_target_skip_unavailable=False, continue_on_error=False, event_handlers=None, executor='parallel', ignore_user_meta=False, install_base='install', log_base=None, log_level=None, main=<bound method BuildVerb.main of <colcon_core.verb.build.BuildVerb object at 0x7fbf8a4397f0>>, merge_install=False, metas=['./colcon.meta'], packages_above=None, packages_above_and_dependencies=None, packages_above_depth=None, packages_end=None, packages_ignore=None, packages_ignore_regex=None, packages_select=None, packages_select_build_failed=False, packages_select_by_dep=None, packages_select_regex=None, packages_select_test_failures=False, packages_skip=None, packages_skip_build_finished=False, packages_skip_by_dep=None, packages_skip_regex=None, packages_skip_test_passed=False, packages_skip_up_to=None, packages_start=None, packages_up_to=None, packages_up_to_regex=None, parallel_workers=4, paths=None, symlink_install=True, test_result_base=None, verb_extension=<colcon_core.verb.build.BuildVerb object at 0x7fbf8a4397f0>, verb_name='build', verb_parser=<colcon_defaults.argument_parser.defaults.DefaultArgumentsDecorator object at 0x7fbf8a439d60>)
[0.209s] Level 1:colcon.colcon_core.package_discovery:discover_packages(colcon_meta) check parameters
[0.210s] Level 1:colcon.colcon_core.package_discovery:discover_packages(recursive) check parameters
[0.210s] Level 1:colcon.colcon_core.package_discovery:discover_packages(ignore) check parameters
[0.210s] Level 1:colcon.colcon_core.package_discovery:discover_packages(path) check parameters
[0.210s] Level 1:colcon.colcon_core.package_discovery:discover_packages(colcon_meta) discover
[0.210s] Level 1:colcon.colcon_core.package_discovery:discover_packages(recursive) discover
[0.210s] INFO:colcon.colcon_core.package_discovery:Crawling recursively for packages in '/home/ashkreli/ros_orientation/tb_lqr_gazebo'
[0.210s] Level 1:colcon.colcon_core.package_identification:_identify(.) by extensions ['ignore', 'ignore_ament_install']
[0.211s] Level 1:colcon.colcon_core.package_identification:_identify(.) by extension 'ignore'
[0.211s] Level 1:colcon.colcon_core.package_identification:_identify(.) by extension 'ignore_ament_install'
[0.211s] Level 1:colcon.colcon_core.package_identification:_identify(.) by extensions ['colcon_pkg']
[0.211s] Level 1:colcon.colcon_core.package_identification:_identify(.) by extension 'colcon_pkg'
[0.211s] Level 1:colcon.colcon_core.package_identification:_identify(.) by extensions ['colcon_meta']
[0.211s] Level 1:colcon.colcon_core.package_identification:_identify(.) by extension 'colcon_meta'
[0.211s] Level 1:colcon.colcon_core.package_identification:_identify(.) by extensions ['ros']
[0.211s] Level 1:colcon.colcon_core.package_identification:_identify(.) by extension 'ros'
[0.227s] Level 1:colcon.colcon_core.package_identification:_identify(.) by extensions ['cmake', 'python']
[0.227s] Level 1:colcon.colcon_core.package_identification:_identify(.) by extension 'cmake'
[0.227s] Level 1:colcon.colcon_core.package_identification:_identify(.) by extension 'python'
[0.227s] Level 1:colcon.colcon_core.package_identification:_identify(.) by extensions ['python_setup_py']
[0.227s] Level 1:colcon.colcon_core.package_identification:_identify(.) by extension 'python_setup_py'
[0.227s] Level 1:colcon.colcon_core.package_identification:_identify(build) by extensions ['ignore', 'ignore_ament_install']
[0.228s] Level 1:colcon.colcon_core.package_identification:_identify(build) by extension 'ignore'
[0.228s] Level 1:colcon.colcon_core.package_identification:_identify(build) ignored
[0.228s] Level 1:colcon.colcon_core.package_identification:_identify(install) by extensions ['ignore', 'ignore_ament_install']
[0.228s] Level 1:colcon.colcon_core.package_identification:_identify(install) by extension 'ignore'
[0.228s] Level 1:colcon.colcon_core.package_identification:_identify(install) ignored
[0.229s] Level 1:colcon.colcon_core.package_identification:_identify(log) by extensions ['ignore', 'ignore_ament_install']
[0.229s] Level 1:colcon.colcon_core.package_identification:_identify(log) by extension 'ignore'
[0.229s] Level 1:colcon.colcon_core.package_identification:_identify(log) ignored
[0.229s] Level 1:colcon.colcon_core.package_identification:_identify(src) by extensions ['ignore', 'ignore_ament_install']
[0.229s] Level 1:colcon.colcon_core.package_identification:_identify(src) by extension 'ignore'
[0.229s] Level 1:colcon.colcon_core.package_identification:_identify(src) by extension 'ignore_ament_install'
[0.229s] Level 1:colcon.colcon_core.package_identification:_identify(src) by extensions ['colcon_pkg']
[0.229s] Level 1:colcon.colcon_core.package_identification:_identify(src) by extension 'colcon_pkg'
[0.229s] Level 1:colcon.colcon_core.package_identification:_identify(src) by extensions ['colcon_meta']
[0.229s] Level 1:colcon.colcon_core.package_identification:_identify(src) by extension 'colcon_meta'
[0.230s] Level 1:colcon.colcon_core.package_identification:_identify(src) by extensions ['ros']
[0.230s] Level 1:colcon.colcon_core.package_identification:_identify(src) by extension 'ros'
[0.230s] Level 1:colcon.colcon_core.package_identification:_identify(src) by extensions ['cmake', 'python']
[0.230s] Level 1:colcon.colcon_core.package_identification:_identify(src) by extension 'cmake'
[0.230s] Level 1:colcon.colcon_core.package_identification:_identify(src) by extension 'python'
[0.230s] Level 1:colcon.colcon_core.package_identification:_identify(src) by extensions ['python_setup_py']
[0.230s] Level 1:colcon.colcon_core.package_identification:_identify(src) by extension 'python_setup_py'
[0.230s] Level 1:colcon.colcon_core.package_identification:_identify(src/lqr_tracking_one_robot) by extensions ['ignore', 'ignore_ament_install']
[0.231s] Level 1:colcon.colcon_core.package_identification:_identify(src/lqr_tracking_one_robot) by extension 'ignore'
[0.231s] Level 1:colcon.colcon_core.package_identification:_identify(src/lqr_tracking_one_robot) by extension 'ignore_ament_install'
[0.231s] Level 1:colcon.colcon_core.package_identification:_identify(src/lqr_tracking_one_robot) by extensions ['colcon_pkg']
[0.231s] Level 1:colcon.colcon_core.package_identification:_identify(src/lqr_tracking_one_robot) by extension 'colcon_pkg'
[0.231s] Level 1:colcon.colcon_core.package_identification:_identify(src/lqr_tracking_one_robot) by extensions ['colcon_meta']
[0.231s] Level 1:colcon.colcon_core.package_identification:_identify(src/lqr_tracking_one_robot) by extension 'colcon_meta'
[0.231s] Level 1:colcon.colcon_core.package_identification:_identify(src/lqr_tracking_one_robot) by extensions ['ros']
[0.231s] Level 1:colcon.colcon_core.package_identification:_identify(src/lqr_tracking_one_robot) by extension 'ros'
[0.231s] Level 1:colcon.colcon_core.package_identification:_identify(src/lqr_tracking_one_robot) by extensions ['cmake', 'python']
[0.231s] Level 1:colcon.colcon_core.package_identification:_identify(src/lqr_tracking_one_robot) by extension 'cmake'
[0.232s] Level 1:colcon.colcon_core.package_identification:_identify(src/lqr_tracking_one_robot) by extension 'python'
[0.232s] Level 1:colcon.colcon_core.package_identification:_identify(src/lqr_tracking_one_robot) by extensions ['python_setup_py']
[0.232s] Level 1:colcon.colcon_core.package_identification:_identify(src/lqr_tracking_one_robot) by extension 'python_setup_py'
[0.232s] Level 1:colcon.colcon_core.package_identification:_identify(src/lqr_tracking_one_robot/multisim) by extensions ['ignore', 'ignore_ament_install']
[0.232s] Level 1:colcon.colcon_core.package_identification:_identify(src/lqr_tracking_one_robot/multisim) by extension 'ignore'
[0.232s] Level 1:colcon.colcon_core.package_identification:_identify(src/lqr_tracking_one_robot/multisim) by extension 'ignore_ament_install'
[0.232s] Level 1:colcon.colcon_core.package_identification:_identify(src/lqr_tracking_one_robot/multisim) by extensions ['colcon_pkg']
[0.232s] Level 1:colcon.colcon_core.package_identification:_identify(src/lqr_tracking_one_robot/multisim) by extension 'colcon_pkg'
[0.232s] Level 1:colcon.colcon_core.package_identification:_identify(src/lqr_tracking_one_robot/multisim) by extensions ['colcon_meta']
[0.232s] Level 1:colcon.colcon_core.package_identification:_identify(src/lqr_tracking_one_robot/multisim) by extension 'colcon_meta'
[0.233s] Level 1:colcon.colcon_core.package_identification:_identify(src/lqr_tracking_one_robot/multisim) by extensions ['ros']
[0.233s] Level 1:colcon.colcon_core.package_identification:_identify(src/lqr_tracking_one_robot/multisim) by extension 'ros'
[0.236s] DEBUG:colcon.colcon_core.package_identification:Package 'src/lqr_tracking_one_robot/multisim' with type 'ros.ament_python' and name 'multisim'
[0.236s] Level 1:colcon.colcon_core.package_discovery:discover_packages(recursive) using defaults
[0.236s] Level 1:colcon.colcon_core.package_discovery:discover_packages(ignore) discover
[0.236s] Level 1:colcon.colcon_core.package_discovery:discover_packages(ignore) using defaults
[0.236s] Level 1:colcon.colcon_core.package_discovery:discover_packages(path) discover
[0.236s] Level 1:colcon.colcon_core.package_discovery:discover_packages(path) using defaults
[0.261s] Level 1:colcon.colcon_core.package_discovery:discover_packages(prefix_path) check parameters
[0.262s] Level 1:colcon.colcon_core.package_discovery:discover_packages(prefix_path) discover
[0.266s] DEBUG:colcon.colcon_installed_package_information.package_discovery:Found 16 installed packages in /home/ashkreli/turtlebot3_ws/install
[0.266s] DEBUG:colcon.colcon_installed_package_information.package_discovery:Found 0 installed packages in /home/ashkreli/colcon_ws/install
[0.268s] DEBUG:colcon.colcon_installed_package_information.package_discovery:Found 340 installed packages in /opt/ros/foxy
[0.271s] Level 1:colcon.colcon_core.package_discovery:discover_packages(prefix_path) using defaults
[0.391s] Level 5:colcon.colcon_core.verb:set package 'multisim' build argument 'cmake_args' from command line to 'None'
[0.392s] Level 5:colcon.colcon_core.verb:set package 'multisim' build argument 'cmake_target' from command line to 'None'
[0.392s] Level 5:colcon.colcon_core.verb:set package 'multisim' build argument 'cmake_target_skip_unavailable' from command line to 'False'
[0.392s] Level 5:colcon.colcon_core.verb:set package 'multisim' build argument 'cmake_clean_cache' from command line to 'False'
[0.392s] Level 5:colcon.colcon_core.verb:set package 'multisim' build argument 'cmake_clean_first' from command line to 'False'
[0.392s] Level 5:colcon.colcon_core.verb:set package 'multisim' build argument 'cmake_force_configure' from command line to 'False'
[0.392s] Level 5:colcon.colcon_core.verb:set package 'multisim' build argument 'ament_cmake_args' from command line to 'None'
[0.392s] Level 5:colcon.colcon_core.verb:set package 'multisim' build argument 'catkin_cmake_args' from command line to 'None'
[0.392s] Level 5:colcon.colcon_core.verb:set package 'multisim' build argument 'catkin_skip_building_tests' from command line to 'False'
[0.392s] DEBUG:colcon.colcon_core.verb:Building package 'multisim' with the following arguments: {'ament_cmake_args': None, 'build_base': '/home/ashkreli/ros_orientation/tb_lqr_gazebo/build/multisim', 'catkin_cmake_args': None, 'catkin_skip_building_tests': False, 'cmake_args': None, 'cmake_clean_cache': False, 'cmake_clean_first': False, 'cmake_force_configure': False, 'cmake_target': None, 'cmake_target_skip_unavailable': False, 'install_base': '/home/ashkreli/ros_orientation/tb_lqr_gazebo/install/multisim', 'merge_install': False, 'path': '/home/ashkreli/ros_orientation/tb_lqr_gazebo/src/lqr_tracking_one_robot/multisim', 'symlink_install': True, 'test_result_base': None}
[0.393s] INFO:colcon.colcon_core.executor:Executing jobs using 'parallel' executor
[0.396s] DEBUG:colcon.colcon_parallel_executor.executor.parallel:run_until_complete
[0.396s] INFO:colcon.colcon_ros.task.ament_python.build:Building ROS package in '/home/ashkreli/ros_orientation/tb_lqr_gazebo/src/lqr_tracking_one_robot/multisim' with build type 'ament_python'
[0.397s] Level 1:colcon.colcon_core.shell:create_environment_hook('multisim', 'ament_prefix_path')
[0.403s] INFO:colcon.colcon_core.plugin_system:Skipping extension 'colcon_core.shell.bat': Not used on non-Windows systems
[0.403s] INFO:colcon.colcon_core.shell:Creating environment hook '/home/ashkreli/ros_orientation/tb_lqr_gazebo/install/multisim/share/multisim/hook/ament_prefix_path.ps1'
[0.405s] INFO:colcon.colcon_core.shell:Creating environment descriptor '/home/ashkreli/ros_orientation/tb_lqr_gazebo/install/multisim/share/multisim/hook/ament_prefix_path.dsv'
[0.406s] INFO:colcon.colcon_core.shell:Creating environment hook '/home/ashkreli/ros_orientation/tb_lqr_gazebo/install/multisim/share/multisim/hook/ament_prefix_path.sh'
[0.408s] INFO:colcon.colcon_core.shell:Skip shell extension 'powershell' for command environment: Not usable outside of PowerShell
[0.408s] DEBUG:colcon.colcon_core.shell:Skip shell extension 'dsv' for command environment
[0.806s] INFO:colcon.colcon_core.task.python.build:Building Python package in '/home/ashkreli/ros_orientation/tb_lqr_gazebo/src/lqr_tracking_one_robot/multisim'
[0.807s] INFO:colcon.colcon_core.shell:Skip shell extension 'powershell' for command environment: Not usable outside of PowerShell
[0.807s] DEBUG:colcon.colcon_core.shell:Skip shell extension 'dsv' for command environment
[1.837s] DEBUG:colcon.colcon_core.event_handler.log_command:Invoking command in '/home/ashkreli/ros_orientation/tb_lqr_gazebo/build/multisim': PYTHONPATH=/home/ashkreli/ros_orientation/tb_lqr_gazebo/build/multisim/prefix_override:/home/ashkreli/ros_orientation/tb_lqr_gazebo/install/multisim/lib/python3.8/site-packages:${PYTHONPATH} /usr/bin/python3 setup.py develop --editable --build-directory /home/ashkreli/ros_orientation/tb_lqr_gazebo/build/multisim/build --no-deps install_data
[2.574s] Level 1:colcon.colcon_core.shell:create_environment_hook('multisim', 'pythonpath_develop')
[2.575s] INFO:colcon.colcon_core.shell:Creating environment hook '/home/ashkreli/ros_orientation/tb_lqr_gazebo/build/multisim/share/multisim/hook/pythonpath_develop.ps1'
[2.576s] INFO:colcon.colcon_core.shell:Creating environment descriptor '/home/ashkreli/ros_orientation/tb_lqr_gazebo/build/multisim/share/multisim/hook/pythonpath_develop.dsv'
[2.578s] INFO:colcon.colcon_core.shell:Creating environment hook '/home/ashkreli/ros_orientation/tb_lqr_gazebo/build/multisim/share/multisim/hook/pythonpath_develop.sh'
[2.579s] DEBUG:colcon.colcon_core.event_handler.log_command:Invoked command in '/home/ashkreli/ros_orientation/tb_lqr_gazebo/build/multisim' returned '0': PYTHONPATH=/home/ashkreli/ros_orientation/tb_lqr_gazebo/build/multisim/prefix_override:/home/ashkreli/ros_orientation/tb_lqr_gazebo/install/multisim/lib/python3.8/site-packages:${PYTHONPATH} /usr/bin/python3 setup.py develop --editable --build-directory /home/ashkreli/ros_orientation/tb_lqr_gazebo/build/multisim/build --no-deps install_data
[2.585s] Level 1:colcon.colcon_core.environment:checking '/home/ashkreli/ros_orientation/tb_lqr_gazebo/install/multisim' for CMake module files
[2.585s] Level 1:colcon.colcon_core.environment:checking '/home/ashkreli/ros_orientation/tb_lqr_gazebo/install/multisim' for CMake config files
[2.586s] Level 1:colcon.colcon_core.environment:checking '/home/ashkreli/ros_orientation/tb_lqr_gazebo/install/multisim/lib'
[2.587s] Level 1:colcon.colcon_core.environment:checking '/home/ashkreli/ros_orientation/tb_lqr_gazebo/install/multisim/bin'
[2.587s] Level 1:colcon.colcon_core.environment:checking '/home/ashkreli/ros_orientation/tb_lqr_gazebo/install/multisim/lib/pkgconfig/multisim.pc'
[2.587s] Level 1:colcon.colcon_core.environment:checking '/home/ashkreli/ros_orientation/tb_lqr_gazebo/install/multisim/lib/python3.8/site-packages'
[2.587s] Level 1:colcon.colcon_core.shell:create_environment_hook('multisim', 'pythonpath')
[2.588s] INFO:colcon.colcon_core.shell:Creating environment hook '/home/ashkreli/ros_orientation/tb_lqr_gazebo/install/multisim/share/multisim/hook/pythonpath.ps1'
[2.589s] INFO:colcon.colcon_core.shell:Creating environment descriptor '/home/ashkreli/ros_orientation/tb_lqr_gazebo/install/multisim/share/multisim/hook/pythonpath.dsv'
[2.589s] INFO:colcon.colcon_core.shell:Creating environment hook '/home/ashkreli/ros_orientation/tb_lqr_gazebo/install/multisim/share/multisim/hook/pythonpath.sh'
[2.592s] Level 1:colcon.colcon_core.environment:checking '/home/ashkreli/ros_orientation/tb_lqr_gazebo/install/multisim/bin'
[2.592s] Level 1:colcon.colcon_core.environment:create_environment_scripts_only(multisim)
[2.592s] INFO:colcon.colcon_core.shell:Creating package script '/home/ashkreli/ros_orientation/tb_lqr_gazebo/install/multisim/share/multisim/package.ps1'
[2.594s] INFO:colcon.colcon_core.shell:Creating package descriptor '/home/ashkreli/ros_orientation/tb_lqr_gazebo/install/multisim/share/multisim/package.dsv'
[2.596s] INFO:colcon.colcon_core.shell:Creating package script '/home/ashkreli/ros_orientation/tb_lqr_gazebo/install/multisim/share/multisim/package.sh'
[2.597s] INFO:colcon.colcon_core.shell:Creating package script '/home/ashkreli/ros_orientation/tb_lqr_gazebo/install/multisim/share/multisim/package.bash'
[2.598s] INFO:colcon.colcon_core.shell:Creating package script '/home/ashkreli/ros_orientation/tb_lqr_gazebo/install/multisim/share/multisim/package.zsh'
[2.599s] Level 1:colcon.colcon_core.environment:create_file_with_runtime_dependencies(/home/ashkreli/ros_orientation/tb_lqr_gazebo/install/multisim/share/colcon-core/packages/multisim)
[2.600s] DEBUG:colcon.colcon_parallel_executor.executor.parallel:closing loop
[2.601s] DEBUG:colcon.colcon_parallel_executor.executor.parallel:loop closed
[2.602s] DEBUG:colcon.colcon_parallel_executor.executor.parallel:run_until_complete finished with '0'
[2.602s] DEBUG:colcon.colcon_core.event_reactor:joining thread
[2.611s] INFO:colcon.colcon_core.plugin_system:Skipping extension 'colcon_notification.desktop_notification.terminal_notifier': Not used on non-Darwin systems
[2.611s] INFO:colcon.colcon_core.plugin_system:Skipping extension 'colcon_notification.desktop_notification.win32': Not used on non-Windows systems
[2.611s] INFO:colcon.colcon_notification.desktop_notification:Sending desktop notification using 'notify2'
[2.637s] DEBUG:colcon.colcon_core.event_reactor:joined thread
[2.638s] INFO:colcon.colcon_core.shell:Creating prefix script '/home/ashkreli/ros_orientation/tb_lqr_gazebo/install/local_setup.ps1'
[2.640s] INFO:colcon.colcon_core.shell:Creating prefix util module '/home/ashkreli/ros_orientation/tb_lqr_gazebo/install/_local_setup_util_ps1.py'
[2.642s] INFO:colcon.colcon_core.shell:Creating prefix chain script '/home/ashkreli/ros_orientation/tb_lqr_gazebo/install/setup.ps1'
[2.654s] INFO:colcon.colcon_core.shell:Creating prefix script '/home/ashkreli/ros_orientation/tb_lqr_gazebo/install/local_setup.sh'
[2.657s] INFO:colcon.colcon_core.shell:Creating prefix util module '/home/ashkreli/ros_orientation/tb_lqr_gazebo/install/_local_setup_util_sh.py'
[2.659s] INFO:colcon.colcon_core.shell:Creating prefix chain script '/home/ashkreli/ros_orientation/tb_lqr_gazebo/install/setup.sh'
[2.670s] INFO:colcon.colcon_core.shell:Creating prefix script '/home/ashkreli/ros_orientation/tb_lqr_gazebo/install/local_setup.bash'
[2.673s] INFO:colcon.colcon_core.shell:Creating prefix chain script '/home/ashkreli/ros_orientation/tb_lqr_gazebo/install/setup.bash'
[2.680s] INFO:colcon.colcon_core.shell:Creating prefix script '/home/ashkreli/ros_orientation/tb_lqr_gazebo/install/local_setup.zsh'
[2.683s] INFO:colcon.colcon_core.shell:Creating prefix chain script '/home/ashkreli/ros_orientation/tb_lqr_gazebo/install/setup.zsh'
