[0.159s] DEBUG:colcon:Command line arguments: ['/usr/bin/colcon', 'build', '--symlink-install']
[0.159s] DEBUG:colcon:Parsed command line arguments: Namespace(allow_overriding=[], ament_cmake_args=None, base_paths=['.'], build_base='build', catkin_cmake_args=None, catkin_skip_building_tests=False, cmake_args=None, cmake_clean_cache=False, cmake_clean_first=False, cmake_force_configure=False, cmake_target=None, cmake_target_skip_unavailable=False, continue_on_error=False, event_handlers=None, executor='parallel', ignore_user_meta=False, install_base='install', log_base=None, log_level=None, main=<bound method BuildVerb.main of <colcon_core.verb.build.BuildVerb object at 0x7f666eda6a60>>, merge_install=False, metas=['./colcon.meta'], packages_above=None, packages_above_and_dependencies=None, packages_above_depth=None, packages_end=None, packages_ignore=None, packages_ignore_regex=None, packages_select=None, packages_select_build_failed=False, packages_select_by_dep=None, packages_select_regex=None, packages_select_test_failures=False, packages_skip=None, packages_skip_build_finished=False, packages_skip_by_dep=None, packages_skip_regex=None, packages_skip_test_passed=False, packages_skip_up_to=None, packages_start=None, packages_up_to=None, packages_up_to_regex=None, parallel_workers=4, paths=None, symlink_install=True, test_result_base=None, verb_extension=<colcon_core.verb.build.BuildVerb object at 0x7f666eda6a60>, verb_name='build', verb_parser=<colcon_defaults.argument_parser.defaults.DefaultArgumentsDecorator object at 0x7f666edaf040>)
[0.195s] Level 1:colcon.colcon_core.package_discovery:discover_packages(colcon_meta) check parameters
[0.196s] Level 1:colcon.colcon_core.package_discovery:discover_packages(recursive) check parameters
[0.196s] Level 1:colcon.colcon_core.package_discovery:discover_packages(ignore) check parameters
[0.196s] Level 1:colcon.colcon_core.package_discovery:discover_packages(path) check parameters
[0.196s] Level 1:colcon.colcon_core.package_discovery:discover_packages(colcon_meta) discover
[0.196s] Level 1:colcon.colcon_core.package_discovery:discover_packages(recursive) discover
[0.196s] INFO:colcon.colcon_core.package_discovery:Crawling recursively for packages in '/home/ashkreli/ros_orientation/lqr_spline/ros_sim'
[0.196s] Level 1:colcon.colcon_core.package_identification:_identify(.) by extensions ['ignore', 'ignore_ament_install']
[0.196s] Level 1:colcon.colcon_core.package_identification:_identify(.) by extension 'ignore'
[0.197s] Level 1:colcon.colcon_core.package_identification:_identify(.) by extension 'ignore_ament_install'
[0.197s] Level 1:colcon.colcon_core.package_identification:_identify(.) by extensions ['colcon_pkg']
[0.197s] Level 1:colcon.colcon_core.package_identification:_identify(.) by extension 'colcon_pkg'
[0.197s] Level 1:colcon.colcon_core.package_identification:_identify(.) by extensions ['colcon_meta']
[0.197s] Level 1:colcon.colcon_core.package_identification:_identify(.) by extension 'colcon_meta'
[0.197s] Level 1:colcon.colcon_core.package_identification:_identify(.) by extensions ['ros']
[0.197s] Level 1:colcon.colcon_core.package_identification:_identify(.) by extension 'ros'
[0.214s] Level 1:colcon.colcon_core.package_identification:_identify(.) by extensions ['cmake', 'python']
[0.214s] Level 1:colcon.colcon_core.package_identification:_identify(.) by extension 'cmake'
[0.214s] Level 1:colcon.colcon_core.package_identification:_identify(.) by extension 'python'
[0.214s] Level 1:colcon.colcon_core.package_identification:_identify(.) by extensions ['python_setup_py']
[0.214s] Level 1:colcon.colcon_core.package_identification:_identify(.) by extension 'python_setup_py'
[0.215s] Level 1:colcon.colcon_core.package_identification:_identify(build) by extensions ['ignore', 'ignore_ament_install']
[0.215s] Level 1:colcon.colcon_core.package_identification:_identify(build) by extension 'ignore'
[0.215s] Level 1:colcon.colcon_core.package_identification:_identify(build) ignored
[0.215s] Level 1:colcon.colcon_core.package_identification:_identify(install) by extensions ['ignore', 'ignore_ament_install']
[0.215s] Level 1:colcon.colcon_core.package_identification:_identify(install) by extension 'ignore'
[0.215s] Level 1:colcon.colcon_core.package_identification:_identify(install) ignored
[0.216s] Level 1:colcon.colcon_core.package_identification:_identify(log) by extensions ['ignore', 'ignore_ament_install']
[0.216s] Level 1:colcon.colcon_core.package_identification:_identify(log) by extension 'ignore'
[0.216s] Level 1:colcon.colcon_core.package_identification:_identify(log) ignored
[0.216s] Level 1:colcon.colcon_core.package_identification:_identify(src) by extensions ['ignore', 'ignore_ament_install']
[0.216s] Level 1:colcon.colcon_core.package_identification:_identify(src) by extension 'ignore'
[0.216s] Level 1:colcon.colcon_core.package_identification:_identify(src) by extension 'ignore_ament_install'
[0.216s] Level 1:colcon.colcon_core.package_identification:_identify(src) by extensions ['colcon_pkg']
[0.216s] Level 1:colcon.colcon_core.package_identification:_identify(src) by extension 'colcon_pkg'
[0.216s] Level 1:colcon.colcon_core.package_identification:_identify(src) by extensions ['colcon_meta']
[0.217s] Level 1:colcon.colcon_core.package_identification:_identify(src) by extension 'colcon_meta'
[0.217s] Level 1:colcon.colcon_core.package_identification:_identify(src) by extensions ['ros']
[0.217s] Level 1:colcon.colcon_core.package_identification:_identify(src) by extension 'ros'
[0.217s] Level 1:colcon.colcon_core.package_identification:_identify(src) by extensions ['cmake', 'python']
[0.217s] Level 1:colcon.colcon_core.package_identification:_identify(src) by extension 'cmake'
[0.217s] Level 1:colcon.colcon_core.package_identification:_identify(src) by extension 'python'
[0.217s] Level 1:colcon.colcon_core.package_identification:_identify(src) by extensions ['python_setup_py']
[0.217s] Level 1:colcon.colcon_core.package_identification:_identify(src) by extension 'python_setup_py'
[0.217s] Level 1:colcon.colcon_core.package_identification:_identify(src/lqr_trjtrk) by extensions ['ignore', 'ignore_ament_install']
[0.218s] Level 1:colcon.colcon_core.package_identification:_identify(src/lqr_trjtrk) by extension 'ignore'
[0.218s] Level 1:colcon.colcon_core.package_identification:_identify(src/lqr_trjtrk) by extension 'ignore_ament_install'
[0.218s] Level 1:colcon.colcon_core.package_identification:_identify(src/lqr_trjtrk) by extensions ['colcon_pkg']
[0.218s] Level 1:colcon.colcon_core.package_identification:_identify(src/lqr_trjtrk) by extension 'colcon_pkg'
[0.218s] Level 1:colcon.colcon_core.package_identification:_identify(src/lqr_trjtrk) by extensions ['colcon_meta']
[0.218s] Level 1:colcon.colcon_core.package_identification:_identify(src/lqr_trjtrk) by extension 'colcon_meta'
[0.218s] Level 1:colcon.colcon_core.package_identification:_identify(src/lqr_trjtrk) by extensions ['ros']
[0.218s] Level 1:colcon.colcon_core.package_identification:_identify(src/lqr_trjtrk) by extension 'ros'
[0.221s] DEBUG:colcon.colcon_core.package_identification:Package 'src/lqr_trjtrk' with type 'ros.ament_python' and name 'lqr_trjtrk'
[0.221s] Level 1:colcon.colcon_core.package_discovery:discover_packages(recursive) using defaults
[0.221s] Level 1:colcon.colcon_core.package_discovery:discover_packages(ignore) discover
[0.221s] Level 1:colcon.colcon_core.package_discovery:discover_packages(ignore) using defaults
[0.222s] Level 1:colcon.colcon_core.package_discovery:discover_packages(path) discover
[0.222s] Level 1:colcon.colcon_core.package_discovery:discover_packages(path) using defaults
[0.255s] Level 1:colcon.colcon_core.package_discovery:discover_packages(prefix_path) check parameters
[0.255s] Level 1:colcon.colcon_core.package_discovery:discover_packages(prefix_path) discover
[0.259s] DEBUG:colcon.colcon_installed_package_information.package_discovery:Found 16 installed packages in /home/ashkreli/turtlebot3_ws/install
[0.260s] DEBUG:colcon.colcon_installed_package_information.package_discovery:Found 1 installed packages in /home/ashkreli/colcon_ws/install
[0.262s] DEBUG:colcon.colcon_installed_package_information.package_discovery:Found 340 installed packages in /opt/ros/foxy
[0.264s] Level 1:colcon.colcon_core.package_discovery:discover_packages(prefix_path) using defaults
[0.369s] Level 5:colcon.colcon_core.verb:set package 'lqr_trjtrk' build argument 'cmake_args' from command line to 'None'
[0.369s] Level 5:colcon.colcon_core.verb:set package 'lqr_trjtrk' build argument 'cmake_target' from command line to 'None'
[0.370s] Level 5:colcon.colcon_core.verb:set package 'lqr_trjtrk' build argument 'cmake_target_skip_unavailable' from command line to 'False'
[0.370s] Level 5:colcon.colcon_core.verb:set package 'lqr_trjtrk' build argument 'cmake_clean_cache' from command line to 'False'
[0.370s] Level 5:colcon.colcon_core.verb:set package 'lqr_trjtrk' build argument 'cmake_clean_first' from command line to 'False'
[0.370s] Level 5:colcon.colcon_core.verb:set package 'lqr_trjtrk' build argument 'cmake_force_configure' from command line to 'False'
[0.370s] Level 5:colcon.colcon_core.verb:set package 'lqr_trjtrk' build argument 'ament_cmake_args' from command line to 'None'
[0.370s] Level 5:colcon.colcon_core.verb:set package 'lqr_trjtrk' build argument 'catkin_cmake_args' from command line to 'None'
[0.370s] Level 5:colcon.colcon_core.verb:set package 'lqr_trjtrk' build argument 'catkin_skip_building_tests' from command line to 'False'
[0.370s] DEBUG:colcon.colcon_core.verb:Building package 'lqr_trjtrk' with the following arguments: {'ament_cmake_args': None, 'build_base': '/home/ashkreli/ros_orientation/lqr_spline/ros_sim/build/lqr_trjtrk', 'catkin_cmake_args': None, 'catkin_skip_building_tests': False, 'cmake_args': None, 'cmake_clean_cache': False, 'cmake_clean_first': False, 'cmake_force_configure': False, 'cmake_target': None, 'cmake_target_skip_unavailable': False, 'install_base': '/home/ashkreli/ros_orientation/lqr_spline/ros_sim/install/lqr_trjtrk', 'merge_install': False, 'path': '/home/ashkreli/ros_orientation/lqr_spline/ros_sim/src/lqr_trjtrk', 'symlink_install': True, 'test_result_base': None}
[0.371s] INFO:colcon.colcon_core.executor:Executing jobs using 'parallel' executor
[0.384s] DEBUG:colcon.colcon_parallel_executor.executor.parallel:run_until_complete
[0.386s] INFO:colcon.colcon_ros.task.ament_python.build:Building ROS package in '/home/ashkreli/ros_orientation/lqr_spline/ros_sim/src/lqr_trjtrk' with build type 'ament_python'
[0.387s] Level 1:colcon.colcon_core.shell:create_environment_hook('lqr_trjtrk', 'ament_prefix_path')
[0.405s] INFO:colcon.colcon_core.plugin_system:Skipping extension 'colcon_core.shell.bat': Not used on non-Windows systems
[0.410s] INFO:colcon.colcon_core.shell:Creating environment hook '/home/ashkreli/ros_orientation/lqr_spline/ros_sim/install/lqr_trjtrk/share/lqr_trjtrk/hook/ament_prefix_path.ps1'
[0.413s] INFO:colcon.colcon_core.shell:Creating environment descriptor '/home/ashkreli/ros_orientation/lqr_spline/ros_sim/install/lqr_trjtrk/share/lqr_trjtrk/hook/ament_prefix_path.dsv'
[0.414s] INFO:colcon.colcon_core.shell:Creating environment hook '/home/ashkreli/ros_orientation/lqr_spline/ros_sim/install/lqr_trjtrk/share/lqr_trjtrk/hook/ament_prefix_path.sh'
[0.417s] INFO:colcon.colcon_core.shell:Skip shell extension 'powershell' for command environment: Not usable outside of PowerShell
[0.417s] DEBUG:colcon.colcon_core.shell:Skip shell extension 'dsv' for command environment
[1.168s] INFO:colcon.colcon_core.task.python.build:Building Python package in '/home/ashkreli/ros_orientation/lqr_spline/ros_sim/src/lqr_trjtrk'
[1.181s] INFO:colcon.colcon_core.shell:Skip shell extension 'powershell' for command environment: Not usable outside of PowerShell
[1.181s] DEBUG:colcon.colcon_core.shell:Skip shell extension 'dsv' for command environment
[2.423s] DEBUG:colcon.colcon_core.event_handler.log_command:Invoking command in '/home/ashkreli/ros_orientation/lqr_spline/ros_sim/build/lqr_trjtrk': PYTHONPATH=/home/ashkreli/ros_orientation/lqr_spline/ros_sim/install/lqr_trjtrk/lib/python3.8/site-packages:${PYTHONPATH} /usr/bin/python3 setup.py develop --prefix /home/ashkreli/ros_orientation/lqr_spline/ros_sim/install/lqr_trjtrk --editable --build-directory /home/ashkreli/ros_orientation/lqr_spline/ros_sim/build/lqr_trjtrk/build --no-deps install_data --install-dir /home/ashkreli/ros_orientation/lqr_spline/ros_sim/install/lqr_trjtrk
[3.586s] Level 1:colcon.colcon_core.shell:create_environment_hook('lqr_trjtrk', 'pythonpath_develop')
[3.587s] DEBUG:colcon.colcon_core.event_handler.log_command:Invoked command in '/home/ashkreli/ros_orientation/lqr_spline/ros_sim/build/lqr_trjtrk' returned '0': PYTHONPATH=/home/ashkreli/ros_orientation/lqr_spline/ros_sim/install/lqr_trjtrk/lib/python3.8/site-packages:${PYTHONPATH} /usr/bin/python3 setup.py develop --prefix /home/ashkreli/ros_orientation/lqr_spline/ros_sim/install/lqr_trjtrk --editable --build-directory /home/ashkreli/ros_orientation/lqr_spline/ros_sim/build/lqr_trjtrk/build --no-deps install_data --install-dir /home/ashkreli/ros_orientation/lqr_spline/ros_sim/install/lqr_trjtrk
[3.589s] INFO:colcon.colcon_core.shell:Creating environment hook '/home/ashkreli/ros_orientation/lqr_spline/ros_sim/build/lqr_trjtrk/share/lqr_trjtrk/hook/pythonpath_develop.ps1'
[3.591s] INFO:colcon.colcon_core.shell:Creating environment descriptor '/home/ashkreli/ros_orientation/lqr_spline/ros_sim/build/lqr_trjtrk/share/lqr_trjtrk/hook/pythonpath_develop.dsv'
[3.591s] INFO:colcon.colcon_core.shell:Creating environment hook '/home/ashkreli/ros_orientation/lqr_spline/ros_sim/build/lqr_trjtrk/share/lqr_trjtrk/hook/pythonpath_develop.sh'
[3.597s] Level 1:colcon.colcon_core.environment:checking '/home/ashkreli/ros_orientation/lqr_spline/ros_sim/install/lqr_trjtrk' for CMake module files
[3.599s] Level 1:colcon.colcon_core.environment:checking '/home/ashkreli/ros_orientation/lqr_spline/ros_sim/install/lqr_trjtrk' for CMake config files
[3.600s] Level 1:colcon.colcon_core.environment:checking '/home/ashkreli/ros_orientation/lqr_spline/ros_sim/install/lqr_trjtrk/lib'
[3.600s] Level 1:colcon.colcon_core.environment:checking '/home/ashkreli/ros_orientation/lqr_spline/ros_sim/install/lqr_trjtrk/bin'
[3.600s] Level 1:colcon.colcon_core.environment:checking '/home/ashkreli/ros_orientation/lqr_spline/ros_sim/install/lqr_trjtrk/lib/pkgconfig/lqr_trjtrk.pc'
[3.600s] Level 1:colcon.colcon_core.environment:checking '/home/ashkreli/ros_orientation/lqr_spline/ros_sim/install/lqr_trjtrk/lib/python3.8/site-packages'
[3.600s] Level 1:colcon.colcon_core.shell:create_environment_hook('lqr_trjtrk', 'pythonpath')
[3.602s] INFO:colcon.colcon_core.shell:Creating environment hook '/home/ashkreli/ros_orientation/lqr_spline/ros_sim/install/lqr_trjtrk/share/lqr_trjtrk/hook/pythonpath.ps1'
[3.602s] INFO:colcon.colcon_core.shell:Creating environment descriptor '/home/ashkreli/ros_orientation/lqr_spline/ros_sim/install/lqr_trjtrk/share/lqr_trjtrk/hook/pythonpath.dsv'
[3.603s] INFO:colcon.colcon_core.shell:Creating environment hook '/home/ashkreli/ros_orientation/lqr_spline/ros_sim/install/lqr_trjtrk/share/lqr_trjtrk/hook/pythonpath.sh'
[3.604s] Level 1:colcon.colcon_core.environment:checking '/home/ashkreli/ros_orientation/lqr_spline/ros_sim/install/lqr_trjtrk/bin'
[3.604s] Level 1:colcon.colcon_core.environment:create_environment_scripts_only(lqr_trjtrk)
[3.606s] INFO:colcon.colcon_core.shell:Creating package script '/home/ashkreli/ros_orientation/lqr_spline/ros_sim/install/lqr_trjtrk/share/lqr_trjtrk/package.ps1'
[3.609s] INFO:colcon.colcon_core.shell:Creating package descriptor '/home/ashkreli/ros_orientation/lqr_spline/ros_sim/install/lqr_trjtrk/share/lqr_trjtrk/package.dsv'
[3.610s] INFO:colcon.colcon_core.shell:Creating package script '/home/ashkreli/ros_orientation/lqr_spline/ros_sim/install/lqr_trjtrk/share/lqr_trjtrk/package.sh'
[3.611s] INFO:colcon.colcon_core.shell:Creating package script '/home/ashkreli/ros_orientation/lqr_spline/ros_sim/install/lqr_trjtrk/share/lqr_trjtrk/package.bash'
[3.612s] INFO:colcon.colcon_core.shell:Creating package script '/home/ashkreli/ros_orientation/lqr_spline/ros_sim/install/lqr_trjtrk/share/lqr_trjtrk/package.zsh'
[3.616s] Level 1:colcon.colcon_core.environment:create_file_with_runtime_dependencies(/home/ashkreli/ros_orientation/lqr_spline/ros_sim/install/lqr_trjtrk/share/colcon-core/packages/lqr_trjtrk)
[3.621s] DEBUG:colcon.colcon_parallel_executor.executor.parallel:closing loop
[3.621s] DEBUG:colcon.colcon_parallel_executor.executor.parallel:loop closed
[3.622s] DEBUG:colcon.colcon_parallel_executor.executor.parallel:run_until_complete finished with '0'
[3.622s] DEBUG:colcon.colcon_core.event_reactor:joining thread
[3.631s] INFO:colcon.colcon_core.plugin_system:Skipping extension 'colcon_notification.desktop_notification.terminal_notifier': Not used on non-Darwin systems
[3.631s] INFO:colcon.colcon_core.plugin_system:Skipping extension 'colcon_notification.desktop_notification.win32': Not used on non-Windows systems
[3.631s] INFO:colcon.colcon_notification.desktop_notification:Sending desktop notification using 'notify2'
[3.703s] DEBUG:colcon.colcon_core.event_reactor:joined thread
[3.706s] INFO:colcon.colcon_core.shell:Creating prefix script '/home/ashkreli/ros_orientation/lqr_spline/ros_sim/install/local_setup.ps1'
[3.713s] INFO:colcon.colcon_core.shell:Creating prefix util module '/home/ashkreli/ros_orientation/lqr_spline/ros_sim/install/_local_setup_util_ps1.py'
[3.718s] INFO:colcon.colcon_core.shell:Creating prefix chain script '/home/ashkreli/ros_orientation/lqr_spline/ros_sim/install/setup.ps1'
[3.731s] INFO:colcon.colcon_core.shell:Creating prefix script '/home/ashkreli/ros_orientation/lqr_spline/ros_sim/install/local_setup.sh'
[3.735s] INFO:colcon.colcon_core.shell:Creating prefix util module '/home/ashkreli/ros_orientation/lqr_spline/ros_sim/install/_local_setup_util_sh.py'
[3.736s] INFO:colcon.colcon_core.shell:Creating prefix chain script '/home/ashkreli/ros_orientation/lqr_spline/ros_sim/install/setup.sh'
[3.745s] INFO:colcon.colcon_core.shell:Creating prefix script '/home/ashkreli/ros_orientation/lqr_spline/ros_sim/install/local_setup.bash'
[3.749s] INFO:colcon.colcon_core.shell:Creating prefix chain script '/home/ashkreli/ros_orientation/lqr_spline/ros_sim/install/setup.bash'
[3.758s] INFO:colcon.colcon_core.shell:Creating prefix script '/home/ashkreli/ros_orientation/lqr_spline/ros_sim/install/local_setup.zsh'
[3.760s] INFO:colcon.colcon_core.shell:Creating prefix chain script '/home/ashkreli/ros_orientation/lqr_spline/ros_sim/install/setup.zsh'
