[0.848s] DEBUG:colcon:Command line arguments: ['/usr/bin/colcon', 'build', '--symlink-install']
[0.848s] DEBUG:colcon:Parsed command line arguments: Namespace(allow_overriding=[], ament_cmake_args=None, base_paths=['.'], build_base='build', catkin_cmake_args=None, catkin_skip_building_tests=False, cmake_args=None, cmake_clean_cache=False, cmake_clean_first=False, cmake_force_configure=False, cmake_target=None, cmake_target_skip_unavailable=False, continue_on_error=False, event_handlers=None, executor='parallel', ignore_user_meta=False, install_base='install', log_base=None, log_level=None, main=<bound method BuildVerb.main of <colcon_core.verb.build.BuildVerb object at 0x7fc292f8f7f0>>, merge_install=False, metas=['./colcon.meta'], packages_above=None, packages_above_and_dependencies=None, packages_above_depth=None, packages_end=None, packages_ignore=None, packages_ignore_regex=None, packages_select=None, packages_select_build_failed=False, packages_select_by_dep=None, packages_select_regex=None, packages_select_test_failures=False, packages_skip=None, packages_skip_build_finished=False, packages_skip_by_dep=None, packages_skip_regex=None, packages_skip_test_passed=False, packages_skip_up_to=None, packages_start=None, packages_up_to=None, packages_up_to_regex=None, parallel_workers=4, paths=None, symlink_install=True, test_result_base=None, verb_extension=<colcon_core.verb.build.BuildVerb object at 0x7fc292f8f7f0>, verb_name='build', verb_parser=<colcon_defaults.argument_parser.defaults.DefaultArgumentsDecorator object at 0x7fc292f8fd60>)
[1.013s] Level 1:colcon.colcon_core.package_discovery:discover_packages(colcon_meta) check parameters
[1.016s] Level 1:colcon.colcon_core.package_discovery:discover_packages(recursive) check parameters
[1.017s] Level 1:colcon.colcon_core.package_discovery:discover_packages(ignore) check parameters
[1.018s] Level 1:colcon.colcon_core.package_discovery:discover_packages(path) check parameters
[1.018s] Level 1:colcon.colcon_core.package_discovery:discover_packages(colcon_meta) discover
[1.018s] Level 1:colcon.colcon_core.package_discovery:discover_packages(recursive) discover
[1.018s] INFO:colcon.colcon_core.package_discovery:Crawling recursively for packages in '/home/ashkreli/ros_orientation/tb_lqr_gazebo'
[1.018s] Level 1:colcon.colcon_core.package_identification:_identify(.) by extensions ['ignore', 'ignore_ament_install']
[1.019s] Level 1:colcon.colcon_core.package_identification:_identify(.) by extension 'ignore'
[1.019s] Level 1:colcon.colcon_core.package_identification:_identify(.) by extension 'ignore_ament_install'
[1.020s] Level 1:colcon.colcon_core.package_identification:_identify(.) by extensions ['colcon_pkg']
[1.020s] Level 1:colcon.colcon_core.package_identification:_identify(.) by extension 'colcon_pkg'
[1.020s] Level 1:colcon.colcon_core.package_identification:_identify(.) by extensions ['colcon_meta']
[1.020s] Level 1:colcon.colcon_core.package_identification:_identify(.) by extension 'colcon_meta'
[1.020s] Level 1:colcon.colcon_core.package_identification:_identify(.) by extensions ['ros']
[1.020s] Level 1:colcon.colcon_core.package_identification:_identify(.) by extension 'ros'
[1.062s] Level 1:colcon.colcon_core.package_identification:_identify(.) by extensions ['cmake', 'python']
[1.063s] Level 1:colcon.colcon_core.package_identification:_identify(.) by extension 'cmake'
[1.063s] Level 1:colcon.colcon_core.package_identification:_identify(.) by extension 'python'
[1.063s] Level 1:colcon.colcon_core.package_identification:_identify(.) by extensions ['python_setup_py']
[1.063s] Level 1:colcon.colcon_core.package_identification:_identify(.) by extension 'python_setup_py'
[1.063s] Level 1:colcon.colcon_core.package_identification:_identify(build) by extensions ['ignore', 'ignore_ament_install']
[1.064s] Level 1:colcon.colcon_core.package_identification:_identify(build) by extension 'ignore'
[1.064s] Level 1:colcon.colcon_core.package_identification:_identify(build) ignored
[1.064s] Level 1:colcon.colcon_core.package_identification:_identify(install) by extensions ['ignore', 'ignore_ament_install']
[1.064s] Level 1:colcon.colcon_core.package_identification:_identify(install) by extension 'ignore'
[1.065s] Level 1:colcon.colcon_core.package_identification:_identify(install) ignored
[1.065s] Level 1:colcon.colcon_core.package_identification:_identify(log) by extensions ['ignore', 'ignore_ament_install']
[1.065s] Level 1:colcon.colcon_core.package_identification:_identify(log) by extension 'ignore'
[1.065s] Level 1:colcon.colcon_core.package_identification:_identify(log) ignored
[1.065s] Level 1:colcon.colcon_core.package_identification:_identify(src) by extensions ['ignore', 'ignore_ament_install']
[1.065s] Level 1:colcon.colcon_core.package_identification:_identify(src) by extension 'ignore'
[1.066s] Level 1:colcon.colcon_core.package_identification:_identify(src) by extension 'ignore_ament_install'
[1.066s] Level 1:colcon.colcon_core.package_identification:_identify(src) by extensions ['colcon_pkg']
[1.066s] Level 1:colcon.colcon_core.package_identification:_identify(src) by extension 'colcon_pkg'
[1.066s] Level 1:colcon.colcon_core.package_identification:_identify(src) by extensions ['colcon_meta']
[1.067s] Level 1:colcon.colcon_core.package_identification:_identify(src) by extension 'colcon_meta'
[1.067s] Level 1:colcon.colcon_core.package_identification:_identify(src) by extensions ['ros']
[1.067s] Level 1:colcon.colcon_core.package_identification:_identify(src) by extension 'ros'
[1.067s] Level 1:colcon.colcon_core.package_identification:_identify(src) by extensions ['cmake', 'python']
[1.067s] Level 1:colcon.colcon_core.package_identification:_identify(src) by extension 'cmake'
[1.067s] Level 1:colcon.colcon_core.package_identification:_identify(src) by extension 'python'
[1.068s] Level 1:colcon.colcon_core.package_identification:_identify(src) by extensions ['python_setup_py']
[1.068s] Level 1:colcon.colcon_core.package_identification:_identify(src) by extension 'python_setup_py'
[1.068s] Level 1:colcon.colcon_core.package_identification:_identify(src/lqr_tracking_one_robot) by extensions ['ignore', 'ignore_ament_install']
[1.068s] Level 1:colcon.colcon_core.package_identification:_identify(src/lqr_tracking_one_robot) by extension 'ignore'
[1.068s] Level 1:colcon.colcon_core.package_identification:_identify(src/lqr_tracking_one_robot) by extension 'ignore_ament_install'
[1.068s] Level 1:colcon.colcon_core.package_identification:_identify(src/lqr_tracking_one_robot) by extensions ['colcon_pkg']
[1.069s] Level 1:colcon.colcon_core.package_identification:_identify(src/lqr_tracking_one_robot) by extension 'colcon_pkg'
[1.069s] Level 1:colcon.colcon_core.package_identification:_identify(src/lqr_tracking_one_robot) by extensions ['colcon_meta']
[1.069s] Level 1:colcon.colcon_core.package_identification:_identify(src/lqr_tracking_one_robot) by extension 'colcon_meta'
[1.069s] Level 1:colcon.colcon_core.package_identification:_identify(src/lqr_tracking_one_robot) by extensions ['ros']
[1.069s] Level 1:colcon.colcon_core.package_identification:_identify(src/lqr_tracking_one_robot) by extension 'ros'
[1.069s] Level 1:colcon.colcon_core.package_identification:_identify(src/lqr_tracking_one_robot) by extensions ['cmake', 'python']
[1.069s] Level 1:colcon.colcon_core.package_identification:_identify(src/lqr_tracking_one_robot) by extension 'cmake'
[1.069s] Level 1:colcon.colcon_core.package_identification:_identify(src/lqr_tracking_one_robot) by extension 'python'
[1.070s] Level 1:colcon.colcon_core.package_identification:_identify(src/lqr_tracking_one_robot) by extensions ['python_setup_py']
[1.070s] Level 1:colcon.colcon_core.package_identification:_identify(src/lqr_tracking_one_robot) by extension 'python_setup_py'
[1.070s] Level 1:colcon.colcon_core.package_identification:_identify(src/lqr_tracking_one_robot/multisim) by extensions ['ignore', 'ignore_ament_install']
[1.070s] Level 1:colcon.colcon_core.package_identification:_identify(src/lqr_tracking_one_robot/multisim) by extension 'ignore'
[1.070s] Level 1:colcon.colcon_core.package_identification:_identify(src/lqr_tracking_one_robot/multisim) by extension 'ignore_ament_install'
[1.070s] Level 1:colcon.colcon_core.package_identification:_identify(src/lqr_tracking_one_robot/multisim) by extensions ['colcon_pkg']
[1.070s] Level 1:colcon.colcon_core.package_identification:_identify(src/lqr_tracking_one_robot/multisim) by extension 'colcon_pkg'
[1.071s] Level 1:colcon.colcon_core.package_identification:_identify(src/lqr_tracking_one_robot/multisim) by extensions ['colcon_meta']
[1.071s] Level 1:colcon.colcon_core.package_identification:_identify(src/lqr_tracking_one_robot/multisim) by extension 'colcon_meta'
[1.071s] Level 1:colcon.colcon_core.package_identification:_identify(src/lqr_tracking_one_robot/multisim) by extensions ['ros']
[1.071s] Level 1:colcon.colcon_core.package_identification:_identify(src/lqr_tracking_one_robot/multisim) by extension 'ros'
[1.079s] DEBUG:colcon.colcon_core.package_identification:Package 'src/lqr_tracking_one_robot/multisim' with type 'ros.ament_python' and name 'multisim'
[1.079s] Level 1:colcon.colcon_core.package_discovery:discover_packages(recursive) using defaults
[1.079s] Level 1:colcon.colcon_core.package_discovery:discover_packages(ignore) discover
[1.079s] Level 1:colcon.colcon_core.package_discovery:discover_packages(ignore) using defaults
[1.079s] Level 1:colcon.colcon_core.package_discovery:discover_packages(path) discover
[1.079s] Level 1:colcon.colcon_core.package_discovery:discover_packages(path) using defaults
[1.133s] Level 1:colcon.colcon_core.package_discovery:discover_packages(prefix_path) check parameters
[1.133s] Level 1:colcon.colcon_core.package_discovery:discover_packages(prefix_path) discover
[1.187s] DEBUG:colcon.colcon_installed_package_information.package_discovery:Found 16 installed packages in /home/ashkreli/turtlebot3_ws/install
[1.190s] DEBUG:colcon.colcon_installed_package_information.package_discovery:Found 0 installed packages in /home/ashkreli/colcon_ws/install
[1.195s] DEBUG:colcon.colcon_installed_package_information.package_discovery:Found 340 installed packages in /opt/ros/foxy
[1.197s] Level 1:colcon.colcon_core.package_discovery:discover_packages(prefix_path) using defaults
[1.717s] Level 5:colcon.colcon_core.verb:set package 'multisim' build argument 'cmake_args' from command line to 'None'
[1.717s] Level 5:colcon.colcon_core.verb:set package 'multisim' build argument 'cmake_target' from command line to 'None'
[1.717s] Level 5:colcon.colcon_core.verb:set package 'multisim' build argument 'cmake_target_skip_unavailable' from command line to 'False'
[1.717s] Level 5:colcon.colcon_core.verb:set package 'multisim' build argument 'cmake_clean_cache' from command line to 'False'
[1.717s] Level 5:colcon.colcon_core.verb:set package 'multisim' build argument 'cmake_clean_first' from command line to 'False'
[1.718s] Level 5:colcon.colcon_core.verb:set package 'multisim' build argument 'cmake_force_configure' from command line to 'False'
[1.718s] Level 5:colcon.colcon_core.verb:set package 'multisim' build argument 'ament_cmake_args' from command line to 'None'
[1.718s] Level 5:colcon.colcon_core.verb:set package 'multisim' build argument 'catkin_cmake_args' from command line to 'None'
[1.718s] Level 5:colcon.colcon_core.verb:set package 'multisim' build argument 'catkin_skip_building_tests' from command line to 'False'
[1.718s] DEBUG:colcon.colcon_core.verb:Building package 'multisim' with the following arguments: {'ament_cmake_args': None, 'build_base': '/home/ashkreli/ros_orientation/tb_lqr_gazebo/build/multisim', 'catkin_cmake_args': None, 'catkin_skip_building_tests': False, 'cmake_args': None, 'cmake_clean_cache': False, 'cmake_clean_first': False, 'cmake_force_configure': False, 'cmake_target': None, 'cmake_target_skip_unavailable': False, 'install_base': '/home/ashkreli/ros_orientation/tb_lqr_gazebo/install/multisim', 'merge_install': False, 'path': '/home/ashkreli/ros_orientation/tb_lqr_gazebo/src/lqr_tracking_one_robot/multisim', 'symlink_install': True, 'test_result_base': None}
[1.719s] INFO:colcon.colcon_core.executor:Executing jobs using 'parallel' executor
[1.723s] DEBUG:colcon.colcon_parallel_executor.executor.parallel:run_until_complete
[1.723s] INFO:colcon.colcon_ros.task.ament_python.build:Building ROS package in '/home/ashkreli/ros_orientation/tb_lqr_gazebo/src/lqr_tracking_one_robot/multisim' with build type 'ament_python'
[1.724s] Level 1:colcon.colcon_core.shell:create_environment_hook('multisim', 'ament_prefix_path')
[1.740s] INFO:colcon.colcon_core.plugin_system:Skipping extension 'colcon_core.shell.bat': Not used on non-Windows systems
[1.740s] INFO:colcon.colcon_core.shell:Creating environment hook '/home/ashkreli/ros_orientation/tb_lqr_gazebo/install/multisim/share/multisim/hook/ament_prefix_path.ps1'
[1.742s] INFO:colcon.colcon_core.shell:Creating environment descriptor '/home/ashkreli/ros_orientation/tb_lqr_gazebo/install/multisim/share/multisim/hook/ament_prefix_path.dsv'
[1.744s] INFO:colcon.colcon_core.shell:Creating environment hook '/home/ashkreli/ros_orientation/tb_lqr_gazebo/install/multisim/share/multisim/hook/ament_prefix_path.sh'
[1.747s] INFO:colcon.colcon_core.shell:Skip shell extension 'powershell' for command environment: Not usable outside of PowerShell
[1.747s] DEBUG:colcon.colcon_core.shell:Skip shell extension 'dsv' for command environment
[2.187s] INFO:colcon.colcon_core.task.python.build:Building Python package in '/home/ashkreli/ros_orientation/tb_lqr_gazebo/src/lqr_tracking_one_robot/multisim'
[2.188s] INFO:colcon.colcon_core.shell:Skip shell extension 'powershell' for command environment: Not usable outside of PowerShell
[2.188s] DEBUG:colcon.colcon_core.shell:Skip shell extension 'dsv' for command environment
[3.386s] DEBUG:colcon.colcon_core.event_handler.log_command:Invoking command in '/home/ashkreli/ros_orientation/tb_lqr_gazebo/build/multisim': PYTHONPATH=/home/ashkreli/ros_orientation/tb_lqr_gazebo/build/multisim/prefix_override:/home/ashkreli/ros_orientation/tb_lqr_gazebo/install/multisim/lib/python3.8/site-packages:${PYTHONPATH} /usr/bin/python3 setup.py develop --editable --build-directory /home/ashkreli/ros_orientation/tb_lqr_gazebo/build/multisim/build --no-deps install_data
[4.267s] Level 1:colcon.colcon_core.shell:create_environment_hook('multisim', 'pythonpath_develop')
[4.268s] DEBUG:colcon.colcon_core.event_handler.log_command:Invoked command in '/home/ashkreli/ros_orientation/tb_lqr_gazebo/build/multisim' returned '0': PYTHONPATH=/home/ashkreli/ros_orientation/tb_lqr_gazebo/build/multisim/prefix_override:/home/ashkreli/ros_orientation/tb_lqr_gazebo/install/multisim/lib/python3.8/site-packages:${PYTHONPATH} /usr/bin/python3 setup.py develop --editable --build-directory /home/ashkreli/ros_orientation/tb_lqr_gazebo/build/multisim/build --no-deps install_data
[4.269s] INFO:colcon.colcon_core.shell:Creating environment hook '/home/ashkreli/ros_orientation/tb_lqr_gazebo/build/multisim/share/multisim/hook/pythonpath_develop.ps1'
[4.270s] INFO:colcon.colcon_core.shell:Creating environment descriptor '/home/ashkreli/ros_orientation/tb_lqr_gazebo/build/multisim/share/multisim/hook/pythonpath_develop.dsv'
[4.272s] INFO:colcon.colcon_core.shell:Creating environment hook '/home/ashkreli/ros_orientation/tb_lqr_gazebo/build/multisim/share/multisim/hook/pythonpath_develop.sh'
[4.294s] Level 1:colcon.colcon_core.environment:checking '/home/ashkreli/ros_orientation/tb_lqr_gazebo/install/multisim' for CMake module files
[4.295s] Level 1:colcon.colcon_core.environment:checking '/home/ashkreli/ros_orientation/tb_lqr_gazebo/install/multisim' for CMake config files
[4.296s] Level 1:colcon.colcon_core.environment:checking '/home/ashkreli/ros_orientation/tb_lqr_gazebo/install/multisim/lib'
[4.297s] Level 1:colcon.colcon_core.environment:checking '/home/ashkreli/ros_orientation/tb_lqr_gazebo/install/multisim/bin'
[4.297s] Level 1:colcon.colcon_core.environment:checking '/home/ashkreli/ros_orientation/tb_lqr_gazebo/install/multisim/lib/pkgconfig/multisim.pc'
[4.297s] Level 1:colcon.colcon_core.environment:checking '/home/ashkreli/ros_orientation/tb_lqr_gazebo/install/multisim/lib/python3.8/site-packages'
[4.297s] Level 1:colcon.colcon_core.shell:create_environment_hook('multisim', 'pythonpath')
[4.298s] INFO:colcon.colcon_core.shell:Creating environment hook '/home/ashkreli/ros_orientation/tb_lqr_gazebo/install/multisim/share/multisim/hook/pythonpath.ps1'
[4.300s] INFO:colcon.colcon_core.shell:Creating environment descriptor '/home/ashkreli/ros_orientation/tb_lqr_gazebo/install/multisim/share/multisim/hook/pythonpath.dsv'
[4.300s] INFO:colcon.colcon_core.shell:Creating environment hook '/home/ashkreli/ros_orientation/tb_lqr_gazebo/install/multisim/share/multisim/hook/pythonpath.sh'
[4.301s] Level 1:colcon.colcon_core.environment:checking '/home/ashkreli/ros_orientation/tb_lqr_gazebo/install/multisim/bin'
[4.302s] Level 1:colcon.colcon_core.environment:create_environment_scripts_only(multisim)
[4.303s] INFO:colcon.colcon_core.shell:Creating package script '/home/ashkreli/ros_orientation/tb_lqr_gazebo/install/multisim/share/multisim/package.ps1'
[4.305s] INFO:colcon.colcon_core.shell:Creating package descriptor '/home/ashkreli/ros_orientation/tb_lqr_gazebo/install/multisim/share/multisim/package.dsv'
[4.306s] INFO:colcon.colcon_core.shell:Creating package script '/home/ashkreli/ros_orientation/tb_lqr_gazebo/install/multisim/share/multisim/package.sh'
[4.308s] INFO:colcon.colcon_core.shell:Creating package script '/home/ashkreli/ros_orientation/tb_lqr_gazebo/install/multisim/share/multisim/package.bash'
[4.311s] INFO:colcon.colcon_core.shell:Creating package script '/home/ashkreli/ros_orientation/tb_lqr_gazebo/install/multisim/share/multisim/package.zsh'
[4.314s] Level 1:colcon.colcon_core.environment:create_file_with_runtime_dependencies(/home/ashkreli/ros_orientation/tb_lqr_gazebo/install/multisim/share/colcon-core/packages/multisim)
[4.316s] DEBUG:colcon.colcon_parallel_executor.executor.parallel:closing loop
[4.317s] DEBUG:colcon.colcon_parallel_executor.executor.parallel:loop closed
[4.317s] DEBUG:colcon.colcon_parallel_executor.executor.parallel:run_until_complete finished with '0'
[4.317s] DEBUG:colcon.colcon_core.event_reactor:joining thread
[4.345s] INFO:colcon.colcon_core.plugin_system:Skipping extension 'colcon_notification.desktop_notification.terminal_notifier': Not used on non-Darwin systems
[4.345s] INFO:colcon.colcon_core.plugin_system:Skipping extension 'colcon_notification.desktop_notification.win32': Not used on non-Windows systems
[4.345s] INFO:colcon.colcon_notification.desktop_notification:Sending desktop notification using 'notify2'
[4.486s] DEBUG:colcon.colcon_core.event_reactor:joined thread
[4.487s] INFO:colcon.colcon_core.shell:Creating prefix script '/home/ashkreli/ros_orientation/tb_lqr_gazebo/install/local_setup.ps1'
[4.491s] INFO:colcon.colcon_core.shell:Creating prefix util module '/home/ashkreli/ros_orientation/tb_lqr_gazebo/install/_local_setup_util_ps1.py'
[4.494s] INFO:colcon.colcon_core.shell:Creating prefix chain script '/home/ashkreli/ros_orientation/tb_lqr_gazebo/install/setup.ps1'
[4.497s] INFO:colcon.colcon_core.shell:Creating prefix script '/home/ashkreli/ros_orientation/tb_lqr_gazebo/install/local_setup.sh'
[4.499s] INFO:colcon.colcon_core.shell:Creating prefix util module '/home/ashkreli/ros_orientation/tb_lqr_gazebo/install/_local_setup_util_sh.py'
[4.505s] INFO:colcon.colcon_core.shell:Creating prefix chain script '/home/ashkreli/ros_orientation/tb_lqr_gazebo/install/setup.sh'
[4.510s] INFO:colcon.colcon_core.shell:Creating prefix script '/home/ashkreli/ros_orientation/tb_lqr_gazebo/install/local_setup.bash'
[4.511s] INFO:colcon.colcon_core.shell:Creating prefix chain script '/home/ashkreli/ros_orientation/tb_lqr_gazebo/install/setup.bash'
[4.514s] INFO:colcon.colcon_core.shell:Creating prefix script '/home/ashkreli/ros_orientation/tb_lqr_gazebo/install/local_setup.zsh'
[4.517s] INFO:colcon.colcon_core.shell:Creating prefix chain script '/home/ashkreli/ros_orientation/tb_lqr_gazebo/install/setup.zsh'
