[0.183s] DEBUG:colcon:Command line arguments: ['/usr/bin/colcon', 'build', '--symlink-install']
[0.183s] DEBUG:colcon:Parsed command line arguments: Namespace(allow_overriding=[], ament_cmake_args=None, base_paths=['.'], build_base='build', catkin_cmake_args=None, catkin_skip_building_tests=False, cmake_args=None, cmake_clean_cache=False, cmake_clean_first=False, cmake_force_configure=False, cmake_target=None, cmake_target_skip_unavailable=False, continue_on_error=False, event_handlers=None, executor='parallel', ignore_user_meta=False, install_base='install', log_base=None, log_level=None, main=<bound method BuildVerb.main of <colcon_core.verb.build.BuildVerb object at 0x7fd594322af0>>, merge_install=False, metas=['./colcon.meta'], packages_above=None, packages_above_and_dependencies=None, packages_above_depth=None, packages_end=None, packages_ignore=None, packages_ignore_regex=None, packages_select=None, packages_select_build_failed=False, packages_select_by_dep=None, packages_select_regex=None, packages_select_test_failures=False, packages_skip=None, packages_skip_build_finished=False, packages_skip_by_dep=None, packages_skip_regex=None, packages_skip_test_passed=False, packages_skip_up_to=None, packages_start=None, packages_up_to=None, packages_up_to_regex=None, parallel_workers=4, paths=None, symlink_install=True, test_result_base=None, verb_extension=<colcon_core.verb.build.BuildVerb object at 0x7fd594322af0>, verb_name='build', verb_parser=<colcon_defaults.argument_parser.defaults.DefaultArgumentsDecorator object at 0x7fd59432b0a0>)
[0.233s] Level 1:colcon.colcon_core.package_discovery:discover_packages(colcon_meta) check parameters
[0.233s] Level 1:colcon.colcon_core.package_discovery:discover_packages(recursive) check parameters
[0.233s] Level 1:colcon.colcon_core.package_discovery:discover_packages(ignore) check parameters
[0.233s] Level 1:colcon.colcon_core.package_discovery:discover_packages(path) check parameters
[0.233s] Level 1:colcon.colcon_core.package_discovery:discover_packages(colcon_meta) discover
[0.233s] Level 1:colcon.colcon_core.package_discovery:discover_packages(recursive) discover
[0.233s] INFO:colcon.colcon_core.package_discovery:Crawling recursively for packages in '/home/ashkreli/ros_orientation/lqr_spline/ros_sim'
[0.234s] Level 1:colcon.colcon_core.package_identification:_identify(.) by extensions ['ignore', 'ignore_ament_install']
[0.234s] Level 1:colcon.colcon_core.package_identification:_identify(.) by extension 'ignore'
[0.234s] Level 1:colcon.colcon_core.package_identification:_identify(.) by extension 'ignore_ament_install'
[0.235s] Level 1:colcon.colcon_core.package_identification:_identify(.) by extensions ['colcon_pkg']
[0.235s] Level 1:colcon.colcon_core.package_identification:_identify(.) by extension 'colcon_pkg'
[0.235s] Level 1:colcon.colcon_core.package_identification:_identify(.) by extensions ['colcon_meta']
[0.235s] Level 1:colcon.colcon_core.package_identification:_identify(.) by extension 'colcon_meta'
[0.235s] Level 1:colcon.colcon_core.package_identification:_identify(.) by extensions ['ros']
[0.235s] Level 1:colcon.colcon_core.package_identification:_identify(.) by extension 'ros'
[0.283s] Level 1:colcon.colcon_core.package_identification:_identify(.) by extensions ['cmake', 'python']
[0.283s] Level 1:colcon.colcon_core.package_identification:_identify(.) by extension 'cmake'
[0.284s] Level 1:colcon.colcon_core.package_identification:_identify(.) by extension 'python'
[0.284s] Level 1:colcon.colcon_core.package_identification:_identify(.) by extensions ['python_setup_py']
[0.284s] Level 1:colcon.colcon_core.package_identification:_identify(.) by extension 'python_setup_py'
[0.284s] Level 1:colcon.colcon_core.package_identification:_identify(build) by extensions ['ignore', 'ignore_ament_install']
[0.284s] Level 1:colcon.colcon_core.package_identification:_identify(build) by extension 'ignore'
[0.284s] Level 1:colcon.colcon_core.package_identification:_identify(build) ignored
[0.285s] Level 1:colcon.colcon_core.package_identification:_identify(install) by extensions ['ignore', 'ignore_ament_install']
[0.285s] Level 1:colcon.colcon_core.package_identification:_identify(install) by extension 'ignore'
[0.285s] Level 1:colcon.colcon_core.package_identification:_identify(install) ignored
[0.285s] Level 1:colcon.colcon_core.package_identification:_identify(log) by extensions ['ignore', 'ignore_ament_install']
[0.285s] Level 1:colcon.colcon_core.package_identification:_identify(log) by extension 'ignore'
[0.285s] Level 1:colcon.colcon_core.package_identification:_identify(log) ignored
[0.285s] Level 1:colcon.colcon_core.package_identification:_identify(src) by extensions ['ignore', 'ignore_ament_install']
[0.286s] Level 1:colcon.colcon_core.package_identification:_identify(src) by extension 'ignore'
[0.286s] Level 1:colcon.colcon_core.package_identification:_identify(src) by extension 'ignore_ament_install'
[0.286s] Level 1:colcon.colcon_core.package_identification:_identify(src) by extensions ['colcon_pkg']
[0.286s] Level 1:colcon.colcon_core.package_identification:_identify(src) by extension 'colcon_pkg'
[0.286s] Level 1:colcon.colcon_core.package_identification:_identify(src) by extensions ['colcon_meta']
[0.286s] Level 1:colcon.colcon_core.package_identification:_identify(src) by extension 'colcon_meta'
[0.286s] Level 1:colcon.colcon_core.package_identification:_identify(src) by extensions ['ros']
[0.286s] Level 1:colcon.colcon_core.package_identification:_identify(src) by extension 'ros'
[0.287s] Level 1:colcon.colcon_core.package_identification:_identify(src) by extensions ['cmake', 'python']
[0.287s] Level 1:colcon.colcon_core.package_identification:_identify(src) by extension 'cmake'
[0.287s] Level 1:colcon.colcon_core.package_identification:_identify(src) by extension 'python'
[0.287s] Level 1:colcon.colcon_core.package_identification:_identify(src) by extensions ['python_setup_py']
[0.287s] Level 1:colcon.colcon_core.package_identification:_identify(src) by extension 'python_setup_py'
[0.287s] Level 1:colcon.colcon_core.package_identification:_identify(src/lqr_trjtrk) by extensions ['ignore', 'ignore_ament_install']
[0.287s] Level 1:colcon.colcon_core.package_identification:_identify(src/lqr_trjtrk) by extension 'ignore'
[0.288s] Level 1:colcon.colcon_core.package_identification:_identify(src/lqr_trjtrk) by extension 'ignore_ament_install'
[0.288s] Level 1:colcon.colcon_core.package_identification:_identify(src/lqr_trjtrk) by extensions ['colcon_pkg']
[0.288s] Level 1:colcon.colcon_core.package_identification:_identify(src/lqr_trjtrk) by extension 'colcon_pkg'
[0.288s] Level 1:colcon.colcon_core.package_identification:_identify(src/lqr_trjtrk) by extensions ['colcon_meta']
[0.288s] Level 1:colcon.colcon_core.package_identification:_identify(src/lqr_trjtrk) by extension 'colcon_meta'
[0.288s] Level 1:colcon.colcon_core.package_identification:_identify(src/lqr_trjtrk) by extensions ['ros']
[0.288s] Level 1:colcon.colcon_core.package_identification:_identify(src/lqr_trjtrk) by extension 'ros'
[0.301s] DEBUG:colcon.colcon_core.package_identification:Package 'src/lqr_trjtrk' with type 'ros.ament_python' and name 'lqr_trjtrk'
[0.301s] Level 1:colcon.colcon_core.package_discovery:discover_packages(recursive) using defaults
[0.302s] Level 1:colcon.colcon_core.package_discovery:discover_packages(ignore) discover
[0.302s] Level 1:colcon.colcon_core.package_discovery:discover_packages(ignore) using defaults
[0.302s] Level 1:colcon.colcon_core.package_discovery:discover_packages(path) discover
[0.302s] Level 1:colcon.colcon_core.package_discovery:discover_packages(path) using defaults
[0.382s] Level 1:colcon.colcon_core.package_discovery:discover_packages(prefix_path) check parameters
[0.382s] Level 1:colcon.colcon_core.package_discovery:discover_packages(prefix_path) discover
[0.400s] DEBUG:colcon.colcon_installed_package_information.package_discovery:Found 16 installed packages in /home/ashkreli/turtlebot3_ws/install
[0.403s] DEBUG:colcon.colcon_installed_package_information.package_discovery:Found 1 installed packages in /home/ashkreli/colcon_ws/install
[0.408s] DEBUG:colcon.colcon_installed_package_information.package_discovery:Found 340 installed packages in /opt/ros/foxy
[0.415s] Level 1:colcon.colcon_core.package_discovery:discover_packages(prefix_path) using defaults
[0.698s] Level 5:colcon.colcon_core.verb:set package 'lqr_trjtrk' build argument 'cmake_args' from command line to 'None'
[0.699s] Level 5:colcon.colcon_core.verb:set package 'lqr_trjtrk' build argument 'cmake_target' from command line to 'None'
[0.699s] Level 5:colcon.colcon_core.verb:set package 'lqr_trjtrk' build argument 'cmake_target_skip_unavailable' from command line to 'False'
[0.699s] Level 5:colcon.colcon_core.verb:set package 'lqr_trjtrk' build argument 'cmake_clean_cache' from command line to 'False'
[0.699s] Level 5:colcon.colcon_core.verb:set package 'lqr_trjtrk' build argument 'cmake_clean_first' from command line to 'False'
[0.699s] Level 5:colcon.colcon_core.verb:set package 'lqr_trjtrk' build argument 'cmake_force_configure' from command line to 'False'
[0.700s] Level 5:colcon.colcon_core.verb:set package 'lqr_trjtrk' build argument 'ament_cmake_args' from command line to 'None'
[0.700s] Level 5:colcon.colcon_core.verb:set package 'lqr_trjtrk' build argument 'catkin_cmake_args' from command line to 'None'
[0.700s] Level 5:colcon.colcon_core.verb:set package 'lqr_trjtrk' build argument 'catkin_skip_building_tests' from command line to 'False'
[0.701s] DEBUG:colcon.colcon_core.verb:Building package 'lqr_trjtrk' with the following arguments: {'ament_cmake_args': None, 'build_base': '/home/ashkreli/ros_orientation/lqr_spline/ros_sim/build/lqr_trjtrk', 'catkin_cmake_args': None, 'catkin_skip_building_tests': False, 'cmake_args': None, 'cmake_clean_cache': False, 'cmake_clean_first': False, 'cmake_force_configure': False, 'cmake_target': None, 'cmake_target_skip_unavailable': False, 'install_base': '/home/ashkreli/ros_orientation/lqr_spline/ros_sim/install/lqr_trjtrk', 'merge_install': False, 'path': '/home/ashkreli/ros_orientation/lqr_spline/ros_sim/src/lqr_trjtrk', 'symlink_install': True, 'test_result_base': None}
[0.704s] INFO:colcon.colcon_core.executor:Executing jobs using 'parallel' executor
[0.720s] DEBUG:colcon.colcon_parallel_executor.executor.parallel:run_until_complete
[0.724s] INFO:colcon.colcon_ros.task.ament_python.build:Building ROS package in '/home/ashkreli/ros_orientation/lqr_spline/ros_sim/src/lqr_trjtrk' with build type 'ament_python'
[0.726s] Level 1:colcon.colcon_core.shell:create_environment_hook('lqr_trjtrk', 'ament_prefix_path')
[0.741s] INFO:colcon.colcon_core.plugin_system:Skipping extension 'colcon_core.shell.bat': Not used on non-Windows systems
[0.741s] INFO:colcon.colcon_core.shell:Creating environment hook '/home/ashkreli/ros_orientation/lqr_spline/ros_sim/install/lqr_trjtrk/share/lqr_trjtrk/hook/ament_prefix_path.ps1'
[0.743s] INFO:colcon.colcon_core.shell:Creating environment descriptor '/home/ashkreli/ros_orientation/lqr_spline/ros_sim/install/lqr_trjtrk/share/lqr_trjtrk/hook/ament_prefix_path.dsv'
[0.745s] INFO:colcon.colcon_core.shell:Creating environment hook '/home/ashkreli/ros_orientation/lqr_spline/ros_sim/install/lqr_trjtrk/share/lqr_trjtrk/hook/ament_prefix_path.sh'
[0.753s] INFO:colcon.colcon_core.shell:Skip shell extension 'powershell' for command environment: Not usable outside of PowerShell
[0.755s] DEBUG:colcon.colcon_core.shell:Skip shell extension 'dsv' for command environment
[1.433s] INFO:colcon.colcon_core.task.python.build:Building Python package in '/home/ashkreli/ros_orientation/lqr_spline/ros_sim/src/lqr_trjtrk'
[1.436s] INFO:colcon.colcon_core.shell:Skip shell extension 'powershell' for command environment: Not usable outside of PowerShell
[1.436s] DEBUG:colcon.colcon_core.shell:Skip shell extension 'dsv' for command environment
[2.417s] DEBUG:colcon.colcon_core.event_handler.log_command:Invoking command in '/home/ashkreli/ros_orientation/lqr_spline/ros_sim/build/lqr_trjtrk': PYTHONPATH=/home/ashkreli/ros_orientation/lqr_spline/ros_sim/install/lqr_trjtrk/lib/python3.8/site-packages:${PYTHONPATH} /usr/bin/python3 setup.py develop --prefix /home/ashkreli/ros_orientation/lqr_spline/ros_sim/install/lqr_trjtrk --editable --build-directory /home/ashkreli/ros_orientation/lqr_spline/ros_sim/build/lqr_trjtrk/build --no-deps install_data --install-dir /home/ashkreli/ros_orientation/lqr_spline/ros_sim/install/lqr_trjtrk
[3.400s] Level 1:colcon.colcon_core.shell:create_environment_hook('lqr_trjtrk', 'pythonpath_develop')
[3.404s] INFO:colcon.colcon_core.shell:Creating environment hook '/home/ashkreli/ros_orientation/lqr_spline/ros_sim/build/lqr_trjtrk/share/lqr_trjtrk/hook/pythonpath_develop.ps1'
[3.405s] DEBUG:colcon.colcon_core.event_handler.log_command:Invoked command in '/home/ashkreli/ros_orientation/lqr_spline/ros_sim/build/lqr_trjtrk' returned '0': PYTHONPATH=/home/ashkreli/ros_orientation/lqr_spline/ros_sim/install/lqr_trjtrk/lib/python3.8/site-packages:${PYTHONPATH} /usr/bin/python3 setup.py develop --prefix /home/ashkreli/ros_orientation/lqr_spline/ros_sim/install/lqr_trjtrk --editable --build-directory /home/ashkreli/ros_orientation/lqr_spline/ros_sim/build/lqr_trjtrk/build --no-deps install_data --install-dir /home/ashkreli/ros_orientation/lqr_spline/ros_sim/install/lqr_trjtrk
[3.406s] INFO:colcon.colcon_core.shell:Creating environment descriptor '/home/ashkreli/ros_orientation/lqr_spline/ros_sim/build/lqr_trjtrk/share/lqr_trjtrk/hook/pythonpath_develop.dsv'
[3.408s] INFO:colcon.colcon_core.shell:Creating environment hook '/home/ashkreli/ros_orientation/lqr_spline/ros_sim/build/lqr_trjtrk/share/lqr_trjtrk/hook/pythonpath_develop.sh'
[3.419s] Level 1:colcon.colcon_core.environment:checking '/home/ashkreli/ros_orientation/lqr_spline/ros_sim/install/lqr_trjtrk' for CMake module files
[3.420s] Level 1:colcon.colcon_core.environment:checking '/home/ashkreli/ros_orientation/lqr_spline/ros_sim/install/lqr_trjtrk' for CMake config files
[3.421s] Level 1:colcon.colcon_core.environment:checking '/home/ashkreli/ros_orientation/lqr_spline/ros_sim/install/lqr_trjtrk/lib'
[3.422s] Level 1:colcon.colcon_core.environment:checking '/home/ashkreli/ros_orientation/lqr_spline/ros_sim/install/lqr_trjtrk/bin'
[3.422s] Level 1:colcon.colcon_core.environment:checking '/home/ashkreli/ros_orientation/lqr_spline/ros_sim/install/lqr_trjtrk/lib/pkgconfig/lqr_trjtrk.pc'
[3.422s] Level 1:colcon.colcon_core.environment:checking '/home/ashkreli/ros_orientation/lqr_spline/ros_sim/install/lqr_trjtrk/lib/python3.8/site-packages'
[3.423s] Level 1:colcon.colcon_core.shell:create_environment_hook('lqr_trjtrk', 'pythonpath')
[3.425s] INFO:colcon.colcon_core.shell:Creating environment hook '/home/ashkreli/ros_orientation/lqr_spline/ros_sim/install/lqr_trjtrk/share/lqr_trjtrk/hook/pythonpath.ps1'
[3.427s] INFO:colcon.colcon_core.shell:Creating environment descriptor '/home/ashkreli/ros_orientation/lqr_spline/ros_sim/install/lqr_trjtrk/share/lqr_trjtrk/hook/pythonpath.dsv'
[3.428s] INFO:colcon.colcon_core.shell:Creating environment hook '/home/ashkreli/ros_orientation/lqr_spline/ros_sim/install/lqr_trjtrk/share/lqr_trjtrk/hook/pythonpath.sh'
[3.430s] Level 1:colcon.colcon_core.environment:checking '/home/ashkreli/ros_orientation/lqr_spline/ros_sim/install/lqr_trjtrk/bin'
[3.430s] Level 1:colcon.colcon_core.environment:create_environment_scripts_only(lqr_trjtrk)
[3.432s] INFO:colcon.colcon_core.shell:Creating package script '/home/ashkreli/ros_orientation/lqr_spline/ros_sim/install/lqr_trjtrk/share/lqr_trjtrk/package.ps1'
[3.434s] INFO:colcon.colcon_core.shell:Creating package descriptor '/home/ashkreli/ros_orientation/lqr_spline/ros_sim/install/lqr_trjtrk/share/lqr_trjtrk/package.dsv'
[3.435s] INFO:colcon.colcon_core.shell:Creating package script '/home/ashkreli/ros_orientation/lqr_spline/ros_sim/install/lqr_trjtrk/share/lqr_trjtrk/package.sh'
[3.436s] INFO:colcon.colcon_core.shell:Creating package script '/home/ashkreli/ros_orientation/lqr_spline/ros_sim/install/lqr_trjtrk/share/lqr_trjtrk/package.bash'
[3.437s] INFO:colcon.colcon_core.shell:Creating package script '/home/ashkreli/ros_orientation/lqr_spline/ros_sim/install/lqr_trjtrk/share/lqr_trjtrk/package.zsh'
[3.439s] Level 1:colcon.colcon_core.environment:create_file_with_runtime_dependencies(/home/ashkreli/ros_orientation/lqr_spline/ros_sim/install/lqr_trjtrk/share/colcon-core/packages/lqr_trjtrk)
[3.440s] DEBUG:colcon.colcon_parallel_executor.executor.parallel:closing loop
[3.442s] DEBUG:colcon.colcon_parallel_executor.executor.parallel:loop closed
[3.442s] DEBUG:colcon.colcon_parallel_executor.executor.parallel:run_until_complete finished with '0'
[3.442s] DEBUG:colcon.colcon_core.event_reactor:joining thread
[3.458s] INFO:colcon.colcon_core.plugin_system:Skipping extension 'colcon_notification.desktop_notification.terminal_notifier': Not used on non-Darwin systems
[3.458s] INFO:colcon.colcon_core.plugin_system:Skipping extension 'colcon_notification.desktop_notification.win32': Not used on non-Windows systems
[3.459s] INFO:colcon.colcon_notification.desktop_notification:Sending desktop notification using 'notify2'
[3.553s] DEBUG:colcon.colcon_core.event_reactor:joined thread
[3.555s] INFO:colcon.colcon_core.shell:Creating prefix script '/home/ashkreli/ros_orientation/lqr_spline/ros_sim/install/local_setup.ps1'
[3.557s] INFO:colcon.colcon_core.shell:Creating prefix util module '/home/ashkreli/ros_orientation/lqr_spline/ros_sim/install/_local_setup_util_ps1.py'
[3.561s] INFO:colcon.colcon_core.shell:Creating prefix chain script '/home/ashkreli/ros_orientation/lqr_spline/ros_sim/install/setup.ps1'
[3.571s] INFO:colcon.colcon_core.shell:Creating prefix script '/home/ashkreli/ros_orientation/lqr_spline/ros_sim/install/local_setup.sh'
[3.575s] INFO:colcon.colcon_core.shell:Creating prefix util module '/home/ashkreli/ros_orientation/lqr_spline/ros_sim/install/_local_setup_util_sh.py'
[3.585s] INFO:colcon.colcon_core.shell:Creating prefix chain script '/home/ashkreli/ros_orientation/lqr_spline/ros_sim/install/setup.sh'
[3.593s] INFO:colcon.colcon_core.shell:Creating prefix script '/home/ashkreli/ros_orientation/lqr_spline/ros_sim/install/local_setup.bash'
[3.594s] INFO:colcon.colcon_core.shell:Creating prefix chain script '/home/ashkreli/ros_orientation/lqr_spline/ros_sim/install/setup.bash'
[3.599s] INFO:colcon.colcon_core.shell:Creating prefix script '/home/ashkreli/ros_orientation/lqr_spline/ros_sim/install/local_setup.zsh'
[3.607s] INFO:colcon.colcon_core.shell:Creating prefix chain script '/home/ashkreli/ros_orientation/lqr_spline/ros_sim/install/setup.zsh'
