[0.524s] DEBUG:colcon:Command line arguments: ['/usr/bin/colcon', 'build', '--symlink-install']
[0.524s] DEBUG:colcon:Parsed command line arguments: Namespace(allow_overriding=[], ament_cmake_args=None, base_paths=['.'], build_base='build', catkin_cmake_args=None, catkin_skip_building_tests=False, cmake_args=None, cmake_clean_cache=False, cmake_clean_first=False, cmake_force_configure=False, cmake_target=None, cmake_target_skip_unavailable=False, continue_on_error=False, event_handlers=None, executor='parallel', ignore_user_meta=False, install_base='install', log_base=None, log_level=None, main=<bound method BuildVerb.main of <colcon_core.verb.build.BuildVerb object at 0x7efefaad1820>>, merge_install=False, metas=['./colcon.meta'], packages_above=None, packages_above_and_dependencies=None, packages_above_depth=None, packages_end=None, packages_ignore=None, packages_ignore_regex=None, packages_select=None, packages_select_build_failed=False, packages_select_by_dep=None, packages_select_regex=None, packages_select_test_failures=False, packages_skip=None, packages_skip_build_finished=False, packages_skip_by_dep=None, packages_skip_regex=None, packages_skip_test_passed=False, packages_skip_up_to=None, packages_start=None, packages_up_to=None, packages_up_to_regex=None, parallel_workers=4, paths=None, symlink_install=True, test_result_base=None, verb_extension=<colcon_core.verb.build.BuildVerb object at 0x7efefaad1820>, verb_name='build', verb_parser=<colcon_defaults.argument_parser.defaults.DefaultArgumentsDecorator object at 0x7efefaad1d90>)
[0.690s] Level 1:colcon.colcon_core.package_discovery:discover_packages(colcon_meta) check parameters
[0.690s] Level 1:colcon.colcon_core.package_discovery:discover_packages(recursive) check parameters
[0.691s] Level 1:colcon.colcon_core.package_discovery:discover_packages(ignore) check parameters
[0.691s] Level 1:colcon.colcon_core.package_discovery:discover_packages(path) check parameters
[0.691s] Level 1:colcon.colcon_core.package_discovery:discover_packages(colcon_meta) discover
[0.691s] Level 1:colcon.colcon_core.package_discovery:discover_packages(recursive) discover
[0.692s] INFO:colcon.colcon_core.package_discovery:Crawling recursively for packages in '/home/ashkreli/ros_orientation/lqr_spline/ros_sim'
[0.692s] Level 1:colcon.colcon_core.package_identification:_identify(.) by extensions ['ignore', 'ignore_ament_install']
[0.693s] Level 1:colcon.colcon_core.package_identification:_identify(.) by extension 'ignore'
[0.693s] Level 1:colcon.colcon_core.package_identification:_identify(.) by extension 'ignore_ament_install'
[0.693s] Level 1:colcon.colcon_core.package_identification:_identify(.) by extensions ['colcon_pkg']
[0.693s] Level 1:colcon.colcon_core.package_identification:_identify(.) by extension 'colcon_pkg'
[0.694s] Level 1:colcon.colcon_core.package_identification:_identify(.) by extensions ['colcon_meta']
[0.694s] Level 1:colcon.colcon_core.package_identification:_identify(.) by extension 'colcon_meta'
[0.694s] Level 1:colcon.colcon_core.package_identification:_identify(.) by extensions ['ros']
[0.694s] Level 1:colcon.colcon_core.package_identification:_identify(.) by extension 'ros'
[0.759s] Level 1:colcon.colcon_core.package_identification:_identify(.) by extensions ['cmake', 'python']
[0.759s] Level 1:colcon.colcon_core.package_identification:_identify(.) by extension 'cmake'
[0.759s] Level 1:colcon.colcon_core.package_identification:_identify(.) by extension 'python'
[0.760s] Level 1:colcon.colcon_core.package_identification:_identify(.) by extensions ['python_setup_py']
[0.760s] Level 1:colcon.colcon_core.package_identification:_identify(.) by extension 'python_setup_py'
[0.761s] Level 1:colcon.colcon_core.package_identification:_identify(build) by extensions ['ignore', 'ignore_ament_install']
[0.762s] Level 1:colcon.colcon_core.package_identification:_identify(build) by extension 'ignore'
[0.762s] Level 1:colcon.colcon_core.package_identification:_identify(build) ignored
[0.762s] Level 1:colcon.colcon_core.package_identification:_identify(install) by extensions ['ignore', 'ignore_ament_install']
[0.763s] Level 1:colcon.colcon_core.package_identification:_identify(install) by extension 'ignore'
[0.764s] Level 1:colcon.colcon_core.package_identification:_identify(install) ignored
[0.764s] Level 1:colcon.colcon_core.package_identification:_identify(log) by extensions ['ignore', 'ignore_ament_install']
[0.764s] Level 1:colcon.colcon_core.package_identification:_identify(log) by extension 'ignore'
[0.764s] Level 1:colcon.colcon_core.package_identification:_identify(log) ignored
[0.765s] Level 1:colcon.colcon_core.package_identification:_identify(src) by extensions ['ignore', 'ignore_ament_install']
[0.765s] Level 1:colcon.colcon_core.package_identification:_identify(src) by extension 'ignore'
[0.765s] Level 1:colcon.colcon_core.package_identification:_identify(src) by extension 'ignore_ament_install'
[0.765s] Level 1:colcon.colcon_core.package_identification:_identify(src) by extensions ['colcon_pkg']
[0.765s] Level 1:colcon.colcon_core.package_identification:_identify(src) by extension 'colcon_pkg'
[0.766s] Level 1:colcon.colcon_core.package_identification:_identify(src) by extensions ['colcon_meta']
[0.766s] Level 1:colcon.colcon_core.package_identification:_identify(src) by extension 'colcon_meta'
[0.766s] Level 1:colcon.colcon_core.package_identification:_identify(src) by extensions ['ros']
[0.766s] Level 1:colcon.colcon_core.package_identification:_identify(src) by extension 'ros'
[0.766s] Level 1:colcon.colcon_core.package_identification:_identify(src) by extensions ['cmake', 'python']
[0.766s] Level 1:colcon.colcon_core.package_identification:_identify(src) by extension 'cmake'
[0.766s] Level 1:colcon.colcon_core.package_identification:_identify(src) by extension 'python'
[0.767s] Level 1:colcon.colcon_core.package_identification:_identify(src) by extensions ['python_setup_py']
[0.767s] Level 1:colcon.colcon_core.package_identification:_identify(src) by extension 'python_setup_py'
[0.767s] Level 1:colcon.colcon_core.package_identification:_identify(src/lqr_trjtrk) by extensions ['ignore', 'ignore_ament_install']
[0.767s] Level 1:colcon.colcon_core.package_identification:_identify(src/lqr_trjtrk) by extension 'ignore'
[0.767s] Level 1:colcon.colcon_core.package_identification:_identify(src/lqr_trjtrk) by extension 'ignore_ament_install'
[0.767s] Level 1:colcon.colcon_core.package_identification:_identify(src/lqr_trjtrk) by extensions ['colcon_pkg']
[0.767s] Level 1:colcon.colcon_core.package_identification:_identify(src/lqr_trjtrk) by extension 'colcon_pkg'
[0.768s] Level 1:colcon.colcon_core.package_identification:_identify(src/lqr_trjtrk) by extensions ['colcon_meta']
[0.768s] Level 1:colcon.colcon_core.package_identification:_identify(src/lqr_trjtrk) by extension 'colcon_meta'
[0.768s] Level 1:colcon.colcon_core.package_identification:_identify(src/lqr_trjtrk) by extensions ['ros']
[0.768s] Level 1:colcon.colcon_core.package_identification:_identify(src/lqr_trjtrk) by extension 'ros'
[0.773s] DEBUG:colcon.colcon_core.package_identification:Package 'src/lqr_trjtrk' with type 'ros.ament_python' and name 'lqr_trjtrk'
[0.773s] Level 1:colcon.colcon_core.package_discovery:discover_packages(recursive) using defaults
[0.773s] Level 1:colcon.colcon_core.package_discovery:discover_packages(ignore) discover
[0.773s] Level 1:colcon.colcon_core.package_discovery:discover_packages(ignore) using defaults
[0.773s] Level 1:colcon.colcon_core.package_discovery:discover_packages(path) discover
[0.773s] Level 1:colcon.colcon_core.package_discovery:discover_packages(path) using defaults
[0.866s] Level 1:colcon.colcon_core.package_discovery:discover_packages(prefix_path) check parameters
[0.867s] Level 1:colcon.colcon_core.package_discovery:discover_packages(prefix_path) discover
[0.899s] DEBUG:colcon.colcon_installed_package_information.package_discovery:Found 16 installed packages in /home/ashkreli/turtlebot3_ws/install
[0.904s] DEBUG:colcon.colcon_installed_package_information.package_discovery:Found 1 installed packages in /home/ashkreli/colcon_ws/install
[0.922s] DEBUG:colcon.colcon_installed_package_information.package_discovery:Found 340 installed packages in /opt/ros/foxy
[0.933s] Level 1:colcon.colcon_core.package_discovery:discover_packages(prefix_path) using defaults
[1.365s] Level 5:colcon.colcon_core.verb:set package 'lqr_trjtrk' build argument 'cmake_args' from command line to 'None'
[1.365s] Level 5:colcon.colcon_core.verb:set package 'lqr_trjtrk' build argument 'cmake_target' from command line to 'None'
[1.366s] Level 5:colcon.colcon_core.verb:set package 'lqr_trjtrk' build argument 'cmake_target_skip_unavailable' from command line to 'False'
[1.366s] Level 5:colcon.colcon_core.verb:set package 'lqr_trjtrk' build argument 'cmake_clean_cache' from command line to 'False'
[1.366s] Level 5:colcon.colcon_core.verb:set package 'lqr_trjtrk' build argument 'cmake_clean_first' from command line to 'False'
[1.366s] Level 5:colcon.colcon_core.verb:set package 'lqr_trjtrk' build argument 'cmake_force_configure' from command line to 'False'
[1.366s] Level 5:colcon.colcon_core.verb:set package 'lqr_trjtrk' build argument 'ament_cmake_args' from command line to 'None'
[1.366s] Level 5:colcon.colcon_core.verb:set package 'lqr_trjtrk' build argument 'catkin_cmake_args' from command line to 'None'
[1.366s] Level 5:colcon.colcon_core.verb:set package 'lqr_trjtrk' build argument 'catkin_skip_building_tests' from command line to 'False'
[1.366s] DEBUG:colcon.colcon_core.verb:Building package 'lqr_trjtrk' with the following arguments: {'ament_cmake_args': None, 'build_base': '/home/ashkreli/ros_orientation/lqr_spline/ros_sim/build/lqr_trjtrk', 'catkin_cmake_args': None, 'catkin_skip_building_tests': False, 'cmake_args': None, 'cmake_clean_cache': False, 'cmake_clean_first': False, 'cmake_force_configure': False, 'cmake_target': None, 'cmake_target_skip_unavailable': False, 'install_base': '/home/ashkreli/ros_orientation/lqr_spline/ros_sim/install/lqr_trjtrk', 'merge_install': False, 'path': '/home/ashkreli/ros_orientation/lqr_spline/ros_sim/src/lqr_trjtrk', 'symlink_install': True, 'test_result_base': None}
[1.367s] INFO:colcon.colcon_core.executor:Executing jobs using 'parallel' executor
[1.375s] DEBUG:colcon.colcon_parallel_executor.executor.parallel:run_until_complete
[1.376s] INFO:colcon.colcon_ros.task.ament_python.build:Building ROS package in '/home/ashkreli/ros_orientation/lqr_spline/ros_sim/src/lqr_trjtrk' with build type 'ament_python'
[1.376s] Level 1:colcon.colcon_core.shell:create_environment_hook('lqr_trjtrk', 'ament_prefix_path')
[1.395s] INFO:colcon.colcon_core.plugin_system:Skipping extension 'colcon_core.shell.bat': Not used on non-Windows systems
[1.395s] INFO:colcon.colcon_core.shell:Creating environment hook '/home/ashkreli/ros_orientation/lqr_spline/ros_sim/install/lqr_trjtrk/share/lqr_trjtrk/hook/ament_prefix_path.ps1'
[1.400s] INFO:colcon.colcon_core.shell:Creating environment descriptor '/home/ashkreli/ros_orientation/lqr_spline/ros_sim/install/lqr_trjtrk/share/lqr_trjtrk/hook/ament_prefix_path.dsv'
[1.402s] INFO:colcon.colcon_core.shell:Creating environment hook '/home/ashkreli/ros_orientation/lqr_spline/ros_sim/install/lqr_trjtrk/share/lqr_trjtrk/hook/ament_prefix_path.sh'
[1.407s] INFO:colcon.colcon_core.shell:Skip shell extension 'powershell' for command environment: Not usable outside of PowerShell
[1.408s] DEBUG:colcon.colcon_core.shell:Skip shell extension 'dsv' for command environment
[2.681s] INFO:colcon.colcon_core.task.python.build:Building Python package in '/home/ashkreli/ros_orientation/lqr_spline/ros_sim/src/lqr_trjtrk'
[2.692s] INFO:colcon.colcon_core.shell:Skip shell extension 'powershell' for command environment: Not usable outside of PowerShell
[2.693s] DEBUG:colcon.colcon_core.shell:Skip shell extension 'dsv' for command environment
[4.840s] DEBUG:colcon.colcon_core.event_handler.log_command:Invoking command in '/home/ashkreli/ros_orientation/lqr_spline/ros_sim/build/lqr_trjtrk': PYTHONPATH=/home/ashkreli/ros_orientation/lqr_spline/ros_sim/install/lqr_trjtrk/lib/python3.8/site-packages:${PYTHONPATH} /usr/bin/python3 setup.py develop --prefix /home/ashkreli/ros_orientation/lqr_spline/ros_sim/install/lqr_trjtrk --editable --build-directory /home/ashkreli/ros_orientation/lqr_spline/ros_sim/build/lqr_trjtrk/build --no-deps install_data --install-dir /home/ashkreli/ros_orientation/lqr_spline/ros_sim/install/lqr_trjtrk
[7.217s] Level 1:colcon.colcon_core.shell:create_environment_hook('lqr_trjtrk', 'pythonpath_develop')
[7.235s] DEBUG:colcon.colcon_core.event_handler.log_command:Invoked command in '/home/ashkreli/ros_orientation/lqr_spline/ros_sim/build/lqr_trjtrk' returned '0': PYTHONPATH=/home/ashkreli/ros_orientation/lqr_spline/ros_sim/install/lqr_trjtrk/lib/python3.8/site-packages:${PYTHONPATH} /usr/bin/python3 setup.py develop --prefix /home/ashkreli/ros_orientation/lqr_spline/ros_sim/install/lqr_trjtrk --editable --build-directory /home/ashkreli/ros_orientation/lqr_spline/ros_sim/build/lqr_trjtrk/build --no-deps install_data --install-dir /home/ashkreli/ros_orientation/lqr_spline/ros_sim/install/lqr_trjtrk
[7.237s] INFO:colcon.colcon_core.shell:Creating environment hook '/home/ashkreli/ros_orientation/lqr_spline/ros_sim/build/lqr_trjtrk/share/lqr_trjtrk/hook/pythonpath_develop.ps1'
[7.243s] INFO:colcon.colcon_core.shell:Creating environment descriptor '/home/ashkreli/ros_orientation/lqr_spline/ros_sim/build/lqr_trjtrk/share/lqr_trjtrk/hook/pythonpath_develop.dsv'
[7.251s] INFO:colcon.colcon_core.shell:Creating environment hook '/home/ashkreli/ros_orientation/lqr_spline/ros_sim/build/lqr_trjtrk/share/lqr_trjtrk/hook/pythonpath_develop.sh'
[7.282s] Level 1:colcon.colcon_core.environment:checking '/home/ashkreli/ros_orientation/lqr_spline/ros_sim/install/lqr_trjtrk' for CMake module files
[7.284s] Level 1:colcon.colcon_core.environment:checking '/home/ashkreli/ros_orientation/lqr_spline/ros_sim/install/lqr_trjtrk' for CMake config files
[7.295s] Level 1:colcon.colcon_core.environment:checking '/home/ashkreli/ros_orientation/lqr_spline/ros_sim/install/lqr_trjtrk/lib'
[7.296s] Level 1:colcon.colcon_core.environment:checking '/home/ashkreli/ros_orientation/lqr_spline/ros_sim/install/lqr_trjtrk/bin'
[7.296s] Level 1:colcon.colcon_core.environment:checking '/home/ashkreli/ros_orientation/lqr_spline/ros_sim/install/lqr_trjtrk/lib/pkgconfig/lqr_trjtrk.pc'
[7.298s] Level 1:colcon.colcon_core.environment:checking '/home/ashkreli/ros_orientation/lqr_spline/ros_sim/install/lqr_trjtrk/lib/python3.8/site-packages'
[7.298s] Level 1:colcon.colcon_core.shell:create_environment_hook('lqr_trjtrk', 'pythonpath')
[7.302s] INFO:colcon.colcon_core.shell:Creating environment hook '/home/ashkreli/ros_orientation/lqr_spline/ros_sim/install/lqr_trjtrk/share/lqr_trjtrk/hook/pythonpath.ps1'
[7.305s] INFO:colcon.colcon_core.shell:Creating environment descriptor '/home/ashkreli/ros_orientation/lqr_spline/ros_sim/install/lqr_trjtrk/share/lqr_trjtrk/hook/pythonpath.dsv'
[7.308s] INFO:colcon.colcon_core.shell:Creating environment hook '/home/ashkreli/ros_orientation/lqr_spline/ros_sim/install/lqr_trjtrk/share/lqr_trjtrk/hook/pythonpath.sh'
[7.310s] Level 1:colcon.colcon_core.environment:checking '/home/ashkreli/ros_orientation/lqr_spline/ros_sim/install/lqr_trjtrk/bin'
[7.310s] Level 1:colcon.colcon_core.environment:create_environment_scripts_only(lqr_trjtrk)
[7.318s] INFO:colcon.colcon_core.shell:Creating package script '/home/ashkreli/ros_orientation/lqr_spline/ros_sim/install/lqr_trjtrk/share/lqr_trjtrk/package.ps1'
[7.322s] INFO:colcon.colcon_core.shell:Creating package descriptor '/home/ashkreli/ros_orientation/lqr_spline/ros_sim/install/lqr_trjtrk/share/lqr_trjtrk/package.dsv'
[7.324s] INFO:colcon.colcon_core.shell:Creating package script '/home/ashkreli/ros_orientation/lqr_spline/ros_sim/install/lqr_trjtrk/share/lqr_trjtrk/package.sh'
[7.327s] INFO:colcon.colcon_core.shell:Creating package script '/home/ashkreli/ros_orientation/lqr_spline/ros_sim/install/lqr_trjtrk/share/lqr_trjtrk/package.bash'
[7.332s] INFO:colcon.colcon_core.shell:Creating package script '/home/ashkreli/ros_orientation/lqr_spline/ros_sim/install/lqr_trjtrk/share/lqr_trjtrk/package.zsh'
[7.338s] Level 1:colcon.colcon_core.environment:create_file_with_runtime_dependencies(/home/ashkreli/ros_orientation/lqr_spline/ros_sim/install/lqr_trjtrk/share/colcon-core/packages/lqr_trjtrk)
[7.340s] DEBUG:colcon.colcon_parallel_executor.executor.parallel:closing loop
[7.342s] DEBUG:colcon.colcon_parallel_executor.executor.parallel:loop closed
[7.342s] DEBUG:colcon.colcon_parallel_executor.executor.parallel:run_until_complete finished with '0'
[7.342s] DEBUG:colcon.colcon_core.event_reactor:joining thread
[7.392s] INFO:colcon.colcon_core.plugin_system:Skipping extension 'colcon_notification.desktop_notification.terminal_notifier': Not used on non-Darwin systems
[7.392s] INFO:colcon.colcon_core.plugin_system:Skipping extension 'colcon_notification.desktop_notification.win32': Not used on non-Windows systems
[7.392s] INFO:colcon.colcon_notification.desktop_notification:Sending desktop notification using 'notify2'
[7.498s] DEBUG:colcon.colcon_core.event_reactor:joined thread
[7.501s] INFO:colcon.colcon_core.shell:Creating prefix script '/home/ashkreli/ros_orientation/lqr_spline/ros_sim/install/local_setup.ps1'
[7.504s] INFO:colcon.colcon_core.shell:Creating prefix util module '/home/ashkreli/ros_orientation/lqr_spline/ros_sim/install/_local_setup_util_ps1.py'
[7.513s] INFO:colcon.colcon_core.shell:Creating prefix chain script '/home/ashkreli/ros_orientation/lqr_spline/ros_sim/install/setup.ps1'
[7.527s] INFO:colcon.colcon_core.shell:Creating prefix script '/home/ashkreli/ros_orientation/lqr_spline/ros_sim/install/local_setup.sh'
[7.534s] INFO:colcon.colcon_core.shell:Creating prefix util module '/home/ashkreli/ros_orientation/lqr_spline/ros_sim/install/_local_setup_util_sh.py'
[7.540s] INFO:colcon.colcon_core.shell:Creating prefix chain script '/home/ashkreli/ros_orientation/lqr_spline/ros_sim/install/setup.sh'
[7.559s] INFO:colcon.colcon_core.shell:Creating prefix script '/home/ashkreli/ros_orientation/lqr_spline/ros_sim/install/local_setup.bash'
[7.570s] INFO:colcon.colcon_core.shell:Creating prefix chain script '/home/ashkreli/ros_orientation/lqr_spline/ros_sim/install/setup.bash'
[7.586s] INFO:colcon.colcon_core.shell:Creating prefix script '/home/ashkreli/ros_orientation/lqr_spline/ros_sim/install/local_setup.zsh'
[7.589s] INFO:colcon.colcon_core.shell:Creating prefix chain script '/home/ashkreli/ros_orientation/lqr_spline/ros_sim/install/setup.zsh'
