[0.286s] DEBUG:colcon:Command line arguments: ['/usr/bin/colcon', 'build', '--symlink-install']
[0.287s] DEBUG:colcon:Parsed command line arguments: Namespace(allow_overriding=[], ament_cmake_args=None, base_paths=['.'], build_base='build', catkin_cmake_args=None, catkin_skip_building_tests=False, cmake_args=None, cmake_clean_cache=False, cmake_clean_first=False, cmake_force_configure=False, cmake_target=None, cmake_target_skip_unavailable=False, continue_on_error=False, event_handlers=None, executor='parallel', ignore_user_meta=False, install_base='install', log_base=None, log_level=None, main=<bound method BuildVerb.main of <colcon_core.verb.build.BuildVerb object at 0x7f0cc0ae5910>>, merge_install=False, metas=['./colcon.meta'], packages_above=None, packages_above_and_dependencies=None, packages_above_depth=None, packages_end=None, packages_ignore=None, packages_ignore_regex=None, packages_select=None, packages_select_build_failed=False, packages_select_by_dep=None, packages_select_regex=None, packages_select_test_failures=False, packages_skip=None, packages_skip_build_finished=False, packages_skip_by_dep=None, packages_skip_regex=None, packages_skip_test_passed=False, packages_skip_up_to=None, packages_start=None, packages_up_to=None, packages_up_to_regex=None, parallel_workers=4, paths=None, symlink_install=True, test_result_base=None, verb_extension=<colcon_core.verb.build.BuildVerb object at 0x7f0cc0ae5910>, verb_name='build', verb_parser=<colcon_defaults.argument_parser.defaults.DefaultArgumentsDecorator object at 0x7f0cc0ae5e80>)
[0.348s] Level 1:colcon.colcon_core.package_discovery:discover_packages(colcon_meta) check parameters
[0.349s] Level 1:colcon.colcon_core.package_discovery:discover_packages(recursive) check parameters
[0.349s] Level 1:colcon.colcon_core.package_discovery:discover_packages(ignore) check parameters
[0.350s] Level 1:colcon.colcon_core.package_discovery:discover_packages(path) check parameters
[0.350s] Level 1:colcon.colcon_core.package_discovery:discover_packages(colcon_meta) discover
[0.351s] Level 1:colcon.colcon_core.package_discovery:discover_packages(recursive) discover
[0.351s] INFO:colcon.colcon_core.package_discovery:Crawling recursively for packages in '/home/ashkreli/ros_orientation/lqr_spline/ros_sim'
[0.352s] Level 1:colcon.colcon_core.package_identification:_identify(.) by extensions ['ignore', 'ignore_ament_install']
[0.353s] Level 1:colcon.colcon_core.package_identification:_identify(.) by extension 'ignore'
[0.353s] Level 1:colcon.colcon_core.package_identification:_identify(.) by extension 'ignore_ament_install'
[0.353s] Level 1:colcon.colcon_core.package_identification:_identify(.) by extensions ['colcon_pkg']
[0.354s] Level 1:colcon.colcon_core.package_identification:_identify(.) by extension 'colcon_pkg'
[0.354s] Level 1:colcon.colcon_core.package_identification:_identify(.) by extensions ['colcon_meta']
[0.355s] Level 1:colcon.colcon_core.package_identification:_identify(.) by extension 'colcon_meta'
[0.355s] Level 1:colcon.colcon_core.package_identification:_identify(.) by extensions ['ros']
[0.355s] Level 1:colcon.colcon_core.package_identification:_identify(.) by extension 'ros'
[0.381s] Level 1:colcon.colcon_core.package_identification:_identify(.) by extensions ['cmake', 'python']
[0.382s] Level 1:colcon.colcon_core.package_identification:_identify(.) by extension 'cmake'
[0.382s] Level 1:colcon.colcon_core.package_identification:_identify(.) by extension 'python'
[0.383s] Level 1:colcon.colcon_core.package_identification:_identify(.) by extensions ['python_setup_py']
[0.383s] Level 1:colcon.colcon_core.package_identification:_identify(.) by extension 'python_setup_py'
[0.384s] Level 1:colcon.colcon_core.package_identification:_identify(build) by extensions ['ignore', 'ignore_ament_install']
[0.385s] Level 1:colcon.colcon_core.package_identification:_identify(build) by extension 'ignore'
[0.385s] Level 1:colcon.colcon_core.package_identification:_identify(build) ignored
[0.386s] Level 1:colcon.colcon_core.package_identification:_identify(install) by extensions ['ignore', 'ignore_ament_install']
[0.387s] Level 1:colcon.colcon_core.package_identification:_identify(install) by extension 'ignore'
[0.387s] Level 1:colcon.colcon_core.package_identification:_identify(install) ignored
[0.388s] Level 1:colcon.colcon_core.package_identification:_identify(log) by extensions ['ignore', 'ignore_ament_install']
[0.388s] Level 1:colcon.colcon_core.package_identification:_identify(log) by extension 'ignore'
[0.389s] Level 1:colcon.colcon_core.package_identification:_identify(log) ignored
[0.389s] Level 1:colcon.colcon_core.package_identification:_identify(src) by extensions ['ignore', 'ignore_ament_install']
[0.390s] Level 1:colcon.colcon_core.package_identification:_identify(src) by extension 'ignore'
[0.391s] Level 1:colcon.colcon_core.package_identification:_identify(src) by extension 'ignore_ament_install'
[0.391s] Level 1:colcon.colcon_core.package_identification:_identify(src) by extensions ['colcon_pkg']
[0.392s] Level 1:colcon.colcon_core.package_identification:_identify(src) by extension 'colcon_pkg'
[0.392s] Level 1:colcon.colcon_core.package_identification:_identify(src) by extensions ['colcon_meta']
[0.393s] Level 1:colcon.colcon_core.package_identification:_identify(src) by extension 'colcon_meta'
[0.393s] Level 1:colcon.colcon_core.package_identification:_identify(src) by extensions ['ros']
[0.393s] Level 1:colcon.colcon_core.package_identification:_identify(src) by extension 'ros'
[0.394s] Level 1:colcon.colcon_core.package_identification:_identify(src) by extensions ['cmake', 'python']
[0.394s] Level 1:colcon.colcon_core.package_identification:_identify(src) by extension 'cmake'
[0.394s] Level 1:colcon.colcon_core.package_identification:_identify(src) by extension 'python'
[0.394s] Level 1:colcon.colcon_core.package_identification:_identify(src) by extensions ['python_setup_py']
[0.395s] Level 1:colcon.colcon_core.package_identification:_identify(src) by extension 'python_setup_py'
[0.395s] Level 1:colcon.colcon_core.package_identification:_identify(src/lqr_trjtrk) by extensions ['ignore', 'ignore_ament_install']
[0.395s] Level 1:colcon.colcon_core.package_identification:_identify(src/lqr_trjtrk) by extension 'ignore'
[0.395s] Level 1:colcon.colcon_core.package_identification:_identify(src/lqr_trjtrk) by extension 'ignore_ament_install'
[0.396s] Level 1:colcon.colcon_core.package_identification:_identify(src/lqr_trjtrk) by extensions ['colcon_pkg']
[0.396s] Level 1:colcon.colcon_core.package_identification:_identify(src/lqr_trjtrk) by extension 'colcon_pkg'
[0.396s] Level 1:colcon.colcon_core.package_identification:_identify(src/lqr_trjtrk) by extensions ['colcon_meta']
[0.396s] Level 1:colcon.colcon_core.package_identification:_identify(src/lqr_trjtrk) by extension 'colcon_meta'
[0.396s] Level 1:colcon.colcon_core.package_identification:_identify(src/lqr_trjtrk) by extensions ['ros']
[0.396s] Level 1:colcon.colcon_core.package_identification:_identify(src/lqr_trjtrk) by extension 'ros'
[0.401s] DEBUG:colcon.colcon_core.package_identification:Package 'src/lqr_trjtrk' with type 'ros.ament_python' and name 'lqr_trjtrk'
[0.401s] Level 1:colcon.colcon_core.package_discovery:discover_packages(recursive) using defaults
[0.401s] Level 1:colcon.colcon_core.package_discovery:discover_packages(ignore) discover
[0.401s] Level 1:colcon.colcon_core.package_discovery:discover_packages(ignore) using defaults
[0.401s] Level 1:colcon.colcon_core.package_discovery:discover_packages(path) discover
[0.402s] Level 1:colcon.colcon_core.package_discovery:discover_packages(path) using defaults
[0.460s] Level 1:colcon.colcon_core.package_discovery:discover_packages(prefix_path) check parameters
[0.460s] Level 1:colcon.colcon_core.package_discovery:discover_packages(prefix_path) discover
[0.473s] DEBUG:colcon.colcon_installed_package_information.package_discovery:Found 16 installed packages in /home/ashkreli/turtlebot3_ws/install
[0.476s] DEBUG:colcon.colcon_installed_package_information.package_discovery:Found 1 installed packages in /home/ashkreli/colcon_ws/install
[0.488s] DEBUG:colcon.colcon_installed_package_information.package_discovery:Found 340 installed packages in /opt/ros/foxy
[0.497s] Level 1:colcon.colcon_core.package_discovery:discover_packages(prefix_path) using defaults
[0.688s] Level 5:colcon.colcon_core.verb:set package 'lqr_trjtrk' build argument 'cmake_args' from command line to 'None'
[0.688s] Level 5:colcon.colcon_core.verb:set package 'lqr_trjtrk' build argument 'cmake_target' from command line to 'None'
[0.688s] Level 5:colcon.colcon_core.verb:set package 'lqr_trjtrk' build argument 'cmake_target_skip_unavailable' from command line to 'False'
[0.688s] Level 5:colcon.colcon_core.verb:set package 'lqr_trjtrk' build argument 'cmake_clean_cache' from command line to 'False'
[0.688s] Level 5:colcon.colcon_core.verb:set package 'lqr_trjtrk' build argument 'cmake_clean_first' from command line to 'False'
[0.689s] Level 5:colcon.colcon_core.verb:set package 'lqr_trjtrk' build argument 'cmake_force_configure' from command line to 'False'
[0.689s] Level 5:colcon.colcon_core.verb:set package 'lqr_trjtrk' build argument 'ament_cmake_args' from command line to 'None'
[0.689s] Level 5:colcon.colcon_core.verb:set package 'lqr_trjtrk' build argument 'catkin_cmake_args' from command line to 'None'
[0.689s] Level 5:colcon.colcon_core.verb:set package 'lqr_trjtrk' build argument 'catkin_skip_building_tests' from command line to 'False'
[0.689s] DEBUG:colcon.colcon_core.verb:Building package 'lqr_trjtrk' with the following arguments: {'ament_cmake_args': None, 'build_base': '/home/ashkreli/ros_orientation/lqr_spline/ros_sim/build/lqr_trjtrk', 'catkin_cmake_args': None, 'catkin_skip_building_tests': False, 'cmake_args': None, 'cmake_clean_cache': False, 'cmake_clean_first': False, 'cmake_force_configure': False, 'cmake_target': None, 'cmake_target_skip_unavailable': False, 'install_base': '/home/ashkreli/ros_orientation/lqr_spline/ros_sim/install/lqr_trjtrk', 'merge_install': False, 'path': '/home/ashkreli/ros_orientation/lqr_spline/ros_sim/src/lqr_trjtrk', 'symlink_install': True, 'test_result_base': None}
[0.691s] INFO:colcon.colcon_core.executor:Executing jobs using 'parallel' executor
[0.710s] DEBUG:colcon.colcon_parallel_executor.executor.parallel:run_until_complete
[0.711s] INFO:colcon.colcon_ros.task.ament_python.build:Building ROS package in '/home/ashkreli/ros_orientation/lqr_spline/ros_sim/src/lqr_trjtrk' with build type 'ament_python'
[0.711s] Level 1:colcon.colcon_core.shell:create_environment_hook('lqr_trjtrk', 'ament_prefix_path')
[0.733s] INFO:colcon.colcon_core.plugin_system:Skipping extension 'colcon_core.shell.bat': Not used on non-Windows systems
[0.734s] INFO:colcon.colcon_core.shell:Creating environment hook '/home/ashkreli/ros_orientation/lqr_spline/ros_sim/install/lqr_trjtrk/share/lqr_trjtrk/hook/ament_prefix_path.ps1'
[0.739s] INFO:colcon.colcon_core.shell:Creating environment descriptor '/home/ashkreli/ros_orientation/lqr_spline/ros_sim/install/lqr_trjtrk/share/lqr_trjtrk/hook/ament_prefix_path.dsv'
[0.741s] INFO:colcon.colcon_core.shell:Creating environment hook '/home/ashkreli/ros_orientation/lqr_spline/ros_sim/install/lqr_trjtrk/share/lqr_trjtrk/hook/ament_prefix_path.sh'
[0.747s] INFO:colcon.colcon_core.shell:Skip shell extension 'powershell' for command environment: Not usable outside of PowerShell
[0.747s] DEBUG:colcon.colcon_core.shell:Skip shell extension 'dsv' for command environment
[1.824s] INFO:colcon.colcon_core.task.python.build:Building Python package in '/home/ashkreli/ros_orientation/lqr_spline/ros_sim/src/lqr_trjtrk'
[1.839s] INFO:colcon.colcon_core.shell:Skip shell extension 'powershell' for command environment: Not usable outside of PowerShell
[1.840s] DEBUG:colcon.colcon_core.shell:Skip shell extension 'dsv' for command environment
[4.064s] DEBUG:colcon.colcon_core.event_handler.log_command:Invoking command in '/home/ashkreli/ros_orientation/lqr_spline/ros_sim/build/lqr_trjtrk': PYTHONPATH=/home/ashkreli/ros_orientation/lqr_spline/ros_sim/install/lqr_trjtrk/lib/python3.8/site-packages:${PYTHONPATH} /usr/bin/python3 setup.py develop --prefix /home/ashkreli/ros_orientation/lqr_spline/ros_sim/install/lqr_trjtrk --editable --build-directory /home/ashkreli/ros_orientation/lqr_spline/ros_sim/build/lqr_trjtrk/build --no-deps install_data --install-dir /home/ashkreli/ros_orientation/lqr_spline/ros_sim/install/lqr_trjtrk
[6.033s] Level 1:colcon.colcon_core.shell:create_environment_hook('lqr_trjtrk', 'pythonpath_develop')
[6.036s] DEBUG:colcon.colcon_core.event_handler.log_command:Invoked command in '/home/ashkreli/ros_orientation/lqr_spline/ros_sim/build/lqr_trjtrk' returned '0': PYTHONPATH=/home/ashkreli/ros_orientation/lqr_spline/ros_sim/install/lqr_trjtrk/lib/python3.8/site-packages:${PYTHONPATH} /usr/bin/python3 setup.py develop --prefix /home/ashkreli/ros_orientation/lqr_spline/ros_sim/install/lqr_trjtrk --editable --build-directory /home/ashkreli/ros_orientation/lqr_spline/ros_sim/build/lqr_trjtrk/build --no-deps install_data --install-dir /home/ashkreli/ros_orientation/lqr_spline/ros_sim/install/lqr_trjtrk
[6.047s] INFO:colcon.colcon_core.shell:Creating environment hook '/home/ashkreli/ros_orientation/lqr_spline/ros_sim/build/lqr_trjtrk/share/lqr_trjtrk/hook/pythonpath_develop.ps1'
[6.055s] INFO:colcon.colcon_core.shell:Creating environment descriptor '/home/ashkreli/ros_orientation/lqr_spline/ros_sim/build/lqr_trjtrk/share/lqr_trjtrk/hook/pythonpath_develop.dsv'
[6.057s] INFO:colcon.colcon_core.shell:Creating environment hook '/home/ashkreli/ros_orientation/lqr_spline/ros_sim/build/lqr_trjtrk/share/lqr_trjtrk/hook/pythonpath_develop.sh'
[6.101s] Level 1:colcon.colcon_core.environment:checking '/home/ashkreli/ros_orientation/lqr_spline/ros_sim/install/lqr_trjtrk' for CMake module files
[6.104s] Level 1:colcon.colcon_core.environment:checking '/home/ashkreli/ros_orientation/lqr_spline/ros_sim/install/lqr_trjtrk' for CMake config files
[6.112s] Level 1:colcon.colcon_core.environment:checking '/home/ashkreli/ros_orientation/lqr_spline/ros_sim/install/lqr_trjtrk/lib'
[6.113s] Level 1:colcon.colcon_core.environment:checking '/home/ashkreli/ros_orientation/lqr_spline/ros_sim/install/lqr_trjtrk/bin'
[6.113s] Level 1:colcon.colcon_core.environment:checking '/home/ashkreli/ros_orientation/lqr_spline/ros_sim/install/lqr_trjtrk/lib/pkgconfig/lqr_trjtrk.pc'
[6.115s] Level 1:colcon.colcon_core.environment:checking '/home/ashkreli/ros_orientation/lqr_spline/ros_sim/install/lqr_trjtrk/lib/python3.8/site-packages'
[6.115s] Level 1:colcon.colcon_core.shell:create_environment_hook('lqr_trjtrk', 'pythonpath')
[6.118s] INFO:colcon.colcon_core.shell:Creating environment hook '/home/ashkreli/ros_orientation/lqr_spline/ros_sim/install/lqr_trjtrk/share/lqr_trjtrk/hook/pythonpath.ps1'
[6.127s] INFO:colcon.colcon_core.shell:Creating environment descriptor '/home/ashkreli/ros_orientation/lqr_spline/ros_sim/install/lqr_trjtrk/share/lqr_trjtrk/hook/pythonpath.dsv'
[6.130s] INFO:colcon.colcon_core.shell:Creating environment hook '/home/ashkreli/ros_orientation/lqr_spline/ros_sim/install/lqr_trjtrk/share/lqr_trjtrk/hook/pythonpath.sh'
[6.132s] Level 1:colcon.colcon_core.environment:checking '/home/ashkreli/ros_orientation/lqr_spline/ros_sim/install/lqr_trjtrk/bin'
[6.133s] Level 1:colcon.colcon_core.environment:create_environment_scripts_only(lqr_trjtrk)
[6.136s] INFO:colcon.colcon_core.shell:Creating package script '/home/ashkreli/ros_orientation/lqr_spline/ros_sim/install/lqr_trjtrk/share/lqr_trjtrk/package.ps1'
[6.145s] INFO:colcon.colcon_core.shell:Creating package descriptor '/home/ashkreli/ros_orientation/lqr_spline/ros_sim/install/lqr_trjtrk/share/lqr_trjtrk/package.dsv'
[6.147s] INFO:colcon.colcon_core.shell:Creating package script '/home/ashkreli/ros_orientation/lqr_spline/ros_sim/install/lqr_trjtrk/share/lqr_trjtrk/package.sh'
[6.151s] INFO:colcon.colcon_core.shell:Creating package script '/home/ashkreli/ros_orientation/lqr_spline/ros_sim/install/lqr_trjtrk/share/lqr_trjtrk/package.bash'
[6.154s] INFO:colcon.colcon_core.shell:Creating package script '/home/ashkreli/ros_orientation/lqr_spline/ros_sim/install/lqr_trjtrk/share/lqr_trjtrk/package.zsh'
[6.159s] Level 1:colcon.colcon_core.environment:create_file_with_runtime_dependencies(/home/ashkreli/ros_orientation/lqr_spline/ros_sim/install/lqr_trjtrk/share/colcon-core/packages/lqr_trjtrk)
[6.166s] DEBUG:colcon.colcon_parallel_executor.executor.parallel:closing loop
[6.168s] DEBUG:colcon.colcon_parallel_executor.executor.parallel:loop closed
[6.169s] DEBUG:colcon.colcon_parallel_executor.executor.parallel:run_until_complete finished with '0'
[6.169s] DEBUG:colcon.colcon_core.event_reactor:joining thread
[6.244s] INFO:colcon.colcon_core.plugin_system:Skipping extension 'colcon_notification.desktop_notification.terminal_notifier': Not used on non-Darwin systems
[6.244s] INFO:colcon.colcon_core.plugin_system:Skipping extension 'colcon_notification.desktop_notification.win32': Not used on non-Windows systems
[6.245s] INFO:colcon.colcon_notification.desktop_notification:Sending desktop notification using 'notify2'
[6.575s] DEBUG:colcon.colcon_core.event_reactor:joined thread
[6.579s] INFO:colcon.colcon_core.shell:Creating prefix script '/home/ashkreli/ros_orientation/lqr_spline/ros_sim/install/local_setup.ps1'
[6.584s] INFO:colcon.colcon_core.shell:Creating prefix util module '/home/ashkreli/ros_orientation/lqr_spline/ros_sim/install/_local_setup_util_ps1.py'
[6.591s] INFO:colcon.colcon_core.shell:Creating prefix chain script '/home/ashkreli/ros_orientation/lqr_spline/ros_sim/install/setup.ps1'
[6.602s] INFO:colcon.colcon_core.shell:Creating prefix script '/home/ashkreli/ros_orientation/lqr_spline/ros_sim/install/local_setup.sh'
[6.607s] INFO:colcon.colcon_core.shell:Creating prefix util module '/home/ashkreli/ros_orientation/lqr_spline/ros_sim/install/_local_setup_util_sh.py'
[6.611s] INFO:colcon.colcon_core.shell:Creating prefix chain script '/home/ashkreli/ros_orientation/lqr_spline/ros_sim/install/setup.sh'
[6.635s] INFO:colcon.colcon_core.shell:Creating prefix script '/home/ashkreli/ros_orientation/lqr_spline/ros_sim/install/local_setup.bash'
[6.640s] INFO:colcon.colcon_core.shell:Creating prefix chain script '/home/ashkreli/ros_orientation/lqr_spline/ros_sim/install/setup.bash'
[6.652s] INFO:colcon.colcon_core.shell:Creating prefix script '/home/ashkreli/ros_orientation/lqr_spline/ros_sim/install/local_setup.zsh'
[6.656s] INFO:colcon.colcon_core.shell:Creating prefix chain script '/home/ashkreli/ros_orientation/lqr_spline/ros_sim/install/setup.zsh'
