[1.843s] Invoking command in '/home/ashkreli/ros_orientation/tb_lqr_gazebo/build/multisim': PYTHONPATH=/home/ashkreli/ros_orientation/tb_lqr_gazebo/build/multisim/prefix_override:/home/ashkreli/ros_orientation/tb_lqr_gazebo/install/multisim/lib/python3.8/site-packages:${PYTHONPATH} /usr/bin/python3 setup.py develop --editable --build-directory /home/ashkreli/ros_orientation/tb_lqr_gazebo/build/multisim/build --no-deps install_data
[2.747s] running develop
[3.004s] running egg_info
[3.004s] creating multisim.egg-info
[3.005s] writing multisim.egg-info/PKG-INFO
[3.006s] writing dependency_links to multisim.egg-info/dependency_links.txt
[3.006s] writing entry points to multisim.egg-info/entry_points.txt
[3.008s] writing requirements to multisim.egg-info/requires.txt
[3.008s] writing top-level names to multisim.egg-info/top_level.txt
[3.014s] writing manifest file 'multisim.egg-info/SOURCES.txt'
[3.074s] reading manifest file 'multisim.egg-info/SOURCES.txt'
[3.076s] writing manifest file 'multisim.egg-info/SOURCES.txt'
[3.139s] running build_ext
[3.140s] Creating /home/ashkreli/ros_orientation/tb_lqr_gazebo/install/multisim/lib/python3.8/site-packages/site.py
[3.149s] Creating /home/ashkreli/ros_orientation/tb_lqr_gazebo/install/multisim/lib/python3.8/site-packages/multisim.egg-link (link to .)
[3.151s] Installing turtle script to /home/ashkreli/ros_orientation/tb_lqr_gazebo/install/multisim/lib/multisim
[3.152s] 
[3.153s] Installed /home/ashkreli/ros_orientation/tb_lqr_gazebo/build/multisim
[3.153s] running install_data
[3.153s] creating /home/ashkreli/ros_orientation/tb_lqr_gazebo/install/multisim/share/ament_index
[3.153s] creating /home/ashkreli/ros_orientation/tb_lqr_gazebo/install/multisim/share/ament_index/resource_index
[3.153s] creating /home/ashkreli/ros_orientation/tb_lqr_gazebo/install/multisim/share/ament_index/resource_index/packages
[3.153s] copying resource/multisim -> /home/ashkreli/ros_orientation/tb_lqr_gazebo/install/multisim/share/ament_index/resource_index/packages
[3.153s] copying package.xml -> /home/ashkreli/ros_orientation/tb_lqr_gazebo/install/multisim/share/multisim
[3.154s] creating /home/ashkreli/ros_orientation/tb_lqr_gazebo/install/multisim/share/multisim/launch
[3.154s] copying launch/multisim.launch.py -> /home/ashkreli/ros_orientation/tb_lqr_gazebo/install/multisim/share/multisim/launch
[3.155s] creating /home/ashkreli/ros_orientation/tb_lqr_gazebo/install/multisim/share/multisim/config
[3.155s] copying config/turtle_params.yaml -> /home/ashkreli/ros_orientation/tb_lqr_gazebo/install/multisim/share/multisim/config
[3.219s] Invoked command in '/home/ashkreli/ros_orientation/tb_lqr_gazebo/build/multisim' returned '0': PYTHONPATH=/home/ashkreli/ros_orientation/tb_lqr_gazebo/build/multisim/prefix_override:/home/ashkreli/ros_orientation/tb_lqr_gazebo/install/multisim/lib/python3.8/site-packages:${PYTHONPATH} /usr/bin/python3 setup.py develop --editable --build-directory /home/ashkreli/ros_orientation/tb_lqr_gazebo/build/multisim/build --no-deps install_data
