[0.181s] DEBUG:colcon:Command line arguments: ['/usr/bin/colcon', 'build', '--symlink-install']
[0.181s] DEBUG:colcon:Parsed command line arguments: Namespace(allow_overriding=[], ament_cmake_args=None, base_paths=['.'], build_base='build', catkin_cmake_args=None, catkin_skip_building_tests=False, cmake_args=None, cmake_clean_cache=False, cmake_clean_first=False, cmake_force_configure=False, cmake_target=None, cmake_target_skip_unavailable=False, continue_on_error=False, event_handlers=None, executor='parallel', ignore_user_meta=False, install_base='install', log_base=None, log_level=None, main=<bound method BuildVerb.main of <colcon_core.verb.build.BuildVerb object at 0x7f679288e970>>, merge_install=False, metas=['./colcon.meta'], packages_above=None, packages_above_and_dependencies=None, packages_above_depth=None, packages_end=None, packages_ignore=None, packages_ignore_regex=None, packages_select=None, packages_select_build_failed=False, packages_select_by_dep=None, packages_select_regex=None, packages_select_test_failures=False, packages_skip=None, packages_skip_build_finished=False, packages_skip_by_dep=None, packages_skip_regex=None, packages_skip_test_passed=False, packages_skip_up_to=None, packages_start=None, packages_up_to=None, packages_up_to_regex=None, parallel_workers=4, paths=None, symlink_install=True, test_result_base=None, verb_extension=<colcon_core.verb.build.BuildVerb object at 0x7f679288e970>, verb_name='build', verb_parser=<colcon_defaults.argument_parser.defaults.DefaultArgumentsDecorator object at 0x7f679288eee0>)
[0.226s] Level 1:colcon.colcon_core.package_discovery:discover_packages(colcon_meta) check parameters
[0.226s] Level 1:colcon.colcon_core.package_discovery:discover_packages(recursive) check parameters
[0.226s] Level 1:colcon.colcon_core.package_discovery:discover_packages(ignore) check parameters
[0.226s] Level 1:colcon.colcon_core.package_discovery:discover_packages(path) check parameters
[0.226s] Level 1:colcon.colcon_core.package_discovery:discover_packages(colcon_meta) discover
[0.227s] Level 1:colcon.colcon_core.package_discovery:discover_packages(recursive) discover
[0.227s] INFO:colcon.colcon_core.package_discovery:Crawling recursively for packages in '/home/ashkreli/ros_orientation/tb_lqr_gazebo'
[0.227s] Level 1:colcon.colcon_core.package_identification:_identify(.) by extensions ['ignore', 'ignore_ament_install']
[0.227s] Level 1:colcon.colcon_core.package_identification:_identify(.) by extension 'ignore'
[0.227s] Level 1:colcon.colcon_core.package_identification:_identify(.) by extension 'ignore_ament_install'
[0.227s] Level 1:colcon.colcon_core.package_identification:_identify(.) by extensions ['colcon_pkg']
[0.228s] Level 1:colcon.colcon_core.package_identification:_identify(.) by extension 'colcon_pkg'
[0.228s] Level 1:colcon.colcon_core.package_identification:_identify(.) by extensions ['colcon_meta']
[0.228s] Level 1:colcon.colcon_core.package_identification:_identify(.) by extension 'colcon_meta'
[0.228s] Level 1:colcon.colcon_core.package_identification:_identify(.) by extensions ['ros']
[0.228s] Level 1:colcon.colcon_core.package_identification:_identify(.) by extension 'ros'
[0.274s] Level 1:colcon.colcon_core.package_identification:_identify(.) by extensions ['cmake', 'python']
[0.274s] Level 1:colcon.colcon_core.package_identification:_identify(.) by extension 'cmake'
[0.274s] Level 1:colcon.colcon_core.package_identification:_identify(.) by extension 'python'
[0.274s] Level 1:colcon.colcon_core.package_identification:_identify(.) by extensions ['python_setup_py']
[0.274s] Level 1:colcon.colcon_core.package_identification:_identify(.) by extension 'python_setup_py'
[0.275s] Level 1:colcon.colcon_core.package_identification:_identify(build) by extensions ['ignore', 'ignore_ament_install']
[0.275s] Level 1:colcon.colcon_core.package_identification:_identify(build) by extension 'ignore'
[0.275s] Level 1:colcon.colcon_core.package_identification:_identify(build) ignored
[0.276s] Level 1:colcon.colcon_core.package_identification:_identify(install) by extensions ['ignore', 'ignore_ament_install']
[0.276s] Level 1:colcon.colcon_core.package_identification:_identify(install) by extension 'ignore'
[0.276s] Level 1:colcon.colcon_core.package_identification:_identify(install) ignored
[0.276s] Level 1:colcon.colcon_core.package_identification:_identify(log) by extensions ['ignore', 'ignore_ament_install']
[0.276s] Level 1:colcon.colcon_core.package_identification:_identify(log) by extension 'ignore'
[0.277s] Level 1:colcon.colcon_core.package_identification:_identify(log) ignored
[0.277s] Level 1:colcon.colcon_core.package_identification:_identify(src) by extensions ['ignore', 'ignore_ament_install']
[0.277s] Level 1:colcon.colcon_core.package_identification:_identify(src) by extension 'ignore'
[0.277s] Level 1:colcon.colcon_core.package_identification:_identify(src) by extension 'ignore_ament_install'
[0.277s] Level 1:colcon.colcon_core.package_identification:_identify(src) by extensions ['colcon_pkg']
[0.277s] Level 1:colcon.colcon_core.package_identification:_identify(src) by extension 'colcon_pkg'
[0.277s] Level 1:colcon.colcon_core.package_identification:_identify(src) by extensions ['colcon_meta']
[0.277s] Level 1:colcon.colcon_core.package_identification:_identify(src) by extension 'colcon_meta'
[0.277s] Level 1:colcon.colcon_core.package_identification:_identify(src) by extensions ['ros']
[0.278s] Level 1:colcon.colcon_core.package_identification:_identify(src) by extension 'ros'
[0.278s] Level 1:colcon.colcon_core.package_identification:_identify(src) by extensions ['cmake', 'python']
[0.278s] Level 1:colcon.colcon_core.package_identification:_identify(src) by extension 'cmake'
[0.278s] Level 1:colcon.colcon_core.package_identification:_identify(src) by extension 'python'
[0.278s] Level 1:colcon.colcon_core.package_identification:_identify(src) by extensions ['python_setup_py']
[0.278s] Level 1:colcon.colcon_core.package_identification:_identify(src) by extension 'python_setup_py'
[0.278s] Level 1:colcon.colcon_core.package_identification:_identify(src/lqr_tracking_one_robot) by extensions ['ignore', 'ignore_ament_install']
[0.279s] Level 1:colcon.colcon_core.package_identification:_identify(src/lqr_tracking_one_robot) by extension 'ignore'
[0.279s] Level 1:colcon.colcon_core.package_identification:_identify(src/lqr_tracking_one_robot) by extension 'ignore_ament_install'
[0.279s] Level 1:colcon.colcon_core.package_identification:_identify(src/lqr_tracking_one_robot) by extensions ['colcon_pkg']
[0.279s] Level 1:colcon.colcon_core.package_identification:_identify(src/lqr_tracking_one_robot) by extension 'colcon_pkg'
[0.279s] Level 1:colcon.colcon_core.package_identification:_identify(src/lqr_tracking_one_robot) by extensions ['colcon_meta']
[0.279s] Level 1:colcon.colcon_core.package_identification:_identify(src/lqr_tracking_one_robot) by extension 'colcon_meta'
[0.279s] Level 1:colcon.colcon_core.package_identification:_identify(src/lqr_tracking_one_robot) by extensions ['ros']
[0.279s] Level 1:colcon.colcon_core.package_identification:_identify(src/lqr_tracking_one_robot) by extension 'ros'
[0.280s] Level 1:colcon.colcon_core.package_identification:_identify(src/lqr_tracking_one_robot) by extensions ['cmake', 'python']
[0.280s] Level 1:colcon.colcon_core.package_identification:_identify(src/lqr_tracking_one_robot) by extension 'cmake'
[0.280s] Level 1:colcon.colcon_core.package_identification:_identify(src/lqr_tracking_one_robot) by extension 'python'
[0.280s] Level 1:colcon.colcon_core.package_identification:_identify(src/lqr_tracking_one_robot) by extensions ['python_setup_py']
[0.280s] Level 1:colcon.colcon_core.package_identification:_identify(src/lqr_tracking_one_robot) by extension 'python_setup_py'
[0.280s] Level 1:colcon.colcon_core.package_identification:_identify(src/lqr_tracking_one_robot/multisim) by extensions ['ignore', 'ignore_ament_install']
[0.280s] Level 1:colcon.colcon_core.package_identification:_identify(src/lqr_tracking_one_robot/multisim) by extension 'ignore'
[0.280s] Level 1:colcon.colcon_core.package_identification:_identify(src/lqr_tracking_one_robot/multisim) by extension 'ignore_ament_install'
[0.281s] Level 1:colcon.colcon_core.package_identification:_identify(src/lqr_tracking_one_robot/multisim) by extensions ['colcon_pkg']
[0.281s] Level 1:colcon.colcon_core.package_identification:_identify(src/lqr_tracking_one_robot/multisim) by extension 'colcon_pkg'
[0.281s] Level 1:colcon.colcon_core.package_identification:_identify(src/lqr_tracking_one_robot/multisim) by extensions ['colcon_meta']
[0.281s] Level 1:colcon.colcon_core.package_identification:_identify(src/lqr_tracking_one_robot/multisim) by extension 'colcon_meta'
[0.281s] Level 1:colcon.colcon_core.package_identification:_identify(src/lqr_tracking_one_robot/multisim) by extensions ['ros']
[0.281s] Level 1:colcon.colcon_core.package_identification:_identify(src/lqr_tracking_one_robot/multisim) by extension 'ros'
[0.286s] DEBUG:colcon.colcon_core.package_identification:Package 'src/lqr_tracking_one_robot/multisim' with type 'ros.ament_python' and name 'multisim'
[0.286s] Level 1:colcon.colcon_core.package_discovery:discover_packages(recursive) using defaults
[0.286s] Level 1:colcon.colcon_core.package_discovery:discover_packages(ignore) discover
[0.286s] Level 1:colcon.colcon_core.package_discovery:discover_packages(ignore) using defaults
[0.287s] Level 1:colcon.colcon_core.package_discovery:discover_packages(path) discover
[0.287s] Level 1:colcon.colcon_core.package_discovery:discover_packages(path) using defaults
[0.333s] Level 1:colcon.colcon_core.package_discovery:discover_packages(prefix_path) check parameters
[0.334s] Level 1:colcon.colcon_core.package_discovery:discover_packages(prefix_path) discover
[0.339s] DEBUG:colcon.colcon_installed_package_information.package_discovery:Found 16 installed packages in /home/ashkreli/turtlebot3_ws/install
[0.340s] DEBUG:colcon.colcon_installed_package_information.package_discovery:Found 0 installed packages in /home/ashkreli/colcon_ws/install
[0.344s] DEBUG:colcon.colcon_installed_package_information.package_discovery:Found 340 installed packages in /opt/ros/foxy
[0.352s] Level 1:colcon.colcon_core.package_discovery:discover_packages(prefix_path) using defaults
[0.502s] Level 5:colcon.colcon_core.verb:set package 'multisim' build argument 'cmake_args' from command line to 'None'
[0.502s] Level 5:colcon.colcon_core.verb:set package 'multisim' build argument 'cmake_target' from command line to 'None'
[0.502s] Level 5:colcon.colcon_core.verb:set package 'multisim' build argument 'cmake_target_skip_unavailable' from command line to 'False'
[0.502s] Level 5:colcon.colcon_core.verb:set package 'multisim' build argument 'cmake_clean_cache' from command line to 'False'
[0.502s] Level 5:colcon.colcon_core.verb:set package 'multisim' build argument 'cmake_clean_first' from command line to 'False'
[0.502s] Level 5:colcon.colcon_core.verb:set package 'multisim' build argument 'cmake_force_configure' from command line to 'False'
[0.502s] Level 5:colcon.colcon_core.verb:set package 'multisim' build argument 'ament_cmake_args' from command line to 'None'
[0.502s] Level 5:colcon.colcon_core.verb:set package 'multisim' build argument 'catkin_cmake_args' from command line to 'None'
[0.502s] Level 5:colcon.colcon_core.verb:set package 'multisim' build argument 'catkin_skip_building_tests' from command line to 'False'
[0.503s] DEBUG:colcon.colcon_core.verb:Building package 'multisim' with the following arguments: {'ament_cmake_args': None, 'build_base': '/home/ashkreli/ros_orientation/tb_lqr_gazebo/build/multisim', 'catkin_cmake_args': None, 'catkin_skip_building_tests': False, 'cmake_args': None, 'cmake_clean_cache': False, 'cmake_clean_first': False, 'cmake_force_configure': False, 'cmake_target': None, 'cmake_target_skip_unavailable': False, 'install_base': '/home/ashkreli/ros_orientation/tb_lqr_gazebo/install/multisim', 'merge_install': False, 'path': '/home/ashkreli/ros_orientation/tb_lqr_gazebo/src/lqr_tracking_one_robot/multisim', 'symlink_install': True, 'test_result_base': None}
[0.503s] INFO:colcon.colcon_core.executor:Executing jobs using 'parallel' executor
[0.506s] DEBUG:colcon.colcon_parallel_executor.executor.parallel:run_until_complete
[0.506s] INFO:colcon.colcon_ros.task.ament_python.build:Building ROS package in '/home/ashkreli/ros_orientation/tb_lqr_gazebo/src/lqr_tracking_one_robot/multisim' with build type 'ament_python'
[0.508s] Level 1:colcon.colcon_core.shell:create_environment_hook('multisim', 'ament_prefix_path')
[0.515s] INFO:colcon.colcon_core.plugin_system:Skipping extension 'colcon_core.shell.bat': Not used on non-Windows systems
[0.516s] INFO:colcon.colcon_core.shell:Creating environment hook '/home/ashkreli/ros_orientation/tb_lqr_gazebo/install/multisim/share/multisim/hook/ament_prefix_path.ps1'
[0.517s] INFO:colcon.colcon_core.shell:Creating environment descriptor '/home/ashkreli/ros_orientation/tb_lqr_gazebo/install/multisim/share/multisim/hook/ament_prefix_path.dsv'
[0.520s] INFO:colcon.colcon_core.shell:Creating environment hook '/home/ashkreli/ros_orientation/tb_lqr_gazebo/install/multisim/share/multisim/hook/ament_prefix_path.sh'
[0.522s] INFO:colcon.colcon_core.shell:Skip shell extension 'powershell' for command environment: Not usable outside of PowerShell
[0.523s] DEBUG:colcon.colcon_core.shell:Skip shell extension 'dsv' for command environment
[1.157s] INFO:colcon.colcon_core.task.python.build:Building Python package in '/home/ashkreli/ros_orientation/tb_lqr_gazebo/src/lqr_tracking_one_robot/multisim'
[1.158s] INFO:colcon.colcon_core.shell:Skip shell extension 'powershell' for command environment: Not usable outside of PowerShell
[1.158s] DEBUG:colcon.colcon_core.shell:Skip shell extension 'dsv' for command environment
[2.442s] DEBUG:colcon.colcon_core.event_handler.log_command:Invoking command in '/home/ashkreli/ros_orientation/tb_lqr_gazebo/build/multisim': PYTHONPATH=/home/ashkreli/ros_orientation/tb_lqr_gazebo/build/multisim/prefix_override:/home/ashkreli/ros_orientation/tb_lqr_gazebo/install/multisim/lib/python3.8/site-packages:${PYTHONPATH} /usr/bin/python3 setup.py develop --editable --build-directory /home/ashkreli/ros_orientation/tb_lqr_gazebo/build/multisim/build --no-deps install_data
[3.496s] Level 1:colcon.colcon_core.shell:create_environment_hook('multisim', 'pythonpath_develop')
[3.497s] INFO:colcon.colcon_core.shell:Creating environment hook '/home/ashkreli/ros_orientation/tb_lqr_gazebo/build/multisim/share/multisim/hook/pythonpath_develop.ps1'
[3.499s] DEBUG:colcon.colcon_core.event_handler.log_command:Invoked command in '/home/ashkreli/ros_orientation/tb_lqr_gazebo/build/multisim' returned '0': PYTHONPATH=/home/ashkreli/ros_orientation/tb_lqr_gazebo/build/multisim/prefix_override:/home/ashkreli/ros_orientation/tb_lqr_gazebo/install/multisim/lib/python3.8/site-packages:${PYTHONPATH} /usr/bin/python3 setup.py develop --editable --build-directory /home/ashkreli/ros_orientation/tb_lqr_gazebo/build/multisim/build --no-deps install_data
[3.499s] INFO:colcon.colcon_core.shell:Creating environment descriptor '/home/ashkreli/ros_orientation/tb_lqr_gazebo/build/multisim/share/multisim/hook/pythonpath_develop.dsv'
[3.500s] INFO:colcon.colcon_core.shell:Creating environment hook '/home/ashkreli/ros_orientation/tb_lqr_gazebo/build/multisim/share/multisim/hook/pythonpath_develop.sh'
[3.509s] Level 1:colcon.colcon_core.environment:checking '/home/ashkreli/ros_orientation/tb_lqr_gazebo/install/multisim' for CMake module files
[3.512s] Level 1:colcon.colcon_core.environment:checking '/home/ashkreli/ros_orientation/tb_lqr_gazebo/install/multisim' for CMake config files
[3.514s] Level 1:colcon.colcon_core.environment:checking '/home/ashkreli/ros_orientation/tb_lqr_gazebo/install/multisim/lib'
[3.515s] Level 1:colcon.colcon_core.environment:checking '/home/ashkreli/ros_orientation/tb_lqr_gazebo/install/multisim/bin'
[3.515s] Level 1:colcon.colcon_core.environment:checking '/home/ashkreli/ros_orientation/tb_lqr_gazebo/install/multisim/lib/pkgconfig/multisim.pc'
[3.515s] Level 1:colcon.colcon_core.environment:checking '/home/ashkreli/ros_orientation/tb_lqr_gazebo/install/multisim/lib/python3.8/site-packages'
[3.515s] Level 1:colcon.colcon_core.shell:create_environment_hook('multisim', 'pythonpath')
[3.516s] INFO:colcon.colcon_core.shell:Creating environment hook '/home/ashkreli/ros_orientation/tb_lqr_gazebo/install/multisim/share/multisim/hook/pythonpath.ps1'
[3.517s] INFO:colcon.colcon_core.shell:Creating environment descriptor '/home/ashkreli/ros_orientation/tb_lqr_gazebo/install/multisim/share/multisim/hook/pythonpath.dsv'
[3.518s] INFO:colcon.colcon_core.shell:Creating environment hook '/home/ashkreli/ros_orientation/tb_lqr_gazebo/install/multisim/share/multisim/hook/pythonpath.sh'
[3.521s] Level 1:colcon.colcon_core.environment:checking '/home/ashkreli/ros_orientation/tb_lqr_gazebo/install/multisim/bin'
[3.523s] Level 1:colcon.colcon_core.environment:create_environment_scripts_only(multisim)
[3.525s] INFO:colcon.colcon_core.shell:Creating package script '/home/ashkreli/ros_orientation/tb_lqr_gazebo/install/multisim/share/multisim/package.ps1'
[3.527s] INFO:colcon.colcon_core.shell:Creating package descriptor '/home/ashkreli/ros_orientation/tb_lqr_gazebo/install/multisim/share/multisim/package.dsv'
[3.529s] INFO:colcon.colcon_core.shell:Creating package script '/home/ashkreli/ros_orientation/tb_lqr_gazebo/install/multisim/share/multisim/package.sh'
[3.530s] INFO:colcon.colcon_core.shell:Creating package script '/home/ashkreli/ros_orientation/tb_lqr_gazebo/install/multisim/share/multisim/package.bash'
[3.534s] INFO:colcon.colcon_core.shell:Creating package script '/home/ashkreli/ros_orientation/tb_lqr_gazebo/install/multisim/share/multisim/package.zsh'
[3.535s] Level 1:colcon.colcon_core.environment:create_file_with_runtime_dependencies(/home/ashkreli/ros_orientation/tb_lqr_gazebo/install/multisim/share/colcon-core/packages/multisim)
[3.536s] DEBUG:colcon.colcon_parallel_executor.executor.parallel:closing loop
[3.537s] DEBUG:colcon.colcon_parallel_executor.executor.parallel:loop closed
[3.537s] DEBUG:colcon.colcon_parallel_executor.executor.parallel:run_until_complete finished with '0'
[3.538s] DEBUG:colcon.colcon_core.event_reactor:joining thread
[3.556s] INFO:colcon.colcon_core.plugin_system:Skipping extension 'colcon_notification.desktop_notification.terminal_notifier': Not used on non-Darwin systems
[3.557s] INFO:colcon.colcon_core.plugin_system:Skipping extension 'colcon_notification.desktop_notification.win32': Not used on non-Windows systems
[3.557s] INFO:colcon.colcon_notification.desktop_notification:Sending desktop notification using 'notify2'
[3.610s] DEBUG:colcon.colcon_core.event_reactor:joined thread
[3.611s] INFO:colcon.colcon_core.shell:Creating prefix script '/home/ashkreli/ros_orientation/tb_lqr_gazebo/install/local_setup.ps1'
[3.613s] INFO:colcon.colcon_core.shell:Creating prefix util module '/home/ashkreli/ros_orientation/tb_lqr_gazebo/install/_local_setup_util_ps1.py'
[3.615s] INFO:colcon.colcon_core.shell:Creating prefix chain script '/home/ashkreli/ros_orientation/tb_lqr_gazebo/install/setup.ps1'
[3.620s] INFO:colcon.colcon_core.shell:Creating prefix script '/home/ashkreli/ros_orientation/tb_lqr_gazebo/install/local_setup.sh'
[3.621s] INFO:colcon.colcon_core.shell:Creating prefix util module '/home/ashkreli/ros_orientation/tb_lqr_gazebo/install/_local_setup_util_sh.py'
[3.623s] INFO:colcon.colcon_core.shell:Creating prefix chain script '/home/ashkreli/ros_orientation/tb_lqr_gazebo/install/setup.sh'
[3.626s] INFO:colcon.colcon_core.shell:Creating prefix script '/home/ashkreli/ros_orientation/tb_lqr_gazebo/install/local_setup.bash'
[3.627s] INFO:colcon.colcon_core.shell:Creating prefix chain script '/home/ashkreli/ros_orientation/tb_lqr_gazebo/install/setup.bash'
[3.630s] INFO:colcon.colcon_core.shell:Creating prefix script '/home/ashkreli/ros_orientation/tb_lqr_gazebo/install/local_setup.zsh'
[3.632s] INFO:colcon.colcon_core.shell:Creating prefix chain script '/home/ashkreli/ros_orientation/tb_lqr_gazebo/install/setup.zsh'
