running develop
running egg_info
creating multisim.egg-info
writing multisim.egg-info/PKG-INFO
writing dependency_links to multisim.egg-info/dependency_links.txt
writing entry points to multisim.egg-info/entry_points.txt
writing requirements to multisim.egg-info/requires.txt
writing top-level names to multisim.egg-info/top_level.txt
writing manifest file 'multisim.egg-info/SOURCES.txt'
reading manifest file 'multisim.egg-info/SOURCES.txt'
writing manifest file 'multisim.egg-info/SOURCES.txt'
running build_ext
Creating /home/ashkreli/ros_orientation/tb_lqr_gazebo/install/multisim/lib/python3.8/site-packages/site.py
Creating /home/ashkreli/ros_orientation/tb_lqr_gazebo/install/multisim/lib/python3.8/site-packages/multisim.egg-link (link to .)
Installing turtle script to /home/ashkreli/ros_orientation/tb_lqr_gazebo/install/multisim/lib/multisim

Installed /home/ashkreli/ros_orientation/tb_lqr_gazebo/build/multisim
running install_data
creating /home/ashkreli/ros_orientation/tb_lqr_gazebo/install/multisim/share/ament_index
creating /home/ashkreli/ros_orientation/tb_lqr_gazebo/install/multisim/share/ament_index/resource_index
creating /home/ashkreli/ros_orientation/tb_lqr_gazebo/install/multisim/share/ament_index/resource_index/packages
copying resource/multisim -> /home/ashkreli/ros_orientation/tb_lqr_gazebo/install/multisim/share/ament_index/resource_index/packages
copying package.xml -> /home/ashkreli/ros_orientation/tb_lqr_gazebo/install/multisim/share/multisim
creating /home/ashkreli/ros_orientation/tb_lqr_gazebo/install/multisim/share/multisim/launch
copying launch/multisim.launch.py -> /home/ashkreli/ros_orientation/tb_lqr_gazebo/install/multisim/share/multisim/launch
creating /home/ashkreli/ros_orientation/tb_lqr_gazebo/install/multisim/share/multisim/config
copying config/turtle_params.yaml -> /home/ashkreli/ros_orientation/tb_lqr_gazebo/install/multisim/share/multisim/config
